/Users/variya/Library/Python/3.9/lib/python/site-packages/urllib3/__init__.py:35: NotOpenSSLWarning: urllib3 v2 only supports OpenSSL 1.1.1+, currently the 'ssl' module is compiled with 'LibreSSL 2.8.3'. See: https://github.com/urllib3/urllib3/issues/3020
  warnings.warn(
2026-02-26 00:38:19,866 - OKXClient - INFO - 模拟盘模式已启用
2026-02-26 00:38:19,866 - OKXClient - INFO - OKX客户端初始化成功
2026-02-26 00:38:21,577 - OKXClient - INFO - 获取ticker成功: ETH/USDT:USDT
2026-02-26 00:38:21,578 - okx_trading.config.settings - INFO - 配置加载成功: /Users/variya/.openclaw/workspace-architect/backtest/eth_config.json
2026-02-26 00:38:21,578 - okx_trading.main - INFO - OKX交易系统初始化 - 模拟模式: False
2026-02-26 00:38:21,578 - okx_trading.main - INFO - 开始初始化系统...
2026-02-26 00:38:21,581 - okx_trading.data.storage - INFO - 数据库初始化完成: data/okx_trading.db
2026-02-26 00:38:21,581 - okx_trading.main - INFO - ✓ 数据存储初始化完成
2026-02-26 00:38:21,582 - OKXClient - INFO - 配置加载成功: /Users/variya/.openclaw/workspace-architect/backtest/eth_config.json
2026-02-26 00:38:21,591 - OKXClient - INFO - OKX客户端初始化成功
2026-02-26 00:38:21,591 - okx_trading.execution.order_executor - INFO - OKX订单执行器初始化成功
2026-02-26 00:38:21,591 - okx_trading.main - INFO - ✓ OKX订单执行器初始化完成
2026-02-26 00:38:21,591 - okx_trading.execution.risk_manager - INFO - 风险管理器初始化完成
2026-02-26 00:38:21,591 - okx_trading.execution.risk_manager - INFO - 单仓限制: 500 USDT
2026-02-26 00:38:21,591 - okx_trading.execution.risk_manager - INFO - 总仓限制: 2000 USDT
2026-02-26 00:38:21,591 - okx_trading.execution.risk_manager - INFO - 止损: 2.0%, 止盈: 5.0%
2026-02-26 00:38:21,591 - okx_trading.main - INFO - ✓ 风险管理器初始化完成
2026-02-26 00:38:21,591 - okx_trading.monitor.monitor - INFO - 监控器初始化完成
2026-02-26 00:38:21,591 - okx_trading.monitor.monitor - INFO - 监控器初始化成功
2026-02-26 00:38:21,591 - okx_trading.main - INFO - ✓ 监控器初始化完成
2026-02-26 00:38:21,591 - okx_trading.strategy.base - INFO - 策略初始化: GridStrategy
2026-02-26 00:38:21,592 - okx_trading.strategy.grid - INFO - 网格策略初始化: ETH/USDT:USDT
2026-02-26 00:38:21,592 - okx_trading.strategy.grid - INFO - 价格区间: 1999.4245 - 2323.6555
2026-02-26 00:38:21,592 - okx_trading.strategy.grid - INFO - 网格数量: 8, 单格金额: 1000.0 USDT
2026-02-26 00:38:21,592 - okx_trading.strategy.grid - INFO - 突破阈值: ±10.0%, 扩展比例: ±5.0%
2026-02-26 00:38:21,592 - okx_trading.strategy.grid - INFO - 网格策略初始化成功
2026-02-26 00:38:21,592 - okx_trading.strategy.grid - INFO - 单网格利润: 2.0270%
2026-02-26 00:38:21,592 - okx_trading.main - INFO - ✓ 策略初始化完成
2026-02-26 00:38:21,600 - okx_trading.data.collector - INFO - CCXT交易所实例初始化成功
2026-02-26 00:38:21,600 - okx_trading.data.collector - INFO - 数据采集器初始化完成
2026-02-26 00:38:21,600 - okx_trading.main - INFO - ✓ 数据采集器初始化完成
2026-02-26 00:38:21,600 - okx_trading.main - INFO - 系统初始化完成
2026-02-26 00:38:21,607 - OKXClient - INFO - 模拟盘模式已启用
2026-02-26 00:38:21,607 - OKXClient - INFO - OKX客户端初始化成功
2026-02-26 00:38:21,607 - okx_trading.execution.order_executor - INFO - OKX订单执行器初始化成功
