/Users/variya/Library/Python/3.9/lib/python/site-packages/urllib3/__init__.py:35: NotOpenSSLWarning: urllib3 v2 only supports OpenSSL 1.1.1+, currently the 'ssl' module is compiled with 'LibreSSL 2.8.3'. See: https://github.com/urllib3/urllib3/issues/3020
  warnings.warn(
🦞 知乎量化策略系统性研究...
============================================================

✅ 加载了 33 个策略

📁 研究计划已保存: /Users/variya/.openclaw/workspace/research/strategies/zhihu_strategies_plan_20260227_005139.md
📁 完整策略清单已保存: /Users/variya/.openclaw/workspace/research/strategies/zhihu_strategies_complete_20260227_005139.json
📁 策略详细报告已保存到: /Users/variya/.openclaw/workspace/research/strategies/reports

============================================================
# 🦞 知乎量化策略系统性研究计划

**总策略数**: 33

**研究时间**: 开始立即

## 📊 按类别统计

- **Trend**: 5 个策略
  🔥 双均线策略
  ⚡ 三重均线策略
  🔥 MACD策略
  ⚡ 抛物线SAR
  ⚡ ADX趋势策略
- **Mean_Reversion**: 5 个策略
  🔥 布林带策略
  🔥 RSI策略
  ⚡ 随机震荡指标 (KDJ)
  ⚡ 威廉指标
  ⚡ CCI商品通道指数
- **Volatility**: 3 个策略
  ⚡ ATR通道策略
  ⚡ 布林带宽度策略
  ⚡ 波动率突破
- **Momentum**: 3 个策略
  ⚡ 相对强度策略
  ⚡ ROC变化率策略
  ⚡ 多周期动量
- **Pattern**: 3 个策略
  📚 头肩顶/底策略
  📚 双顶/双底策略
  📚 三角形整理策略
- **Arbitrage**: 4 个策略
  🔥 期现套利
  ⚡ 跨期套利
  ⚡ 统计套利
  ⚡ 配对交易
- **ML**: 4 个策略
  ⚡ LSTM价格预测
  ⚡ XGBoost分类
  ⚡ 随机森林因子选择
  📚 强化学习PPO
- **Factor**: 3 个策略
  🔥 多因子选币策略
  🔥 情绪因子策略
  🔥 链上数据策略
- **Composite**: 2 个策略
  🔥 GridTrendFilterV3
  🔥 动态网格策略
- **Portfolio**: 1 个策略
  🔥 多币种组合策略

## 🎯 按优先级统计

- **高优先级** 🔥: 11 个
- **中优先级** ⚡: 18 个
- **低优先级** 📚: 4 个

## 📅 研究时间表

### Week 1: 高优先级策略（立即开始）

- [ ] 双均线策略

- [ ] MACD策略

- [ ] 布林带策略

- [ ] RSI策略

- [ ] 期现套利

- [ ] 多因子选币策略

- [ ] 情绪因子策略

- [ ] 链上数据策略

- [ ] GridTrendFilterV3

- [ ] 动态网格策略

- [ ] 多币种组合策略


### Week 2: 中优先级策略 A组

- [ ] 三重均线策略

- [ ] 抛物线SAR

- [ ] ADX趋势策略

- [ ] 随机震荡指标 (KDJ)

- [ ] 威廉指标

- [ ] CCI商品通道指数

- [ ] ATR通道策略

- [ ] 布林带宽度策略

- [ ] 波动率突破

- [ ] 相对强度策略


### Week 3: 中优先级策略 B组

- [ ] ROC变化率策略

- [ ] 多周期动量

- [ ] 跨期套利

- [ ] 统计套利

- [ ] 配对交易

- [ ] LSTM价格预测

- [ ] XGBoost分类

- [ ] 随机森林因子选择


### Week 4+: 低优先级策略

- [ ] 头肩顶/底策略

- [ ] 双顶/双底策略

- [ ] 三角形整理策略

- [ ] 强化学习PPO


## 📝 每日研究计划

每个周期策略需要完成以下步骤：

1. ✅ 策略逻辑理解和实现
2. ✅ 参数优化（网格搜索）
3. ✅ 历史回测（至少1年数据）
4. ✅ 走样外测试(Walk-Forward)
5. ✅ 风险评估（最大回撤、夏普）
6. ✅ Gate Review评审
============================================================
