{"timestamp": "2026-04-29T23:35:38.586095", "level": "INFO", "logger": "a_stock_advisor.pipeline.quality_manager", "message": "步骤 data_update 质量检查: warning (等级: good)", "module": "quality_gate", "function": "check_step", "line": 689}
{"timestamp": "2026-04-29T23:35:38.586272", "level": "WARNING", "logger": "a_stock_advisor.pipeline.quality_manager", "message": "  警告: 部分指标未达标", "module": "quality_gate", "function": "check_step", "line": 700}
{"timestamp": "2026-04-29T23:35:51.969893", "level": "INFO", "logger": "a_stock_advisor.pipeline.quality_manager", "message": "步骤 factor_calculation 质量检查: warning (等级: good)", "module": "quality_gate", "function": "check_step", "line": 689}
{"timestamp": "2026-04-29T23:35:51.970837", "level": "WARNING", "logger": "a_stock_advisor.pipeline.quality_manager", "message": "  警告: 部分指标未达标", "module": "quality_gate", "function": "check_step", "line": 700}
{"timestamp": "2026-04-29T23:35:52.614649", "level": "INFO", "logger": "a_stock_advisor.strategy.alpha_generator", "message": "使用预先计算的因子组合: 32 个因子", "module": "alpha_generator", "function": "generate", "line": 175}
{"timestamp": "2026-04-29T23:35:52.771615", "level": "INFO", "logger": "a_stock_advisor.pipeline.quality_manager", "message": "步骤 alpha_generation 质量检查: warning (等级: good)", "module": "quality_gate", "function": "check_step", "line": 689}
{"timestamp": "2026-04-29T23:35:52.771702", "level": "WARNING", "logger": "a_stock_advisor.pipeline.quality_manager", "message": "  警告: 部分指标未达标", "module": "quality_gate", "function": "check_step", "line": 700}
{"timestamp": "2026-04-29T23:36:15.366256", "level": "INFO", "logger": "a_stock_advisor.pipeline.quality_manager", "message": "步骤 backtest 质量检查: pass (等级: excellent)", "module": "quality_gate", "function": "check_step", "line": 689}
{"timestamp": "2026-04-29T23:36:15.366848", "level": "INFO", "logger": "a_stock_advisor.pipeline.quality_manager", "message": "步骤 portfolio_optimization 质量检查: warning (等级: good)", "module": "quality_gate", "function": "check_step", "line": 689}
{"timestamp": "2026-04-29T23:36:15.366902", "level": "WARNING", "logger": "a_stock_advisor.pipeline.quality_manager", "message": "  警告: 部分指标未达标", "module": "quality_gate", "function": "check_step", "line": 700}
{"timestamp": "2026-04-29T23:36:15.370231", "level": "INFO", "logger": "a_stock_advisor.pipeline.quality_manager", "message": "步骤 risk_check 质量检查: warning (等级: acceptable)", "module": "quality_gate", "function": "check_step", "line": 689}
{"timestamp": "2026-04-29T23:36:15.370302", "level": "WARNING", "logger": "a_stock_advisor.pipeline.quality_manager", "message": "  警告: 多项指标未达标", "module": "quality_gate", "function": "check_step", "line": 700}
{"timestamp": "2026-04-29T23:36:41.047621", "level": "INFO", "logger": "a_stock_advisor.daily.report_generator", "message": "开始生成日报: 2026-04-29", "module": "report_generator", "function": "generate", "line": 215}
{"timestamp": "2026-04-29T23:36:52.345508", "level": "INFO", "logger": "a_stock_advisor.daily.report_generator", "message": "日报生成完成: ./data/reports/daily/daily_report_2026-04-29.md", "module": "report_generator", "function": "generate", "line": 243}
{"timestamp": "2026-04-29T23:36:52.348447", "level": "INFO", "logger": "a_stock_advisor.daily.notifier", "message": "开始日报推送", "module": "notifier", "function": "notify", "line": 205}
{"timestamp": "2026-04-29T23:36:52.348539", "level": "WARNING", "logger": "a_stock_advisor.daily.notifier", "message": "已跳过前置检查，这可能存在风险", "module": "notifier", "function": "notify", "line": 271}
{"timestamp": "2026-04-29T23:36:53.100897", "level": "INFO", "logger": "a_stock_advisor.daily.notifier", "message": "Webhook推送成功", "module": "notifier", "function": "_send_webhook", "line": 757}
{"timestamp": "2026-04-29T23:36:53.103286", "level": "INFO", "logger": "a_stock_advisor.daily.notifier", "message": "日报推送成功", "module": "notifier", "function": "notify", "line": 290}
{"timestamp": "2026-04-29T23:58:17.697987", "level": "INFO", "logger": "a_stock_advisor.daily.report_generator", "message": "开始生成日报: 2026-04-29", "module": "report_generator", "function": "generate", "line": 215}
{"timestamp": "2026-04-29T23:58:23.435637", "level": "INFO", "logger": "a_stock_advisor.daily.report_generator", "message": "日报生成完成: ./data/reports/daily/daily_report_2026-04-29_235823.md", "module": "report_generator", "function": "generate", "line": 243}
