🚀 执行模式：将实际删除文件
============================================================
🧹 系统垃圾清理工具
时间: 2026-03-01 05:00:01
============================================================

🔍 扫描已删除的会话文件...
   找到 104 个已删除会话文件

🔍 扫描监控日志文件...
   ✅ 没有旧日志文件需要清理

🔍 扫描旧备份配置...
   ✅ 没有需要清理的备份

🔍 扫描过时文档...
   找到 1 个过时文档
   ✅ 归档: DECISION_CHECKLIST.md (1.9 KB)

🔍 扫描旧任务文件...
   ✅ 没有找到旧任务文件

============================================================
📊 清理统计
============================================================
   ✅ 删除会话文件: 0 个
   ✅ 删除日志文件: 0 个
   ✅ 删除备份文件: 0 个
   📦 归档文档: 1 个 (1.9 KB)

   💾 备份位置: /Users/variya/.openclaw/workspace/.commander/cleanup_backups
   📦 归档位置: /Users/variya/.openclaw/workspace/archive
============================================================
