⏰ 任务超时处理器启动
============================================================
💾 任务状态已备份: /Users/variya/.openclaw/workspace/.commander/task_state_backups/TASK_STATE_20260228_202000.json
⚠️ 任务状态中没有activeTasks数据
✅ 无活跃任务，退出
⏰ 任务超时处理器启动
============================================================
💾 任务状态已备份: /Users/variya/.openclaw/workspace/.commander/task_state_backups/TASK_STATE_20260228_203000.json
⚠️ 任务状态中没有activeTasks数据
✅ 无活跃任务，退出
⏰ 任务超时处理器启动
============================================================
💾 任务状态已备份: /Users/variya/.openclaw/workspace/.commander/task_state_backups/TASK_STATE_20260228_204000.json
⚠️ 任务状态中没有activeTasks数据
✅ 无活跃任务，退出
⏰ 任务超时处理器启动
============================================================
💾 任务状态已备份: /Users/variya/.openclaw/workspace/.commander/task_state_backups/TASK_STATE_20260228_205001.json
⚠️ 任务状态中没有activeTasks数据
✅ 无活跃任务，退出
⏰ 任务超时处理器启动
============================================================
💾 任务状态已备份: /Users/variya/.openclaw/workspace/.commander/task_state_backups/TASK_STATE_20260228_210000.json
⚠️ 任务状态中没有activeTasks数据
✅ 无活跃任务，退出
⏰ 任务超时处理器启动
============================================================
💾 任务状态已备份: /Users/variya/.openclaw/workspace/.commander/task_state_backups/TASK_STATE_20260228_211000.json
⚠️ 任务状态中没有activeTasks数据
✅ 无活跃任务，退出
⏰ 任务超时处理器启动
============================================================
💾 任务状态已备份: /Users/variya/.openclaw/workspace/.commander/task_state_backups/TASK_STATE_20260228_212000.json
⚠️ 任务状态中没有activeTasks数据
✅ 无活跃任务，退出
⏰ 任务超时处理器启动
============================================================
💾 任务状态已备份: /Users/variya/.openclaw/workspace/.commander/task_state_backups/TASK_STATE_20260228_213000.json
⚠️ 任务状态中没有activeTasks数据
✅ 无活跃任务，退出
⏰ 任务超时处理器启动
============================================================
💾 任务状态已备份: /Users/variya/.openclaw/workspace/.commander/task_state_backups/TASK_STATE_20260228_214001.json
⚠️ 任务状态中没有activeTasks数据
✅ 无活跃任务，退出
⏰ 任务超时处理器启动
============================================================
💾 任务状态已备份: /Users/variya/.openclaw/workspace/.commander/task_state_backups/TASK_STATE_20260228_215001.json
⚠️ 任务状态中没有activeTasks数据
✅ 无活跃任务，退出
⏰ 任务超时处理器启动
============================================================
💾 任务状态已备份: /Users/variya/.openclaw/workspace/.commander/task_state_backups/TASK_STATE_20260228_220001.json
⚠️ 任务状态中没有activeTasks数据
✅ 无活跃任务，退出
⏰ 任务超时处理器启动
============================================================
💾 任务状态已备份: /Users/variya/.openclaw/workspace/.commander/task_state_backups/TASK_STATE_20260228_221000.json
⚠️ 任务状态中没有activeTasks数据
✅ 无活跃任务，退出
⏰ 任务超时处理器启动
============================================================
💾 任务状态已备份: /Users/variya/.openclaw/workspace/.commander/task_state_backups/TASK_STATE_20260228_222000.json
⚠️ 任务状态中没有activeTasks数据
✅ 无活跃任务，退出
⏰ 任务超时处理器启动
============================================================
💾 任务状态已备份: /Users/variya/.openclaw/workspace/.commander/task_state_backups/TASK_STATE_20260228_223000.json
⚠️ 任务状态中没有activeTasks数据
✅ 无活跃任务，退出
⏰ 任务超时处理器启动
============================================================
💾 任务状态已备份: /Users/variya/.openclaw/workspace/.commander/task_state_backups/TASK_STATE_20260228_224000.json
⚠️ 任务状态中没有activeTasks数据
✅ 无活跃任务，退出
⏰ 任务超时处理器启动
============================================================
💾 任务状态已备份: /Users/variya/.openclaw/workspace/.commander/task_state_backups/TASK_STATE_20260228_225001.json
⚠️ 任务状态中没有activeTasks数据
✅ 无活跃任务，退出
⏰ 任务超时处理器启动
============================================================
💾 任务状态已备份: /Users/variya/.openclaw/workspace/.commander/task_state_backups/TASK_STATE_20260228_230001.json
⚠️ 任务状态中没有activeTasks数据
✅ 无活跃任务，退出
⏰ 任务超时处理器启动
============================================================
💾 任务状态已备份: /Users/variya/.openclaw/workspace/.commander/task_state_backups/TASK_STATE_20260228_231001.json
⚠️ 任务状态中没有activeTasks数据
✅ 无活跃任务，退出
⏰ 任务超时处理器启动
============================================================
💾 任务状态已备份: /Users/variya/.openclaw/workspace/.commander/task_state_backups/TASK_STATE_20260228_232000.json
⚠️ 任务状态中没有activeTasks数据
✅ 无活跃任务，退出
⏰ 任务超时处理器启动
============================================================
💾 任务状态已备份: /Users/variya/.openclaw/workspace/.commander/task_state_backups/TASK_STATE_20260228_233000.json
⚠️ 任务状态中没有activeTasks数据
✅ 无活跃任务，退出
⏰ 任务超时处理器启动
============================================================
💾 任务状态已备份: /Users/variya/.openclaw/workspace/.commander/task_state_backups/TASK_STATE_20260228_234001.json
⚠️ 任务状态中没有activeTasks数据
✅ 无活跃任务，退出
⏰ 任务超时处理器启动
============================================================
💾 任务状态已备份: /Users/variya/.openclaw/workspace/.commander/task_state_backups/TASK_STATE_20260228_235000.json
⚠️ 任务状态中没有activeTasks数据
✅ 无活跃任务，退出
⏰ 任务超时处理器启动
============================================================
💾 任务状态已备份: /Users/variya/.openclaw/workspace/.commander/task_state_backups/TASK_STATE_20260301_000000.json
⚠️ 任务状态中没有activeTasks数据
✅ 无活跃任务，退出
⏰ 任务超时处理器启动
============================================================
💾 任务状态已备份: /Users/variya/.openclaw/workspace/.commander/task_state_backups/TASK_STATE_20260301_001000.json
⚠️ 任务状态中没有activeTasks数据
✅ 无活跃任务，退出
⏰ 任务超时处理器启动
============================================================
💾 任务状态已备份: /Users/variya/.openclaw/workspace/.commander/task_state_backups/TASK_STATE_20260301_002000.json
⚠️ 任务状态中没有activeTasks数据
✅ 无活跃任务，退出
⏰ 任务超时处理器启动
============================================================
💾 任务状态已备份: /Users/variya/.openclaw/workspace/.commander/task_state_backups/TASK_STATE_20260301_003000.json
⚠️ 任务状态中没有activeTasks数据
✅ 无活跃任务，退出
⏰ 任务超时处理器启动
============================================================
💾 任务状态已备份: /Users/variya/.openclaw/workspace/.commander/task_state_backups/TASK_STATE_20260301_004000.json
⚠️ 任务状态中没有activeTasks数据
✅ 无活跃任务，退出
⏰ 任务超时处理器启动
============================================================
💾 任务状态已备份: /Users/variya/.openclaw/workspace/.commander/task_state_backups/TASK_STATE_20260301_005000.json
⚠️ 任务状态中没有activeTasks数据
✅ 无活跃任务，退出
⏰ 任务超时处理器启动
============================================================
💾 任务状态已备份: /Users/variya/.openclaw/workspace/.commander/task_state_backups/TASK_STATE_20260301_010000.json
⚠️ 任务状态中没有activeTasks数据
✅ 无活跃任务，退出
⏰ 任务超时处理器启动
============================================================
💾 任务状态已备份: /Users/variya/.openclaw/workspace/.commander/task_state_backups/TASK_STATE_20260301_011000.json
⚠️ 任务状态中没有activeTasks数据
✅ 无活跃任务，退出
⏰ 任务超时处理器启动
============================================================
💾 任务状态已备份: /Users/variya/.openclaw/workspace/.commander/task_state_backups/TASK_STATE_20260301_012001.json
⚠️ 任务状态中没有activeTasks数据
✅ 无活跃任务，退出
⏰ 任务超时处理器启动
============================================================
💾 任务状态已备份: /Users/variya/.openclaw/workspace/.commander/task_state_backups/TASK_STATE_20260301_013000.json
⚠️ 任务状态中没有activeTasks数据
✅ 无活跃任务，退出
⏰ 任务超时处理器启动
============================================================
💾 任务状态已备份: /Users/variya/.openclaw/workspace/.commander/task_state_backups/TASK_STATE_20260301_014001.json
⚠️ 任务状态中没有activeTasks数据
✅ 无活跃任务，退出
⏰ 任务超时处理器启动
============================================================
💾 任务状态已备份: /Users/variya/.openclaw/workspace/.commander/task_state_backups/TASK_STATE_20260301_015000.json
⚠️ 任务状态中没有activeTasks数据
✅ 无活跃任务，退出
⏰ 任务超时处理器启动
============================================================
💾 任务状态已备份: /Users/variya/.openclaw/workspace/.commander/task_state_backups/TASK_STATE_20260301_020000.json
⚠️ 任务状态中没有activeTasks数据
✅ 无活跃任务，退出
⏰ 任务超时处理器启动
============================================================
💾 任务状态已备份: /Users/variya/.openclaw/workspace/.commander/task_state_backups/TASK_STATE_20260301_021001.json
⚠️ 任务状态中没有activeTasks数据
✅ 无活跃任务，退出
⏰ 任务超时处理器启动
============================================================
💾 任务状态已备份: /Users/variya/.openclaw/workspace/.commander/task_state_backups/TASK_STATE_20260301_022001.json
⚠️ 任务状态中没有activeTasks数据
✅ 无活跃任务，退出
⏰ 任务超时处理器启动
============================================================
💾 任务状态已备份: /Users/variya/.openclaw/workspace/.commander/task_state_backups/TASK_STATE_20260301_023000.json
⚠️ 任务状态中没有activeTasks数据
✅ 无活跃任务，退出
⏰ 任务超时处理器启动
============================================================
💾 任务状态已备份: /Users/variya/.openclaw/workspace/.commander/task_state_backups/TASK_STATE_20260301_024000.json
⚠️ 任务状态中没有activeTasks数据
✅ 无活跃任务，退出
⏰ 任务超时处理器启动
============================================================
💾 任务状态已备份: /Users/variya/.openclaw/workspace/.commander/task_state_backups/TASK_STATE_20260301_025000.json
⚠️ 任务状态中没有activeTasks数据
✅ 无活跃任务，退出
⏰ 任务超时处理器启动
============================================================
💾 任务状态已备份: /Users/variya/.openclaw/workspace/.commander/task_state_backups/TASK_STATE_20260301_030001.json
⚠️ 任务状态中没有activeTasks数据
✅ 无活跃任务，退出
⏰ 任务超时处理器启动
============================================================
💾 任务状态已备份: /Users/variya/.openclaw/workspace/.commander/task_state_backups/TASK_STATE_20260301_031000.json
⚠️ 任务状态中没有activeTasks数据
✅ 无活跃任务，退出
⏰ 任务超时处理器启动
============================================================
💾 任务状态已备份: /Users/variya/.openclaw/workspace/.commander/task_state_backups/TASK_STATE_20260301_032000.json
⚠️ 任务状态中没有activeTasks数据
✅ 无活跃任务，退出
⏰ 任务超时处理器启动
============================================================
💾 任务状态已备份: /Users/variya/.openclaw/workspace/.commander/task_state_backups/TASK_STATE_20260301_033000.json
⚠️ 任务状态中没有activeTasks数据
✅ 无活跃任务，退出
⏰ 任务超时处理器启动
============================================================
💾 任务状态已备份: /Users/variya/.openclaw/workspace/.commander/task_state_backups/TASK_STATE_20260301_034000.json
⚠️ 任务状态中没有activeTasks数据
✅ 无活跃任务，退出
⏰ 任务超时处理器启动
============================================================
💾 任务状态已备份: /Users/variya/.openclaw/workspace/.commander/task_state_backups/TASK_STATE_20260301_035000.json
⚠️ 任务状态中没有activeTasks数据
✅ 无活跃任务，退出
⏰ 任务超时处理器启动
============================================================
💾 任务状态已备份: /Users/variya/.openclaw/workspace/.commander/task_state_backups/TASK_STATE_20260301_040000.json
⚠️ 任务状态中没有activeTasks数据
✅ 无活跃任务，退出
⏰ 任务超时处理器启动
============================================================
💾 任务状态已备份: /Users/variya/.openclaw/workspace/.commander/task_state_backups/TASK_STATE_20260301_041001.json
⚠️ 任务状态中没有activeTasks数据
✅ 无活跃任务，退出
⏰ 任务超时处理器启动
============================================================
💾 任务状态已备份: /Users/variya/.openclaw/workspace/.commander/task_state_backups/TASK_STATE_20260301_042000.json
⚠️ 任务状态中没有activeTasks数据
✅ 无活跃任务，退出
⏰ 任务超时处理器启动
============================================================
💾 任务状态已备份: /Users/variya/.openclaw/workspace/.commander/task_state_backups/TASK_STATE_20260301_043000.json
⚠️ 任务状态中没有activeTasks数据
✅ 无活跃任务，退出
⏰ 任务超时处理器启动
============================================================
💾 任务状态已备份: /Users/variya/.openclaw/workspace/.commander/task_state_backups/TASK_STATE_20260301_044000.json
⚠️ 任务状态中没有activeTasks数据
✅ 无活跃任务，退出
⏰ 任务超时处理器启动
============================================================
💾 任务状态已备份: /Users/variya/.openclaw/workspace/.commander/task_state_backups/TASK_STATE_20260301_045000.json
⚠️ 任务状态中没有activeTasks数据
✅ 无活跃任务，退出
⏰ 任务超时处理器启动
============================================================
💾 任务状态已备份: /Users/variya/.openclaw/workspace/.commander/task_state_backups/TASK_STATE_20260301_050001.json
⚠️ 任务状态中没有activeTasks数据
✅ 无活跃任务，退出
⏰ 任务超时处理器启动
============================================================
💾 任务状态已备份: /Users/variya/.openclaw/workspace/.commander/task_state_backups/TASK_STATE_20260301_051000.json
⚠️ 任务状态中没有activeTasks数据
✅ 无活跃任务，退出
⏰ 任务超时处理器启动
============================================================
💾 任务状态已备份: /Users/variya/.openclaw/workspace/.commander/task_state_backups/TASK_STATE_20260301_052000.json
⚠️ 任务状态中没有activeTasks数据
✅ 无活跃任务，退出
⏰ 任务超时处理器启动
============================================================
💾 任务状态已备份: /Users/variya/.openclaw/workspace/.commander/task_state_backups/TASK_STATE_20260301_053000.json
⚠️ 任务状态中没有activeTasks数据
✅ 无活跃任务，退出
⏰ 任务超时处理器启动
============================================================
💾 任务状态已备份: /Users/variya/.openclaw/workspace/.commander/task_state_backups/TASK_STATE_20260301_054000.json
⚠️ 任务状态中没有activeTasks数据
✅ 无活跃任务，退出
⏰ 任务超时处理器启动
============================================================
💾 任务状态已备份: /Users/variya/.openclaw/workspace/.commander/task_state_backups/TASK_STATE_20260301_055001.json
⚠️ 任务状态中没有activeTasks数据
✅ 无活跃任务，退出
⏰ 任务超时处理器启动
============================================================
💾 任务状态已备份: /Users/variya/.openclaw/workspace/.commander/task_state_backups/TASK_STATE_20260301_060000.json
⚠️ 任务状态中没有activeTasks数据
✅ 无活跃任务，退出
⏰ 任务超时处理器启动
============================================================
💾 任务状态已备份: /Users/variya/.openclaw/workspace/.commander/task_state_backups/TASK_STATE_20260301_061000.json
⚠️ 任务状态中没有activeTasks数据
✅ 无活跃任务，退出
⏰ 任务超时处理器启动
============================================================
💾 任务状态已备份: /Users/variya/.openclaw/workspace/.commander/task_state_backups/TASK_STATE_20260301_062000.json
⚠️ 任务状态中没有activeTasks数据
✅ 无活跃任务，退出
⏰ 任务超时处理器启动
============================================================
💾 任务状态已备份: /Users/variya/.openclaw/workspace/.commander/task_state_backups/TASK_STATE_20260301_063001.json
⚠️ 任务状态中没有activeTasks数据
✅ 无活跃任务，退出
⏰ 任务超时处理器启动
============================================================
💾 任务状态已备份: /Users/variya/.openclaw/workspace/.commander/task_state_backups/TASK_STATE_20260301_064000.json
⚠️ 任务状态中没有activeTasks数据
✅ 无活跃任务，退出
⏰ 任务超时处理器启动
============================================================
💾 任务状态已备份: /Users/variya/.openclaw/workspace/.commander/task_state_backups/TASK_STATE_20260301_073105.json
⚠️ 任务状态中没有activeTasks数据
✅ 无活跃任务，退出
⏰ 任务超时处理器启动
============================================================
💾 任务状态已备份: /Users/variya/.openclaw/workspace/.commander/task_state_backups/TASK_STATE_20260301_081029.json
⚠️ 任务状态中没有activeTasks数据
✅ 无活跃任务，退出
⏰ 任务超时处理器启动
============================================================
💾 任务状态已备份: /Users/variya/.openclaw/workspace/.commander/task_state_backups/TASK_STATE_20260301_094950.json
⚠️ 任务状态中没有activeTasks数据
✅ 无活跃任务，退出
⏰ 任务超时处理器启动
============================================================
💾 任务状态已备份: /Users/variya/.openclaw/workspace/.commander/task_state_backups/TASK_STATE_20260301_095000.json
⚠️ 任务状态中没有activeTasks数据
✅ 无活跃任务，退出
⏰ 任务超时处理器启动
============================================================
💾 任务状态已备份: /Users/variya/.openclaw/workspace/.commander/task_state_backups/TASK_STATE_20260301_105055.json
⚠️ 任务状态中没有activeTasks数据
✅ 无活跃任务，退出
⏰ 任务超时处理器启动
============================================================
💾 任务状态已备份: /Users/variya/.openclaw/workspace/.commander/task_state_backups/TASK_STATE_20260301_135000.json
⚠️ 任务状态中没有activeTasks数据
✅ 无活跃任务，退出
⏰ 任务超时处理器启动
============================================================
💾 任务状态已备份: /Users/variya/.openclaw/workspace/.commander/task_state_backups/TASK_STATE_20260301_145158.json
⚠️ 任务状态中没有activeTasks数据
✅ 无活跃任务，退出
⏰ 任务超时处理器启动
============================================================
💾 任务状态已备份: /Users/variya/.openclaw/workspace/.commander/task_state_backups/TASK_STATE_20260301_150001.json
⚠️ 任务状态中没有activeTasks数据
✅ 无活跃任务，退出
⏰ 任务超时处理器启动
============================================================
💾 任务状态已备份: /Users/variya/.openclaw/workspace/.commander/task_state_backups/TASK_STATE_20260301_151000.json
⚠️ 任务状态中没有activeTasks数据
✅ 无活跃任务，退出
⏰ 任务超时处理器启动
============================================================
💾 任务状态已备份: /Users/variya/.openclaw/workspace/.commander/task_state_backups/TASK_STATE_20260301_152001.json
⚠️ 任务状态中没有activeTasks数据
✅ 无活跃任务，退出
⏰ 任务超时处理器启动
============================================================
💾 任务状态已备份: /Users/variya/.openclaw/workspace/.commander/task_state_backups/TASK_STATE_20260301_153000.json
⚠️ 任务状态中没有activeTasks数据
✅ 无活跃任务，退出
⏰ 任务超时处理器启动
============================================================
💾 任务状态已备份: /Users/variya/.openclaw/workspace/.commander/task_state_backups/TASK_STATE_20260301_154001.json
⚠️ 任务状态中没有activeTasks数据
✅ 无活跃任务，退出
⏰ 任务超时处理器启动
============================================================
💾 任务状态已备份: /Users/variya/.openclaw/workspace/.commander/task_state_backups/TASK_STATE_20260301_155000.json
⚠️ 任务状态中没有activeTasks数据
✅ 无活跃任务，退出
⏰ 任务超时处理器启动
============================================================
💾 任务状态已备份: /Users/variya/.openclaw/workspace/.commander/task_state_backups/TASK_STATE_20260301_160000.json
⚠️ 任务状态中没有activeTasks数据
✅ 无活跃任务，退出
⏰ 任务超时处理器启动
============================================================
💾 任务状态已备份: /Users/variya/.openclaw/workspace/.commander/task_state_backups/TASK_STATE_20260301_161000.json
⚠️ 任务状态中没有activeTasks数据
✅ 无活跃任务，退出
⏰ 任务超时处理器启动
============================================================
💾 任务状态已备份: /Users/variya/.openclaw/workspace/.commander/task_state_backups/TASK_STATE_20260301_162001.json
⚠️ 任务状态中没有activeTasks数据
✅ 无活跃任务，退出
⏰ 任务超时处理器启动
============================================================
💾 任务状态已备份: /Users/variya/.openclaw/workspace/.commander/task_state_backups/TASK_STATE_20260301_163000.json
⚠️ 任务状态中没有activeTasks数据
✅ 无活跃任务，退出
⏰ 任务超时处理器启动
============================================================
💾 任务状态已备份: /Users/variya/.openclaw/workspace/.commander/task_state_backups/TASK_STATE_20260301_164000.json
⚠️ 任务状态中没有activeTasks数据
✅ 无活跃任务，退出
⏰ 任务超时处理器启动
============================================================
💾 任务状态已备份: /Users/variya/.openclaw/workspace/.commander/task_state_backups/TASK_STATE_20260301_165001.json
⚠️ 任务状态中没有activeTasks数据
✅ 无活跃任务，退出
⏰ 任务超时处理器启动
============================================================
💾 任务状态已备份: /Users/variya/.openclaw/workspace/.commander/task_state_backups/TASK_STATE_20260301_170000.json
⚠️ 任务状态中没有activeTasks数据
✅ 无活跃任务，退出
⏰ 任务超时处理器启动
============================================================
💾 任务状态已备份: /Users/variya/.openclaw/workspace/.commander/task_state_backups/TASK_STATE_20260301_171000.json
⚠️ 任务状态中没有activeTasks数据
✅ 无活跃任务，退出
⏰ 任务超时处理器启动
============================================================
💾 任务状态已备份: /Users/variya/.openclaw/workspace/.commander/task_state_backups/TASK_STATE_20260301_172000.json
⚠️ 任务状态中没有activeTasks数据
✅ 无活跃任务，退出
⏰ 任务超时处理器启动
============================================================
💾 任务状态已备份: /Users/variya/.openclaw/workspace/.commander/task_state_backups/TASK_STATE_20260301_173000.json
⚠️ 任务状态中没有activeTasks数据
✅ 无活跃任务，退出
⏰ 任务超时处理器启动
============================================================
💾 任务状态已备份: /Users/variya/.openclaw/workspace/.commander/task_state_backups/TASK_STATE_20260301_174000.json
⚠️ 任务状态中没有activeTasks数据
✅ 无活跃任务，退出
⏰ 任务超时处理器启动
============================================================
💾 任务状态已备份: /Users/variya/.openclaw/workspace/.commander/task_state_backups/TASK_STATE_20260301_175001.json
⚠️ 任务状态中没有activeTasks数据
✅ 无活跃任务，退出
⏰ 任务超时处理器启动
============================================================
💾 任务状态已备份: /Users/variya/.openclaw/workspace/.commander/task_state_backups/TASK_STATE_20260301_180000.json
⚠️ 任务状态中没有activeTasks数据
✅ 无活跃任务，退出
⏰ 任务超时处理器启动
============================================================
💾 任务状态已备份: /Users/variya/.openclaw/workspace/.commander/task_state_backups/TASK_STATE_20260301_181000.json
⚠️ 任务状态中没有activeTasks数据
✅ 无活跃任务，退出
⏰ 任务超时处理器启动
============================================================
💾 任务状态已备份: /Users/variya/.openclaw/workspace/.commander/task_state_backups/TASK_STATE_20260301_182543.json
⚠️ 任务状态中没有activeTasks数据
✅ 无活跃任务，退出
⏰ 任务超时处理器启动
============================================================
💾 任务状态已备份: /Users/variya/.openclaw/workspace/.commander/task_state_backups/TASK_STATE_20260301_185001.json
⚠️ 任务状态中没有activeTasks数据
✅ 无活跃任务，退出
⏰ 任务超时处理器启动
============================================================
💾 任务状态已备份: /Users/variya/.openclaw/workspace/.commander/task_state_backups/TASK_STATE_20260301_190000.json
⚠️ 任务状态中没有activeTasks数据
✅ 无活跃任务，退出
⏰ 任务超时处理器启动
============================================================
💾 任务状态已备份: /Users/variya/.openclaw/workspace/.commander/task_state_backups/TASK_STATE_20260301_191000.json
⚠️ 任务状态中没有activeTasks数据
✅ 无活跃任务，退出
⏰ 任务超时处理器启动
============================================================
💾 任务状态已备份: /Users/variya/.openclaw/workspace/.commander/task_state_backups/TASK_STATE_20260301_195513.json
⚠️ 任务状态中没有activeTasks数据
✅ 无活跃任务，退出
⏰ 任务超时处理器启动
============================================================
💾 任务状态已备份: /Users/variya/.openclaw/workspace/.commander/task_state_backups/TASK_STATE_20260301_205001.json
⚠️ 任务状态中没有activeTasks数据
✅ 无活跃任务，退出
⏰ 任务超时处理器启动
============================================================
💾 任务状态已备份: /Users/variya/.openclaw/workspace/.commander/task_state_backups/TASK_STATE_20260301_210001.json
⚠️ 任务状态中没有activeTasks数据
✅ 无活跃任务，退出
⏰ 任务超时处理器启动
============================================================
💾 任务状态已备份: /Users/variya/.openclaw/workspace/.commander/task_state_backups/TASK_STATE_20260301_211000.json
⚠️ 任务状态中没有activeTasks数据
✅ 无活跃任务，退出
⏰ 任务超时处理器启动
============================================================
💾 任务状态已备份: /Users/variya/.openclaw/workspace/.commander/task_state_backups/TASK_STATE_20260301_212000.json
⚠️ 任务状态中没有activeTasks数据
✅ 无活跃任务，退出
⏰ 任务超时处理器启动
============================================================
💾 任务状态已备份: /Users/variya/.openclaw/workspace/.commander/task_state_backups/TASK_STATE_20260301_213000.json
⚠️ 任务状态中没有activeTasks数据
✅ 无活跃任务，退出
⏰ 任务超时处理器启动
============================================================
💾 任务状态已备份: /Users/variya/.openclaw/workspace/.commander/task_state_backups/TASK_STATE_20260301_214000.json
⚠️ 任务状态中没有activeTasks数据
✅ 无活跃任务，退出
⏰ 任务超时处理器启动
============================================================
💾 任务状态已备份: /Users/variya/.openclaw/workspace/.commander/task_state_backups/TASK_STATE_20260301_215000.json
⚠️ 任务状态中没有activeTasks数据
✅ 无活跃任务，退出
⏰ 任务超时处理器启动
============================================================
💾 任务状态已备份: /Users/variya/.openclaw/workspace/.commander/task_state_backups/TASK_STATE_20260301_220001.json
⚠️ 任务状态中没有activeTasks数据
✅ 无活跃任务，退出
⏰ 任务超时处理器启动
============================================================
💾 任务状态已备份: /Users/variya/.openclaw/workspace/.commander/task_state_backups/TASK_STATE_20260301_221000.json
⚠️ 任务状态中没有activeTasks数据
✅ 无活跃任务，退出
⏰ 任务超时处理器启动
============================================================
💾 任务状态已备份: /Users/variya/.openclaw/workspace/.commander/task_state_backups/TASK_STATE_20260301_222000.json
⚠️ 任务状态中没有activeTasks数据
✅ 无活跃任务，退出
⏰ 任务超时处理器启动
============================================================
💾 任务状态已备份: /Users/variya/.openclaw/workspace/.commander/task_state_backups/TASK_STATE_20260301_223000.json
⚠️ 任务状态中没有activeTasks数据
✅ 无活跃任务，退出
⏰ 任务超时处理器启动
============================================================
💾 任务状态已备份: /Users/variya/.openclaw/workspace/.commander/task_state_backups/TASK_STATE_20260301_224000.json
⚠️ 任务状态中没有activeTasks数据
✅ 无活跃任务，退出
⏰ 任务超时处理器启动
============================================================
💾 任务状态已备份: /Users/variya/.openclaw/workspace/.commander/task_state_backups/TASK_STATE_20260301_225001.json
⚠️ 任务状态中没有activeTasks数据
✅ 无活跃任务，退出
⏰ 任务超时处理器启动
============================================================
💾 任务状态已备份: /Users/variya/.openclaw/workspace/.commander/task_state_backups/TASK_STATE_20260301_230001.json
⚠️ 任务状态中没有activeTasks数据
✅ 无活跃任务，退出
⏰ 任务超时处理器启动
============================================================
💾 任务状态已备份: /Users/variya/.openclaw/workspace/.commander/task_state_backups/TASK_STATE_20260301_231001.json
⚠️ 任务状态中没有activeTasks数据
✅ 无活跃任务，退出
⏰ 任务超时处理器启动
============================================================
💾 任务状态已备份: /Users/variya/.openclaw/workspace/.commander/task_state_backups/TASK_STATE_20260301_232000.json
⚠️ 任务状态中没有activeTasks数据
✅ 无活跃任务，退出
⏰ 任务超时处理器启动
============================================================
💾 任务状态已备份: /Users/variya/.openclaw/workspace/.commander/task_state_backups/TASK_STATE_20260301_233001.json
⚠️ 任务状态中没有activeTasks数据
✅ 无活跃任务，退出
⏰ 任务超时处理器启动
============================================================
💾 任务状态已备份: /Users/variya/.openclaw/workspace/.commander/task_state_backups/TASK_STATE_20260301_234000.json
⚠️ 任务状态中没有activeTasks数据
✅ 无活跃任务，退出
⏰ 任务超时处理器启动
============================================================
💾 任务状态已备份: /Users/variya/.openclaw/workspace/.commander/task_state_backups/TASK_STATE_20260301_235001.json
⚠️ 任务状态中没有activeTasks数据
✅ 无活跃任务，退出
⏰ 任务超时处理器启动
============================================================
💾 任务状态已备份: /Users/variya/.openclaw/workspace/.commander/task_state_backups/TASK_STATE_20260302_000000.json
⚠️ 任务状态中没有activeTasks数据
✅ 无活跃任务，退出
⏰ 任务超时处理器启动
============================================================
💾 任务状态已备份: /Users/variya/.openclaw/workspace/.commander/task_state_backups/TASK_STATE_20260302_001000.json
⚠️ 任务状态中没有activeTasks数据
✅ 无活跃任务，退出
⏰ 任务超时处理器启动
============================================================
💾 任务状态已备份: /Users/variya/.openclaw/workspace/.commander/task_state_backups/TASK_STATE_20260302_002000.json
⚠️ 任务状态中没有activeTasks数据
✅ 无活跃任务，退出
⏰ 任务超时处理器启动
============================================================
💾 任务状态已备份: /Users/variya/.openclaw/workspace/.commander/task_state_backups/TASK_STATE_20260302_003000.json
⚠️ 任务状态中没有activeTasks数据
✅ 无活跃任务，退出
⏰ 任务超时处理器启动
============================================================
💾 任务状态已备份: /Users/variya/.openclaw/workspace/.commander/task_state_backups/TASK_STATE_20260302_004000.json
⚠️ 任务状态中没有activeTasks数据
✅ 无活跃任务，退出
⏰ 任务超时处理器启动
============================================================
💾 任务状态已备份: /Users/variya/.openclaw/workspace/.commander/task_state_backups/TASK_STATE_20260302_005000.json
⚠️ 任务状态中没有activeTasks数据
✅ 无活跃任务，退出
⏰ 任务超时处理器启动
============================================================
💾 任务状态已备份: /Users/variya/.openclaw/workspace/.commander/task_state_backups/TASK_STATE_20260302_010001.json
⚠️ 任务状态中没有activeTasks数据
✅ 无活跃任务，退出
⏰ 任务超时处理器启动
============================================================
💾 任务状态已备份: /Users/variya/.openclaw/workspace/.commander/task_state_backups/TASK_STATE_20260302_011001.json
⚠️ 任务状态中没有activeTasks数据
✅ 无活跃任务，退出
⏰ 任务超时处理器启动
============================================================
💾 任务状态已备份: /Users/variya/.openclaw/workspace/.commander/task_state_backups/TASK_STATE_20260302_012000.json
⚠️ 任务状态中没有activeTasks数据
✅ 无活跃任务，退出
⏰ 任务超时处理器启动
============================================================
💾 任务状态已备份: /Users/variya/.openclaw/workspace/.commander/task_state_backups/TASK_STATE_20260302_013000.json
⚠️ 任务状态中没有activeTasks数据
✅ 无活跃任务，退出
⏰ 任务超时处理器启动
============================================================
💾 任务状态已备份: /Users/variya/.openclaw/workspace/.commander/task_state_backups/TASK_STATE_20260302_014000.json
⚠️ 任务状态中没有activeTasks数据
✅ 无活跃任务，退出
⏰ 任务超时处理器启动
============================================================
💾 任务状态已备份: /Users/variya/.openclaw/workspace/.commander/task_state_backups/TASK_STATE_20260302_015000.json
⚠️ 任务状态中没有activeTasks数据
✅ 无活跃任务，退出
⏰ 任务超时处理器启动
============================================================
💾 任务状态已备份: /Users/variya/.openclaw/workspace/.commander/task_state_backups/TASK_STATE_20260302_020001.json
⚠️ 任务状态中没有activeTasks数据
✅ 无活跃任务，退出
⏰ 任务超时处理器启动
============================================================
💾 任务状态已备份: /Users/variya/.openclaw/workspace/.commander/task_state_backups/TASK_STATE_20260302_021000.json
⚠️ 任务状态中没有activeTasks数据
✅ 无活跃任务，退出
⏰ 任务超时处理器启动
============================================================
💾 任务状态已备份: /Users/variya/.openclaw/workspace/.commander/task_state_backups/TASK_STATE_20260302_022000.json
⚠️ 任务状态中没有activeTasks数据
✅ 无活跃任务，退出
⏰ 任务超时处理器启动
============================================================
💾 任务状态已备份: /Users/variya/.openclaw/workspace/.commander/task_state_backups/TASK_STATE_20260302_023000.json
⚠️ 任务状态中没有activeTasks数据
✅ 无活跃任务，退出
⏰ 任务超时处理器启动
============================================================
💾 任务状态已备份: /Users/variya/.openclaw/workspace/.commander/task_state_backups/TASK_STATE_20260302_024000.json
⚠️ 任务状态中没有activeTasks数据
✅ 无活跃任务，退出
⏰ 任务超时处理器启动
============================================================
💾 任务状态已备份: /Users/variya/.openclaw/workspace/.commander/task_state_backups/TASK_STATE_20260302_025000.json
⚠️ 任务状态中没有activeTasks数据
✅ 无活跃任务，退出
⏰ 任务超时处理器启动
============================================================
💾 任务状态已备份: /Users/variya/.openclaw/workspace/.commander/task_state_backups/TASK_STATE_20260302_030000.json
⚠️ 任务状态中没有activeTasks数据
✅ 无活跃任务，退出
⏰ 任务超时处理器启动
============================================================
💾 任务状态已备份: /Users/variya/.openclaw/workspace/.commander/task_state_backups/TASK_STATE_20260302_031001.json
⚠️ 任务状态中没有activeTasks数据
✅ 无活跃任务，退出
⏰ 任务超时处理器启动
============================================================
💾 任务状态已备份: /Users/variya/.openclaw/workspace/.commander/task_state_backups/TASK_STATE_20260302_032001.json
⚠️ 任务状态中没有activeTasks数据
✅ 无活跃任务，退出
⏰ 任务超时处理器启动
============================================================
💾 任务状态已备份: /Users/variya/.openclaw/workspace/.commander/task_state_backups/TASK_STATE_20260302_033001.json
⚠️ 任务状态中没有activeTasks数据
✅ 无活跃任务，退出
⏰ 任务超时处理器启动
============================================================
💾 任务状态已备份: /Users/variya/.openclaw/workspace/.commander/task_state_backups/TASK_STATE_20260302_034000.json
⚠️ 任务状态中没有activeTasks数据
✅ 无活跃任务，退出
⏰ 任务超时处理器启动
============================================================
💾 任务状态已备份: /Users/variya/.openclaw/workspace/.commander/task_state_backups/TASK_STATE_20260302_035000.json
⚠️ 任务状态中没有activeTasks数据
✅ 无活跃任务，退出
⏰ 任务超时处理器启动
============================================================
💾 任务状态已备份: /Users/variya/.openclaw/workspace/.commander/task_state_backups/TASK_STATE_20260302_040001.json
⚠️ 任务状态中没有activeTasks数据
✅ 无活跃任务，退出
⏰ 任务超时处理器启动
============================================================
💾 任务状态已备份: /Users/variya/.openclaw/workspace/.commander/task_state_backups/TASK_STATE_20260302_041000.json
⚠️ 任务状态中没有activeTasks数据
✅ 无活跃任务，退出
⏰ 任务超时处理器启动
============================================================
💾 任务状态已备份: /Users/variya/.openclaw/workspace/.commander/task_state_backups/TASK_STATE_20260302_042000.json
⚠️ 任务状态中没有activeTasks数据
✅ 无活跃任务，退出
⏰ 任务超时处理器启动
============================================================
💾 任务状态已备份: /Users/variya/.openclaw/workspace/.commander/task_state_backups/TASK_STATE_20260302_043000.json
⚠️ 任务状态中没有activeTasks数据
✅ 无活跃任务，退出
⏰ 任务超时处理器启动
============================================================
💾 任务状态已备份: /Users/variya/.openclaw/workspace/.commander/task_state_backups/TASK_STATE_20260302_044000.json
⚠️ 任务状态中没有activeTasks数据
✅ 无活跃任务，退出
⏰ 任务超时处理器启动
============================================================
💾 任务状态已备份: /Users/variya/.openclaw/workspace/.commander/task_state_backups/TASK_STATE_20260302_045000.json
⚠️ 任务状态中没有activeTasks数据
✅ 无活跃任务，退出
⏰ 任务超时处理器启动
============================================================
💾 任务状态已备份: /Users/variya/.openclaw/workspace/.commander/task_state_backups/TASK_STATE_20260302_050000.json
⚠️ 任务状态中没有activeTasks数据
✅ 无活跃任务，退出
