🦞 Agent健康监控器启动
============================================================
❌ 任务状态中没有agentStates数据
⚠️ 任务状态中没有activeTasks数据

📊 健康检查完成
  监控Agent: 0个
  活跃任务: 0个
  生成告警: 0个
  报告文件: /Users/variya/.openclaw/workspace/.commander/health_reports/AGENT_HEALTH_REPORT_20260228_202000.md

🔑 关键信息:
============================================================
🦞 Agent健康监控器启动
============================================================
❌ 任务状态中没有agentStates数据
⚠️ 任务状态中没有activeTasks数据

📊 健康检查完成
  监控Agent: 0个
  活跃任务: 0个
  生成告警: 0个
  报告文件: /Users/variya/.openclaw/workspace/.commander/health_reports/AGENT_HEALTH_REPORT_20260228_202501.md

🔑 关键信息:
============================================================
🦞 Agent健康监控器启动
============================================================
❌ 任务状态中没有agentStates数据
⚠️ 任务状态中没有activeTasks数据

📊 健康检查完成
  监控Agent: 0个
  活跃任务: 0个
  生成告警: 0个
  报告文件: /Users/variya/.openclaw/workspace/.commander/health_reports/AGENT_HEALTH_REPORT_20260228_203000.md

🔑 关键信息:
============================================================
🦞 Agent健康监控器启动
============================================================
❌ 任务状态中没有agentStates数据
⚠️ 任务状态中没有activeTasks数据

📊 健康检查完成
  监控Agent: 0个
  活跃任务: 0个
  生成告警: 0个
  报告文件: /Users/variya/.openclaw/workspace/.commander/health_reports/AGENT_HEALTH_REPORT_20260228_203500.md

🔑 关键信息:
============================================================
🦞 Agent健康监控器启动
============================================================
❌ 任务状态中没有agentStates数据
⚠️ 任务状态中没有activeTasks数据

📊 健康检查完成
  监控Agent: 0个
  活跃任务: 0个
  生成告警: 0个
  报告文件: /Users/variya/.openclaw/workspace/.commander/health_reports/AGENT_HEALTH_REPORT_20260228_204000.md

🔑 关键信息:
============================================================
🦞 Agent健康监控器启动
============================================================
❌ 任务状态中没有agentStates数据
⚠️ 任务状态中没有activeTasks数据

📊 健康检查完成
  监控Agent: 0个
  活跃任务: 0个
  生成告警: 0个
  报告文件: /Users/variya/.openclaw/workspace/.commander/health_reports/AGENT_HEALTH_REPORT_20260228_204500.md

🔑 关键信息:
============================================================
🦞 Agent健康监控器启动
============================================================
❌ 任务状态中没有agentStates数据
⚠️ 任务状态中没有activeTasks数据

📊 健康检查完成
  监控Agent: 0个
  活跃任务: 0个
  生成告警: 0个
  报告文件: /Users/variya/.openclaw/workspace/.commander/health_reports/AGENT_HEALTH_REPORT_20260228_205001.md

🔑 关键信息:
============================================================
🦞 Agent健康监控器启动
============================================================
❌ 任务状态中没有agentStates数据
⚠️ 任务状态中没有activeTasks数据

📊 健康检查完成
  监控Agent: 0个
  活跃任务: 0个
  生成告警: 0个
  报告文件: /Users/variya/.openclaw/workspace/.commander/health_reports/AGENT_HEALTH_REPORT_20260228_205500.md

🔑 关键信息:
============================================================
🦞 Agent健康监控器启动
============================================================
❌ 任务状态中没有agentStates数据
⚠️ 任务状态中没有activeTasks数据

📊 健康检查完成
  监控Agent: 0个
  活跃任务: 0个
  生成告警: 0个
  报告文件: /Users/variya/.openclaw/workspace/.commander/health_reports/AGENT_HEALTH_REPORT_20260228_210000.md

🔑 关键信息:
============================================================
🦞 Agent健康监控器启动
============================================================
❌ 任务状态中没有agentStates数据
⚠️ 任务状态中没有activeTasks数据

📊 健康检查完成
  监控Agent: 0个
  活跃任务: 0个
  生成告警: 0个
  报告文件: /Users/variya/.openclaw/workspace/.commander/health_reports/AGENT_HEALTH_REPORT_20260228_210500.md

🔑 关键信息:
============================================================
🦞 Agent健康监控器启动
============================================================
❌ 任务状态中没有agentStates数据
⚠️ 任务状态中没有activeTasks数据

📊 健康检查完成
  监控Agent: 0个
  活跃任务: 0个
  生成告警: 0个
  报告文件: /Users/variya/.openclaw/workspace/.commander/health_reports/AGENT_HEALTH_REPORT_20260228_211000.md

🔑 关键信息:
============================================================
🦞 Agent健康监控器启动
============================================================
❌ 任务状态中没有agentStates数据
⚠️ 任务状态中没有activeTasks数据

📊 健康检查完成
  监控Agent: 0个
  活跃任务: 0个
  生成告警: 0个
  报告文件: /Users/variya/.openclaw/workspace/.commander/health_reports/AGENT_HEALTH_REPORT_20260228_211501.md

🔑 关键信息:
============================================================
🦞 Agent健康监控器启动
============================================================
❌ 任务状态中没有agentStates数据
⚠️ 任务状态中没有activeTasks数据

📊 健康检查完成
  监控Agent: 0个
  活跃任务: 0个
  生成告警: 0个
  报告文件: /Users/variya/.openclaw/workspace/.commander/health_reports/AGENT_HEALTH_REPORT_20260228_212000.md

🔑 关键信息:
============================================================
🦞 Agent健康监控器启动
============================================================
❌ 任务状态中没有agentStates数据
⚠️ 任务状态中没有activeTasks数据

📊 健康检查完成
  监控Agent: 0个
  活跃任务: 0个
  生成告警: 0个
  报告文件: /Users/variya/.openclaw/workspace/.commander/health_reports/AGENT_HEALTH_REPORT_20260228_212501.md

🔑 关键信息:
============================================================
🦞 Agent健康监控器启动
============================================================
❌ 任务状态中没有agentStates数据
⚠️ 任务状态中没有activeTasks数据

📊 健康检查完成
  监控Agent: 0个
  活跃任务: 0个
  生成告警: 0个
  报告文件: /Users/variya/.openclaw/workspace/.commander/health_reports/AGENT_HEALTH_REPORT_20260228_213000.md

🔑 关键信息:
============================================================
🦞 Agent健康监控器启动
============================================================
❌ 任务状态中没有agentStates数据
⚠️ 任务状态中没有activeTasks数据

📊 健康检查完成
  监控Agent: 0个
  活跃任务: 0个
  生成告警: 0个
  报告文件: /Users/variya/.openclaw/workspace/.commander/health_reports/AGENT_HEALTH_REPORT_20260228_213500.md

🔑 关键信息:
============================================================
🦞 Agent健康监控器启动
============================================================
❌ 任务状态中没有agentStates数据
⚠️ 任务状态中没有activeTasks数据

📊 健康检查完成
  监控Agent: 0个
  活跃任务: 0个
  生成告警: 0个
  报告文件: /Users/variya/.openclaw/workspace/.commander/health_reports/AGENT_HEALTH_REPORT_20260228_214001.md

🔑 关键信息:
============================================================
🦞 Agent健康监控器启动
============================================================
❌ 任务状态中没有agentStates数据
⚠️ 任务状态中没有activeTasks数据

📊 健康检查完成
  监控Agent: 0个
  活跃任务: 0个
  生成告警: 0个
  报告文件: /Users/variya/.openclaw/workspace/.commander/health_reports/AGENT_HEALTH_REPORT_20260228_214500.md

🔑 关键信息:
============================================================
🦞 Agent健康监控器启动
============================================================
❌ 任务状态中没有agentStates数据
⚠️ 任务状态中没有activeTasks数据

📊 健康检查完成
  监控Agent: 0个
  活跃任务: 0个
  生成告警: 0个
  报告文件: /Users/variya/.openclaw/workspace/.commander/health_reports/AGENT_HEALTH_REPORT_20260228_215001.md

🔑 关键信息:
============================================================
🦞 Agent健康监控器启动
============================================================
❌ 任务状态中没有agentStates数据
⚠️ 任务状态中没有activeTasks数据

📊 健康检查完成
  监控Agent: 0个
  活跃任务: 0个
  生成告警: 0个
  报告文件: /Users/variya/.openclaw/workspace/.commander/health_reports/AGENT_HEALTH_REPORT_20260228_215500.md

🔑 关键信息:
============================================================
🦞 Agent健康监控器启动
============================================================
❌ 任务状态中没有agentStates数据
⚠️ 任务状态中没有activeTasks数据

📊 健康检查完成
  监控Agent: 0个
  活跃任务: 0个
  生成告警: 0个
  报告文件: /Users/variya/.openclaw/workspace/.commander/health_reports/AGENT_HEALTH_REPORT_20260228_220001.md

🔑 关键信息:
============================================================
🦞 Agent健康监控器启动
============================================================
❌ 任务状态中没有agentStates数据
⚠️ 任务状态中没有activeTasks数据

📊 健康检查完成
  监控Agent: 0个
  活跃任务: 0个
  生成告警: 0个
  报告文件: /Users/variya/.openclaw/workspace/.commander/health_reports/AGENT_HEALTH_REPORT_20260228_220500.md

🔑 关键信息:
============================================================
🦞 Agent健康监控器启动
============================================================
❌ 任务状态中没有agentStates数据
⚠️ 任务状态中没有activeTasks数据

📊 健康检查完成
  监控Agent: 0个
  活跃任务: 0个
  生成告警: 0个
  报告文件: /Users/variya/.openclaw/workspace/.commander/health_reports/AGENT_HEALTH_REPORT_20260228_221000.md

🔑 关键信息:
============================================================
🦞 Agent健康监控器启动
============================================================
❌ 任务状态中没有agentStates数据
⚠️ 任务状态中没有activeTasks数据

📊 健康检查完成
  监控Agent: 0个
  活跃任务: 0个
  生成告警: 0个
  报告文件: /Users/variya/.openclaw/workspace/.commander/health_reports/AGENT_HEALTH_REPORT_20260228_221500.md

🔑 关键信息:
============================================================
🦞 Agent健康监控器启动
============================================================
❌ 任务状态中没有agentStates数据
⚠️ 任务状态中没有activeTasks数据

📊 健康检查完成
  监控Agent: 0个
  活跃任务: 0个
  生成告警: 0个
  报告文件: /Users/variya/.openclaw/workspace/.commander/health_reports/AGENT_HEALTH_REPORT_20260228_222000.md

🔑 关键信息:
============================================================
🦞 Agent健康监控器启动
============================================================
❌ 任务状态中没有agentStates数据
⚠️ 任务状态中没有activeTasks数据

📊 健康检查完成
  监控Agent: 0个
  活跃任务: 0个
  生成告警: 0个
  报告文件: /Users/variya/.openclaw/workspace/.commander/health_reports/AGENT_HEALTH_REPORT_20260228_222501.md

🔑 关键信息:
============================================================
🦞 Agent健康监控器启动
============================================================
❌ 任务状态中没有agentStates数据
⚠️ 任务状态中没有activeTasks数据

📊 健康检查完成
  监控Agent: 0个
  活跃任务: 0个
  生成告警: 0个
  报告文件: /Users/variya/.openclaw/workspace/.commander/health_reports/AGENT_HEALTH_REPORT_20260228_223000.md

🔑 关键信息:
============================================================
🦞 Agent健康监控器启动
============================================================
❌ 任务状态中没有agentStates数据
⚠️ 任务状态中没有activeTasks数据

📊 健康检查完成
  监控Agent: 0个
  活跃任务: 0个
  生成告警: 0个
  报告文件: /Users/variya/.openclaw/workspace/.commander/health_reports/AGENT_HEALTH_REPORT_20260228_223500.md

🔑 关键信息:
============================================================
🦞 Agent健康监控器启动
============================================================
❌ 任务状态中没有agentStates数据
⚠️ 任务状态中没有activeTasks数据

📊 健康检查完成
  监控Agent: 0个
  活跃任务: 0个
  生成告警: 0个
  报告文件: /Users/variya/.openclaw/workspace/.commander/health_reports/AGENT_HEALTH_REPORT_20260228_224000.md

🔑 关键信息:
============================================================
🦞 Agent健康监控器启动
============================================================
❌ 任务状态中没有agentStates数据
⚠️ 任务状态中没有activeTasks数据

📊 健康检查完成
  监控Agent: 0个
  活跃任务: 0个
  生成告警: 0个
  报告文件: /Users/variya/.openclaw/workspace/.commander/health_reports/AGENT_HEALTH_REPORT_20260228_224500.md

🔑 关键信息:
============================================================
🦞 Agent健康监控器启动
============================================================
❌ 任务状态中没有agentStates数据
⚠️ 任务状态中没有activeTasks数据

📊 健康检查完成
  监控Agent: 0个
  活跃任务: 0个
  生成告警: 0个
  报告文件: /Users/variya/.openclaw/workspace/.commander/health_reports/AGENT_HEALTH_REPORT_20260228_225001.md

🔑 关键信息:
============================================================
🦞 Agent健康监控器启动
============================================================
❌ 任务状态中没有agentStates数据
⚠️ 任务状态中没有activeTasks数据

📊 健康检查完成
  监控Agent: 0个
  活跃任务: 0个
  生成告警: 0个
  报告文件: /Users/variya/.openclaw/workspace/.commander/health_reports/AGENT_HEALTH_REPORT_20260228_225500.md

🔑 关键信息:
============================================================
🦞 Agent健康监控器启动
============================================================
❌ 任务状态中没有agentStates数据
⚠️ 任务状态中没有activeTasks数据

📊 健康检查完成
  监控Agent: 0个
  活跃任务: 0个
  生成告警: 0个
  报告文件: /Users/variya/.openclaw/workspace/.commander/health_reports/AGENT_HEALTH_REPORT_20260228_230001.md

🔑 关键信息:
============================================================
🦞 Agent健康监控器启动
============================================================
❌ 任务状态中没有agentStates数据
⚠️ 任务状态中没有activeTasks数据

📊 健康检查完成
  监控Agent: 0个
  活跃任务: 0个
  生成告警: 0个
  报告文件: /Users/variya/.openclaw/workspace/.commander/health_reports/AGENT_HEALTH_REPORT_20260228_230500.md

🔑 关键信息:
============================================================
🦞 Agent健康监控器启动
============================================================
❌ 任务状态中没有agentStates数据
⚠️ 任务状态中没有activeTasks数据

📊 健康检查完成
  监控Agent: 0个
  活跃任务: 0个
  生成告警: 0个
  报告文件: /Users/variya/.openclaw/workspace/.commander/health_reports/AGENT_HEALTH_REPORT_20260228_231001.md

🔑 关键信息:
============================================================
🦞 Agent健康监控器启动
============================================================
❌ 任务状态中没有agentStates数据
⚠️ 任务状态中没有activeTasks数据

📊 健康检查完成
  监控Agent: 0个
  活跃任务: 0个
  生成告警: 0个
  报告文件: /Users/variya/.openclaw/workspace/.commander/health_reports/AGENT_HEALTH_REPORT_20260228_231500.md

🔑 关键信息:
============================================================
🦞 Agent健康监控器启动
============================================================
❌ 任务状态中没有agentStates数据
⚠️ 任务状态中没有activeTasks数据

📊 健康检查完成
  监控Agent: 0个
  活跃任务: 0个
  生成告警: 0个
  报告文件: /Users/variya/.openclaw/workspace/.commander/health_reports/AGENT_HEALTH_REPORT_20260228_232000.md

🔑 关键信息:
============================================================
🦞 Agent健康监控器启动
============================================================
❌ 任务状态中没有agentStates数据
⚠️ 任务状态中没有activeTasks数据

📊 健康检查完成
  监控Agent: 0个
  活跃任务: 0个
  生成告警: 0个
  报告文件: /Users/variya/.openclaw/workspace/.commander/health_reports/AGENT_HEALTH_REPORT_20260228_232501.md

🔑 关键信息:
============================================================
🦞 Agent健康监控器启动
============================================================
❌ 任务状态中没有agentStates数据
⚠️ 任务状态中没有activeTasks数据

📊 健康检查完成
  监控Agent: 0个
  活跃任务: 0个
  生成告警: 0个
  报告文件: /Users/variya/.openclaw/workspace/.commander/health_reports/AGENT_HEALTH_REPORT_20260228_233000.md

🔑 关键信息:
============================================================
🦞 Agent健康监控器启动
============================================================
❌ 任务状态中没有agentStates数据
⚠️ 任务状态中没有activeTasks数据

📊 健康检查完成
  监控Agent: 0个
  活跃任务: 0个
  生成告警: 0个
  报告文件: /Users/variya/.openclaw/workspace/.commander/health_reports/AGENT_HEALTH_REPORT_20260228_233500.md

🔑 关键信息:
============================================================
🦞 Agent健康监控器启动
============================================================
❌ 任务状态中没有agentStates数据
⚠️ 任务状态中没有activeTasks数据

📊 健康检查完成
  监控Agent: 0个
  活跃任务: 0个
  生成告警: 0个
  报告文件: /Users/variya/.openclaw/workspace/.commander/health_reports/AGENT_HEALTH_REPORT_20260228_234001.md

🔑 关键信息:
============================================================
🦞 Agent健康监控器启动
============================================================
❌ 任务状态中没有agentStates数据
⚠️ 任务状态中没有activeTasks数据

📊 健康检查完成
  监控Agent: 0个
  活跃任务: 0个
  生成告警: 0个
  报告文件: /Users/variya/.openclaw/workspace/.commander/health_reports/AGENT_HEALTH_REPORT_20260228_234500.md

🔑 关键信息:
============================================================
🦞 Agent健康监控器启动
============================================================
❌ 任务状态中没有agentStates数据
⚠️ 任务状态中没有activeTasks数据

📊 健康检查完成
  监控Agent: 0个
  活跃任务: 0个
  生成告警: 0个
  报告文件: /Users/variya/.openclaw/workspace/.commander/health_reports/AGENT_HEALTH_REPORT_20260228_235000.md

🔑 关键信息:
============================================================
🦞 Agent健康监控器启动
============================================================
❌ 任务状态中没有agentStates数据
⚠️ 任务状态中没有activeTasks数据

📊 健康检查完成
  监控Agent: 0个
  活跃任务: 0个
  生成告警: 0个
  报告文件: /Users/variya/.openclaw/workspace/.commander/health_reports/AGENT_HEALTH_REPORT_20260228_235500.md

🔑 关键信息:
============================================================
🦞 Agent健康监控器启动
============================================================
❌ 任务状态中没有agentStates数据
⚠️ 任务状态中没有activeTasks数据

📊 健康检查完成
  监控Agent: 0个
  活跃任务: 0个
  生成告警: 0个
  报告文件: /Users/variya/.openclaw/workspace/.commander/health_reports/AGENT_HEALTH_REPORT_20260301_000000.md

🔑 关键信息:
============================================================
🦞 Agent健康监控器启动
============================================================
❌ 任务状态中没有agentStates数据
⚠️ 任务状态中没有activeTasks数据

📊 健康检查完成
  监控Agent: 0个
  活跃任务: 0个
  生成告警: 0个
  报告文件: /Users/variya/.openclaw/workspace/.commander/health_reports/AGENT_HEALTH_REPORT_20260301_000500.md

🔑 关键信息:
============================================================
🦞 Agent健康监控器启动
============================================================
❌ 任务状态中没有agentStates数据
⚠️ 任务状态中没有activeTasks数据

📊 健康检查完成
  监控Agent: 0个
  活跃任务: 0个
  生成告警: 0个
  报告文件: /Users/variya/.openclaw/workspace/.commander/health_reports/AGENT_HEALTH_REPORT_20260301_001000.md

🔑 关键信息:
============================================================
🦞 Agent健康监控器启动
============================================================
❌ 任务状态中没有agentStates数据
⚠️ 任务状态中没有activeTasks数据

📊 健康检查完成
  监控Agent: 0个
  活跃任务: 0个
  生成告警: 0个
  报告文件: /Users/variya/.openclaw/workspace/.commander/health_reports/AGENT_HEALTH_REPORT_20260301_001501.md

🔑 关键信息:
============================================================
🦞 Agent健康监控器启动
============================================================
❌ 任务状态中没有agentStates数据
⚠️ 任务状态中没有activeTasks数据

📊 健康检查完成
  监控Agent: 0个
  活跃任务: 0个
  生成告警: 0个
  报告文件: /Users/variya/.openclaw/workspace/.commander/health_reports/AGENT_HEALTH_REPORT_20260301_002000.md

🔑 关键信息:
============================================================
🦞 Agent健康监控器启动
============================================================
❌ 任务状态中没有agentStates数据
⚠️ 任务状态中没有activeTasks数据

📊 健康检查完成
  监控Agent: 0个
  活跃任务: 0个
  生成告警: 0个
  报告文件: /Users/variya/.openclaw/workspace/.commander/health_reports/AGENT_HEALTH_REPORT_20260301_002500.md

🔑 关键信息:
============================================================
🦞 Agent健康监控器启动
============================================================
❌ 任务状态中没有agentStates数据
⚠️ 任务状态中没有activeTasks数据

📊 健康检查完成
  监控Agent: 0个
  活跃任务: 0个
  生成告警: 0个
  报告文件: /Users/variya/.openclaw/workspace/.commander/health_reports/AGENT_HEALTH_REPORT_20260301_003000.md

🔑 关键信息:
============================================================
🦞 Agent健康监控器启动
============================================================
❌ 任务状态中没有agentStates数据
⚠️ 任务状态中没有activeTasks数据

📊 健康检查完成
  监控Agent: 0个
  活跃任务: 0个
  生成告警: 0个
  报告文件: /Users/variya/.openclaw/workspace/.commander/health_reports/AGENT_HEALTH_REPORT_20260301_003501.md

🔑 关键信息:
============================================================
🦞 Agent健康监控器启动
============================================================
❌ 任务状态中没有agentStates数据
⚠️ 任务状态中没有activeTasks数据

📊 健康检查完成
  监控Agent: 0个
  活跃任务: 0个
  生成告警: 0个
  报告文件: /Users/variya/.openclaw/workspace/.commander/health_reports/AGENT_HEALTH_REPORT_20260301_004000.md

🔑 关键信息:
============================================================
🦞 Agent健康监控器启动
============================================================
❌ 任务状态中没有agentStates数据
⚠️ 任务状态中没有activeTasks数据

📊 健康检查完成
  监控Agent: 0个
  活跃任务: 0个
  生成告警: 0个
  报告文件: /Users/variya/.openclaw/workspace/.commander/health_reports/AGENT_HEALTH_REPORT_20260301_004500.md

🔑 关键信息:
============================================================
🦞 Agent健康监控器启动
============================================================
❌ 任务状态中没有agentStates数据
⚠️ 任务状态中没有activeTasks数据

📊 健康检查完成
  监控Agent: 0个
  活跃任务: 0个
  生成告警: 0个
  报告文件: /Users/variya/.openclaw/workspace/.commander/health_reports/AGENT_HEALTH_REPORT_20260301_005000.md

🔑 关键信息:
============================================================
🦞 Agent健康监控器启动
============================================================
❌ 任务状态中没有agentStates数据
⚠️ 任务状态中没有activeTasks数据

📊 健康检查完成
  监控Agent: 0个
  活跃任务: 0个
  生成告警: 0个
  报告文件: /Users/variya/.openclaw/workspace/.commander/health_reports/AGENT_HEALTH_REPORT_20260301_005500.md

🔑 关键信息:
============================================================
🦞 Agent健康监控器启动
============================================================
❌ 任务状态中没有agentStates数据
⚠️ 任务状态中没有activeTasks数据

📊 健康检查完成
  监控Agent: 0个
  活跃任务: 0个
  生成告警: 0个
  报告文件: /Users/variya/.openclaw/workspace/.commander/health_reports/AGENT_HEALTH_REPORT_20260301_010000.md

🔑 关键信息:
============================================================
🦞 Agent健康监控器启动
============================================================
❌ 任务状态中没有agentStates数据
⚠️ 任务状态中没有activeTasks数据

📊 健康检查完成
  监控Agent: 0个
  活跃任务: 0个
  生成告警: 0个
  报告文件: /Users/variya/.openclaw/workspace/.commander/health_reports/AGENT_HEALTH_REPORT_20260301_010500.md

🔑 关键信息:
============================================================
🦞 Agent健康监控器启动
============================================================
❌ 任务状态中没有agentStates数据
⚠️ 任务状态中没有activeTasks数据

📊 健康检查完成
  监控Agent: 0个
  活跃任务: 0个
  生成告警: 0个
  报告文件: /Users/variya/.openclaw/workspace/.commander/health_reports/AGENT_HEALTH_REPORT_20260301_011000.md

🔑 关键信息:
============================================================
🦞 Agent健康监控器启动
============================================================
❌ 任务状态中没有agentStates数据
⚠️ 任务状态中没有activeTasks数据

📊 健康检查完成
  监控Agent: 0个
  活跃任务: 0个
  生成告警: 0个
  报告文件: /Users/variya/.openclaw/workspace/.commander/health_reports/AGENT_HEALTH_REPORT_20260301_011500.md

🔑 关键信息:
============================================================
🦞 Agent健康监控器启动
============================================================
❌ 任务状态中没有agentStates数据
⚠️ 任务状态中没有activeTasks数据

📊 健康检查完成
  监控Agent: 0个
  活跃任务: 0个
  生成告警: 0个
  报告文件: /Users/variya/.openclaw/workspace/.commander/health_reports/AGENT_HEALTH_REPORT_20260301_012001.md

🔑 关键信息:
============================================================
🦞 Agent健康监控器启动
============================================================
❌ 任务状态中没有agentStates数据
⚠️ 任务状态中没有activeTasks数据

📊 健康检查完成
  监控Agent: 0个
  活跃任务: 0个
  生成告警: 0个
  报告文件: /Users/variya/.openclaw/workspace/.commander/health_reports/AGENT_HEALTH_REPORT_20260301_012500.md

🔑 关键信息:
============================================================
🦞 Agent健康监控器启动
============================================================
❌ 任务状态中没有agentStates数据
⚠️ 任务状态中没有activeTasks数据

📊 健康检查完成
  监控Agent: 0个
  活跃任务: 0个
  生成告警: 0个
  报告文件: /Users/variya/.openclaw/workspace/.commander/health_reports/AGENT_HEALTH_REPORT_20260301_013000.md

🔑 关键信息:
============================================================
🦞 Agent健康监控器启动
============================================================
❌ 任务状态中没有agentStates数据
⚠️ 任务状态中没有activeTasks数据

📊 健康检查完成
  监控Agent: 0个
  活跃任务: 0个
  生成告警: 0个
  报告文件: /Users/variya/.openclaw/workspace/.commander/health_reports/AGENT_HEALTH_REPORT_20260301_013500.md

🔑 关键信息:
============================================================
🦞 Agent健康监控器启动
============================================================
❌ 任务状态中没有agentStates数据
⚠️ 任务状态中没有activeTasks数据

📊 健康检查完成
  监控Agent: 0个
  活跃任务: 0个
  生成告警: 0个
  报告文件: /Users/variya/.openclaw/workspace/.commander/health_reports/AGENT_HEALTH_REPORT_20260301_014001.md

🔑 关键信息:
============================================================
🦞 Agent健康监控器启动
============================================================
❌ 任务状态中没有agentStates数据
⚠️ 任务状态中没有activeTasks数据

📊 健康检查完成
  监控Agent: 0个
  活跃任务: 0个
  生成告警: 0个
  报告文件: /Users/variya/.openclaw/workspace/.commander/health_reports/AGENT_HEALTH_REPORT_20260301_014500.md

🔑 关键信息:
============================================================
🦞 Agent健康监控器启动
============================================================
❌ 任务状态中没有agentStates数据
⚠️ 任务状态中没有activeTasks数据

📊 健康检查完成
  监控Agent: 0个
  活跃任务: 0个
  生成告警: 0个
  报告文件: /Users/variya/.openclaw/workspace/.commander/health_reports/AGENT_HEALTH_REPORT_20260301_015000.md

🔑 关键信息:
============================================================
🦞 Agent健康监控器启动
============================================================
❌ 任务状态中没有agentStates数据
⚠️ 任务状态中没有activeTasks数据

📊 健康检查完成
  监控Agent: 0个
  活跃任务: 0个
  生成告警: 0个
  报告文件: /Users/variya/.openclaw/workspace/.commander/health_reports/AGENT_HEALTH_REPORT_20260301_015501.md

🔑 关键信息:
============================================================
🦞 Agent健康监控器启动
============================================================
❌ 任务状态中没有agentStates数据
⚠️ 任务状态中没有activeTasks数据

📊 健康检查完成
  监控Agent: 0个
  活跃任务: 0个
  生成告警: 0个
  报告文件: /Users/variya/.openclaw/workspace/.commander/health_reports/AGENT_HEALTH_REPORT_20260301_020000.md

🔑 关键信息:
============================================================
🦞 Agent健康监控器启动
============================================================
❌ 任务状态中没有agentStates数据
⚠️ 任务状态中没有activeTasks数据

📊 健康检查完成
  监控Agent: 0个
  活跃任务: 0个
  生成告警: 0个
  报告文件: /Users/variya/.openclaw/workspace/.commander/health_reports/AGENT_HEALTH_REPORT_20260301_020500.md

🔑 关键信息:
============================================================
🦞 Agent健康监控器启动
============================================================
❌ 任务状态中没有agentStates数据
⚠️ 任务状态中没有activeTasks数据

📊 健康检查完成
  监控Agent: 0个
  活跃任务: 0个
  生成告警: 0个
  报告文件: /Users/variya/.openclaw/workspace/.commander/health_reports/AGENT_HEALTH_REPORT_20260301_021001.md

🔑 关键信息:
============================================================
🦞 Agent健康监控器启动
============================================================
❌ 任务状态中没有agentStates数据
⚠️ 任务状态中没有activeTasks数据

📊 健康检查完成
  监控Agent: 0个
  活跃任务: 0个
  生成告警: 0个
  报告文件: /Users/variya/.openclaw/workspace/.commander/health_reports/AGENT_HEALTH_REPORT_20260301_021500.md

🔑 关键信息:
============================================================
🦞 Agent健康监控器启动
============================================================
❌ 任务状态中没有agentStates数据
⚠️ 任务状态中没有activeTasks数据

📊 健康检查完成
  监控Agent: 0个
  活跃任务: 0个
  生成告警: 0个
  报告文件: /Users/variya/.openclaw/workspace/.commander/health_reports/AGENT_HEALTH_REPORT_20260301_022001.md

🔑 关键信息:
============================================================
🦞 Agent健康监控器启动
============================================================
❌ 任务状态中没有agentStates数据
⚠️ 任务状态中没有activeTasks数据

📊 健康检查完成
  监控Agent: 0个
  活跃任务: 0个
  生成告警: 0个
  报告文件: /Users/variya/.openclaw/workspace/.commander/health_reports/AGENT_HEALTH_REPORT_20260301_022500.md

🔑 关键信息:
============================================================
🦞 Agent健康监控器启动
============================================================
❌ 任务状态中没有agentStates数据
⚠️ 任务状态中没有activeTasks数据

📊 健康检查完成
  监控Agent: 0个
  活跃任务: 0个
  生成告警: 0个
  报告文件: /Users/variya/.openclaw/workspace/.commander/health_reports/AGENT_HEALTH_REPORT_20260301_023000.md

🔑 关键信息:
============================================================
🦞 Agent健康监控器启动
============================================================
❌ 任务状态中没有agentStates数据
⚠️ 任务状态中没有activeTasks数据

📊 健康检查完成
  监控Agent: 0个
  活跃任务: 0个
  生成告警: 0个
  报告文件: /Users/variya/.openclaw/workspace/.commander/health_reports/AGENT_HEALTH_REPORT_20260301_023500.md

🔑 关键信息:
============================================================
🦞 Agent健康监控器启动
============================================================
❌ 任务状态中没有agentStates数据
⚠️ 任务状态中没有activeTasks数据

📊 健康检查完成
  监控Agent: 0个
  活跃任务: 0个
  生成告警: 0个
  报告文件: /Users/variya/.openclaw/workspace/.commander/health_reports/AGENT_HEALTH_REPORT_20260301_024000.md

🔑 关键信息:
============================================================
🦞 Agent健康监控器启动
============================================================
❌ 任务状态中没有agentStates数据
⚠️ 任务状态中没有activeTasks数据

📊 健康检查完成
  监控Agent: 0个
  活跃任务: 0个
  生成告警: 0个
  报告文件: /Users/variya/.openclaw/workspace/.commander/health_reports/AGENT_HEALTH_REPORT_20260301_024501.md

🔑 关键信息:
============================================================
🦞 Agent健康监控器启动
============================================================
❌ 任务状态中没有agentStates数据
⚠️ 任务状态中没有activeTasks数据

📊 健康检查完成
  监控Agent: 0个
  活跃任务: 0个
  生成告警: 0个
  报告文件: /Users/variya/.openclaw/workspace/.commander/health_reports/AGENT_HEALTH_REPORT_20260301_025000.md

🔑 关键信息:
============================================================
🦞 Agent健康监控器启动
============================================================
❌ 任务状态中没有agentStates数据
⚠️ 任务状态中没有activeTasks数据

📊 健康检查完成
  监控Agent: 0个
  活跃任务: 0个
  生成告警: 0个
  报告文件: /Users/variya/.openclaw/workspace/.commander/health_reports/AGENT_HEALTH_REPORT_20260301_025500.md

🔑 关键信息:
============================================================
🦞 Agent健康监控器启动
============================================================
❌ 任务状态中没有agentStates数据
⚠️ 任务状态中没有activeTasks数据

📊 健康检查完成
  监控Agent: 0个
  活跃任务: 0个
  生成告警: 0个
  报告文件: /Users/variya/.openclaw/workspace/.commander/health_reports/AGENT_HEALTH_REPORT_20260301_030001.md

🔑 关键信息:
============================================================
🦞 Agent健康监控器启动
============================================================
❌ 任务状态中没有agentStates数据
⚠️ 任务状态中没有activeTasks数据

📊 健康检查完成
  监控Agent: 0个
  活跃任务: 0个
  生成告警: 0个
  报告文件: /Users/variya/.openclaw/workspace/.commander/health_reports/AGENT_HEALTH_REPORT_20260301_030500.md

🔑 关键信息:
============================================================
🦞 Agent健康监控器启动
============================================================
❌ 任务状态中没有agentStates数据
⚠️ 任务状态中没有activeTasks数据

📊 健康检查完成
  监控Agent: 0个
  活跃任务: 0个
  生成告警: 0个
  报告文件: /Users/variya/.openclaw/workspace/.commander/health_reports/AGENT_HEALTH_REPORT_20260301_031000.md

🔑 关键信息:
============================================================
🦞 Agent健康监控器启动
============================================================
❌ 任务状态中没有agentStates数据
⚠️ 任务状态中没有activeTasks数据

📊 健康检查完成
  监控Agent: 0个
  活跃任务: 0个
  生成告警: 0个
  报告文件: /Users/variya/.openclaw/workspace/.commander/health_reports/AGENT_HEALTH_REPORT_20260301_031500.md

🔑 关键信息:
============================================================
🦞 Agent健康监控器启动
============================================================
❌ 任务状态中没有agentStates数据
⚠️ 任务状态中没有activeTasks数据

📊 健康检查完成
  监控Agent: 0个
  活跃任务: 0个
  生成告警: 0个
  报告文件: /Users/variya/.openclaw/workspace/.commander/health_reports/AGENT_HEALTH_REPORT_20260301_032000.md

🔑 关键信息:
============================================================
🦞 Agent健康监控器启动
============================================================
❌ 任务状态中没有agentStates数据
⚠️ 任务状态中没有activeTasks数据

📊 健康检查完成
  监控Agent: 0个
  活跃任务: 0个
  生成告警: 0个
  报告文件: /Users/variya/.openclaw/workspace/.commander/health_reports/AGENT_HEALTH_REPORT_20260301_032500.md

🔑 关键信息:
============================================================
🦞 Agent健康监控器启动
============================================================
❌ 任务状态中没有agentStates数据
⚠️ 任务状态中没有activeTasks数据

📊 健康检查完成
  监控Agent: 0个
  活跃任务: 0个
  生成告警: 0个
  报告文件: /Users/variya/.openclaw/workspace/.commander/health_reports/AGENT_HEALTH_REPORT_20260301_033000.md

🔑 关键信息:
============================================================
🦞 Agent健康监控器启动
============================================================
❌ 任务状态中没有agentStates数据
⚠️ 任务状态中没有activeTasks数据

📊 健康检查完成
  监控Agent: 0个
  活跃任务: 0个
  生成告警: 0个
  报告文件: /Users/variya/.openclaw/workspace/.commander/health_reports/AGENT_HEALTH_REPORT_20260301_033500.md

🔑 关键信息:
============================================================
🦞 Agent健康监控器启动
============================================================
❌ 任务状态中没有agentStates数据
⚠️ 任务状态中没有activeTasks数据

📊 健康检查完成
  监控Agent: 0个
  活跃任务: 0个
  生成告警: 0个
  报告文件: /Users/variya/.openclaw/workspace/.commander/health_reports/AGENT_HEALTH_REPORT_20260301_034000.md

🔑 关键信息:
============================================================
🦞 Agent健康监控器启动
============================================================
❌ 任务状态中没有agentStates数据
⚠️ 任务状态中没有activeTasks数据

📊 健康检查完成
  监控Agent: 0个
  活跃任务: 0个
  生成告警: 0个
  报告文件: /Users/variya/.openclaw/workspace/.commander/health_reports/AGENT_HEALTH_REPORT_20260301_034500.md

🔑 关键信息:
============================================================
🦞 Agent健康监控器启动
============================================================
❌ 任务状态中没有agentStates数据
⚠️ 任务状态中没有activeTasks数据

📊 健康检查完成
  监控Agent: 0个
  活跃任务: 0个
  生成告警: 0个
  报告文件: /Users/variya/.openclaw/workspace/.commander/health_reports/AGENT_HEALTH_REPORT_20260301_035000.md

🔑 关键信息:
============================================================
🦞 Agent健康监控器启动
============================================================
❌ 任务状态中没有agentStates数据
⚠️ 任务状态中没有activeTasks数据

📊 健康检查完成
  监控Agent: 0个
  活跃任务: 0个
  生成告警: 0个
  报告文件: /Users/variya/.openclaw/workspace/.commander/health_reports/AGENT_HEALTH_REPORT_20260301_035500.md

🔑 关键信息:
============================================================
🦞 Agent健康监控器启动
============================================================
❌ 任务状态中没有agentStates数据
⚠️ 任务状态中没有activeTasks数据

📊 健康检查完成
  监控Agent: 0个
  活跃任务: 0个
  生成告警: 0个
  报告文件: /Users/variya/.openclaw/workspace/.commander/health_reports/AGENT_HEALTH_REPORT_20260301_040000.md

🔑 关键信息:
============================================================
🦞 Agent健康监控器启动
============================================================
❌ 任务状态中没有agentStates数据
⚠️ 任务状态中没有activeTasks数据

📊 健康检查完成
  监控Agent: 0个
  活跃任务: 0个
  生成告警: 0个
  报告文件: /Users/variya/.openclaw/workspace/.commander/health_reports/AGENT_HEALTH_REPORT_20260301_040500.md

🔑 关键信息:
============================================================
🦞 Agent健康监控器启动
============================================================
❌ 任务状态中没有agentStates数据
⚠️ 任务状态中没有activeTasks数据

📊 健康检查完成
  监控Agent: 0个
  活跃任务: 0个
  生成告警: 0个
  报告文件: /Users/variya/.openclaw/workspace/.commander/health_reports/AGENT_HEALTH_REPORT_20260301_041001.md

🔑 关键信息:
============================================================
🦞 Agent健康监控器启动
============================================================
❌ 任务状态中没有agentStates数据
⚠️ 任务状态中没有activeTasks数据

📊 健康检查完成
  监控Agent: 0个
  活跃任务: 0个
  生成告警: 0个
  报告文件: /Users/variya/.openclaw/workspace/.commander/health_reports/AGENT_HEALTH_REPORT_20260301_041500.md

🔑 关键信息:
============================================================
🦞 Agent健康监控器启动
============================================================
❌ 任务状态中没有agentStates数据
⚠️ 任务状态中没有activeTasks数据

📊 健康检查完成
  监控Agent: 0个
  活跃任务: 0个
  生成告警: 0个
  报告文件: /Users/variya/.openclaw/workspace/.commander/health_reports/AGENT_HEALTH_REPORT_20260301_042000.md

🔑 关键信息:
============================================================
🦞 Agent健康监控器启动
============================================================
❌ 任务状态中没有agentStates数据
⚠️ 任务状态中没有activeTasks数据

📊 健康检查完成
  监控Agent: 0个
  活跃任务: 0个
  生成告警: 0个
  报告文件: /Users/variya/.openclaw/workspace/.commander/health_reports/AGENT_HEALTH_REPORT_20260301_042500.md

🔑 关键信息:
============================================================
🦞 Agent健康监控器启动
============================================================
❌ 任务状态中没有agentStates数据
⚠️ 任务状态中没有activeTasks数据

📊 健康检查完成
  监控Agent: 0个
  活跃任务: 0个
  生成告警: 0个
  报告文件: /Users/variya/.openclaw/workspace/.commander/health_reports/AGENT_HEALTH_REPORT_20260301_043000.md

🔑 关键信息:
============================================================
🦞 Agent健康监控器启动
============================================================
❌ 任务状态中没有agentStates数据
⚠️ 任务状态中没有activeTasks数据

📊 健康检查完成
  监控Agent: 0个
  活跃任务: 0个
  生成告警: 0个
  报告文件: /Users/variya/.openclaw/workspace/.commander/health_reports/AGENT_HEALTH_REPORT_20260301_043501.md

🔑 关键信息:
============================================================
🦞 Agent健康监控器启动
============================================================
❌ 任务状态中没有agentStates数据
⚠️ 任务状态中没有activeTasks数据

📊 健康检查完成
  监控Agent: 0个
  活跃任务: 0个
  生成告警: 0个
  报告文件: /Users/variya/.openclaw/workspace/.commander/health_reports/AGENT_HEALTH_REPORT_20260301_044000.md

🔑 关键信息:
============================================================
🦞 Agent健康监控器启动
============================================================
❌ 任务状态中没有agentStates数据
⚠️ 任务状态中没有activeTasks数据

📊 健康检查完成
  监控Agent: 0个
  活跃任务: 0个
  生成告警: 0个
  报告文件: /Users/variya/.openclaw/workspace/.commander/health_reports/AGENT_HEALTH_REPORT_20260301_044500.md

🔑 关键信息:
============================================================
🦞 Agent健康监控器启动
============================================================
❌ 任务状态中没有agentStates数据
⚠️ 任务状态中没有activeTasks数据

📊 健康检查完成
  监控Agent: 0个
  活跃任务: 0个
  生成告警: 0个
  报告文件: /Users/variya/.openclaw/workspace/.commander/health_reports/AGENT_HEALTH_REPORT_20260301_045000.md

🔑 关键信息:
============================================================
🦞 Agent健康监控器启动
============================================================
❌ 任务状态中没有agentStates数据
⚠️ 任务状态中没有activeTasks数据

📊 健康检查完成
  监控Agent: 0个
  活跃任务: 0个
  生成告警: 0个
  报告文件: /Users/variya/.openclaw/workspace/.commander/health_reports/AGENT_HEALTH_REPORT_20260301_045500.md

🔑 关键信息:
============================================================
🦞 Agent健康监控器启动
============================================================
❌ 任务状态中没有agentStates数据
⚠️ 任务状态中没有activeTasks数据

📊 健康检查完成
  监控Agent: 0个
  活跃任务: 0个
  生成告警: 0个
  报告文件: /Users/variya/.openclaw/workspace/.commander/health_reports/AGENT_HEALTH_REPORT_20260301_050001.md

🔑 关键信息:
============================================================
🦞 Agent健康监控器启动
============================================================
❌ 任务状态中没有agentStates数据
⚠️ 任务状态中没有activeTasks数据

📊 健康检查完成
  监控Agent: 0个
  活跃任务: 0个
  生成告警: 0个
  报告文件: /Users/variya/.openclaw/workspace/.commander/health_reports/AGENT_HEALTH_REPORT_20260301_050500.md

🔑 关键信息:
============================================================
🦞 Agent健康监控器启动
============================================================
❌ 任务状态中没有agentStates数据
⚠️ 任务状态中没有activeTasks数据

📊 健康检查完成
  监控Agent: 0个
  活跃任务: 0个
  生成告警: 0个
  报告文件: /Users/variya/.openclaw/workspace/.commander/health_reports/AGENT_HEALTH_REPORT_20260301_051000.md

🔑 关键信息:
============================================================
🦞 Agent健康监控器启动
============================================================
❌ 任务状态中没有agentStates数据
⚠️ 任务状态中没有activeTasks数据

📊 健康检查完成
  监控Agent: 0个
  活跃任务: 0个
  生成告警: 0个
  报告文件: /Users/variya/.openclaw/workspace/.commander/health_reports/AGENT_HEALTH_REPORT_20260301_051500.md

🔑 关键信息:
============================================================
🦞 Agent健康监控器启动
============================================================
❌ 任务状态中没有agentStates数据
⚠️ 任务状态中没有activeTasks数据

📊 健康检查完成
  监控Agent: 0个
  活跃任务: 0个
  生成告警: 0个
  报告文件: /Users/variya/.openclaw/workspace/.commander/health_reports/AGENT_HEALTH_REPORT_20260301_052000.md

🔑 关键信息:
============================================================
🦞 Agent健康监控器启动
============================================================
❌ 任务状态中没有agentStates数据
⚠️ 任务状态中没有activeTasks数据

📊 健康检查完成
  监控Agent: 0个
  活跃任务: 0个
  生成告警: 0个
  报告文件: /Users/variya/.openclaw/workspace/.commander/health_reports/AGENT_HEALTH_REPORT_20260301_052500.md

🔑 关键信息:
============================================================
🦞 Agent健康监控器启动
============================================================
❌ 任务状态中没有agentStates数据
⚠️ 任务状态中没有activeTasks数据

📊 健康检查完成
  监控Agent: 0个
  活跃任务: 0个
  生成告警: 0个
  报告文件: /Users/variya/.openclaw/workspace/.commander/health_reports/AGENT_HEALTH_REPORT_20260301_053000.md

🔑 关键信息:
============================================================
🦞 Agent健康监控器启动
============================================================
❌ 任务状态中没有agentStates数据
⚠️ 任务状态中没有activeTasks数据

📊 健康检查完成
  监控Agent: 0个
  活跃任务: 0个
  生成告警: 0个
  报告文件: /Users/variya/.openclaw/workspace/.commander/health_reports/AGENT_HEALTH_REPORT_20260301_053501.md

🔑 关键信息:
============================================================
🦞 Agent健康监控器启动
============================================================
❌ 任务状态中没有agentStates数据
⚠️ 任务状态中没有activeTasks数据

📊 健康检查完成
  监控Agent: 0个
  活跃任务: 0个
  生成告警: 0个
  报告文件: /Users/variya/.openclaw/workspace/.commander/health_reports/AGENT_HEALTH_REPORT_20260301_054000.md

🔑 关键信息:
============================================================
🦞 Agent健康监控器启动
============================================================
❌ 任务状态中没有agentStates数据
⚠️ 任务状态中没有activeTasks数据

📊 健康检查完成
  监控Agent: 0个
  活跃任务: 0个
  生成告警: 0个
  报告文件: /Users/variya/.openclaw/workspace/.commander/health_reports/AGENT_HEALTH_REPORT_20260301_054500.md

🔑 关键信息:
============================================================
🦞 Agent健康监控器启动
============================================================
❌ 任务状态中没有agentStates数据
⚠️ 任务状态中没有activeTasks数据

📊 健康检查完成
  监控Agent: 0个
  活跃任务: 0个
  生成告警: 0个
  报告文件: /Users/variya/.openclaw/workspace/.commander/health_reports/AGENT_HEALTH_REPORT_20260301_055001.md

🔑 关键信息:
============================================================
🦞 Agent健康监控器启动
============================================================
❌ 任务状态中没有agentStates数据
⚠️ 任务状态中没有activeTasks数据

📊 健康检查完成
  监控Agent: 0个
  活跃任务: 0个
  生成告警: 0个
  报告文件: /Users/variya/.openclaw/workspace/.commander/health_reports/AGENT_HEALTH_REPORT_20260301_055500.md

🔑 关键信息:
============================================================
🦞 Agent健康监控器启动
============================================================
❌ 任务状态中没有agentStates数据
⚠️ 任务状态中没有activeTasks数据

📊 健康检查完成
  监控Agent: 0个
  活跃任务: 0个
  生成告警: 0个
  报告文件: /Users/variya/.openclaw/workspace/.commander/health_reports/AGENT_HEALTH_REPORT_20260301_060000.md

🔑 关键信息:
============================================================
🦞 Agent健康监控器启动
============================================================
❌ 任务状态中没有agentStates数据
⚠️ 任务状态中没有activeTasks数据

📊 健康检查完成
  监控Agent: 0个
  活跃任务: 0个
  生成告警: 0个
  报告文件: /Users/variya/.openclaw/workspace/.commander/health_reports/AGENT_HEALTH_REPORT_20260301_060501.md

🔑 关键信息:
============================================================
🦞 Agent健康监控器启动
============================================================
❌ 任务状态中没有agentStates数据
⚠️ 任务状态中没有activeTasks数据

📊 健康检查完成
  监控Agent: 0个
  活跃任务: 0个
  生成告警: 0个
  报告文件: /Users/variya/.openclaw/workspace/.commander/health_reports/AGENT_HEALTH_REPORT_20260301_061000.md

🔑 关键信息:
============================================================
🦞 Agent健康监控器启动
============================================================
❌ 任务状态中没有agentStates数据
⚠️ 任务状态中没有activeTasks数据

📊 健康检查完成
  监控Agent: 0个
  活跃任务: 0个
  生成告警: 0个
  报告文件: /Users/variya/.openclaw/workspace/.commander/health_reports/AGENT_HEALTH_REPORT_20260301_061500.md

🔑 关键信息:
============================================================
🦞 Agent健康监控器启动
============================================================
❌ 任务状态中没有agentStates数据
⚠️ 任务状态中没有activeTasks数据

📊 健康检查完成
  监控Agent: 0个
  活跃任务: 0个
  生成告警: 0个
  报告文件: /Users/variya/.openclaw/workspace/.commander/health_reports/AGENT_HEALTH_REPORT_20260301_062000.md

🔑 关键信息:
============================================================
🦞 Agent健康监控器启动
============================================================
❌ 任务状态中没有agentStates数据
⚠️ 任务状态中没有activeTasks数据

📊 健康检查完成
  监控Agent: 0个
  活跃任务: 0个
  生成告警: 0个
  报告文件: /Users/variya/.openclaw/workspace/.commander/health_reports/AGENT_HEALTH_REPORT_20260301_062500.md

🔑 关键信息:
============================================================
🦞 Agent健康监控器启动
============================================================
❌ 任务状态中没有agentStates数据
⚠️ 任务状态中没有activeTasks数据

📊 健康检查完成
  监控Agent: 0个
  活跃任务: 0个
  生成告警: 0个
  报告文件: /Users/variya/.openclaw/workspace/.commander/health_reports/AGENT_HEALTH_REPORT_20260301_063001.md

🔑 关键信息:
============================================================
🦞 Agent健康监控器启动
============================================================
❌ 任务状态中没有agentStates数据
⚠️ 任务状态中没有activeTasks数据

📊 健康检查完成
  监控Agent: 0个
  活跃任务: 0个
  生成告警: 0个
  报告文件: /Users/variya/.openclaw/workspace/.commander/health_reports/AGENT_HEALTH_REPORT_20260301_063500.md

🔑 关键信息:
============================================================
🦞 Agent健康监控器启动
============================================================
❌ 任务状态中没有agentStates数据
⚠️ 任务状态中没有activeTasks数据

📊 健康检查完成
  监控Agent: 0个
  活跃任务: 0个
  生成告警: 0个
  报告文件: /Users/variya/.openclaw/workspace/.commander/health_reports/AGENT_HEALTH_REPORT_20260301_064000.md

🔑 关键信息:
============================================================
🦞 Agent健康监控器启动
============================================================
❌ 任务状态中没有agentStates数据
⚠️ 任务状态中没有activeTasks数据

📊 健康检查完成
  监控Agent: 0个
  活跃任务: 0个
  生成告警: 0个
  报告文件: /Users/variya/.openclaw/workspace/.commander/health_reports/AGENT_HEALTH_REPORT_20260301_064755.md

🔑 关键信息:
============================================================
🦞 Agent健康监控器启动
============================================================
❌ 任务状态中没有agentStates数据
⚠️ 任务状态中没有activeTasks数据

📊 健康检查完成
  监控Agent: 0个
  活跃任务: 0个
  生成告警: 0个
  报告文件: /Users/variya/.openclaw/workspace/.commander/health_reports/AGENT_HEALTH_REPORT_20260301_070742.md

🔑 关键信息:
============================================================
🦞 Agent健康监控器启动
============================================================
❌ 任务状态中没有agentStates数据
⚠️ 任务状态中没有activeTasks数据

📊 健康检查完成
  监控Agent: 0个
  活跃任务: 0个
  生成告警: 0个
  报告文件: /Users/variya/.openclaw/workspace/.commander/health_reports/AGENT_HEALTH_REPORT_20260301_073105.md

🔑 关键信息:
============================================================
🦞 Agent健康监控器启动
============================================================
❌ 任务状态中没有agentStates数据
⚠️ 任务状态中没有activeTasks数据

📊 健康检查完成
  监控Agent: 0个
  活跃任务: 0个
  生成告警: 0个
  报告文件: /Users/variya/.openclaw/workspace/.commander/health_reports/AGENT_HEALTH_REPORT_20260301_081029.md

🔑 关键信息:
============================================================
🦞 Agent健康监控器启动
============================================================
❌ 任务状态中没有agentStates数据
⚠️ 任务状态中没有activeTasks数据

📊 健康检查完成
  监控Agent: 0个
  活跃任务: 0个
  生成告警: 0个
  报告文件: /Users/variya/.openclaw/workspace/.commander/health_reports/AGENT_HEALTH_REPORT_20260301_084504.md

🔑 关键信息:
============================================================
🦞 Agent健康监控器启动
============================================================
❌ 任务状态中没有agentStates数据
⚠️ 任务状态中没有activeTasks数据

📊 健康检查完成
  监控Agent: 0个
  活跃任务: 0个
  生成告警: 0个
  报告文件: /Users/variya/.openclaw/workspace/.commander/health_reports/AGENT_HEALTH_REPORT_20260301_094950.md

🔑 关键信息:
============================================================
🦞 Agent健康监控器启动
============================================================
❌ 任务状态中没有agentStates数据
⚠️ 任务状态中没有activeTasks数据

📊 健康检查完成
  监控Agent: 0个
  活跃任务: 0个
  生成告警: 0个
  报告文件: /Users/variya/.openclaw/workspace/.commander/health_reports/AGENT_HEALTH_REPORT_20260301_095000.md

🔑 关键信息:
============================================================
🦞 Agent健康监控器启动
============================================================
❌ 任务状态中没有agentStates数据
⚠️ 任务状态中没有activeTasks数据

📊 健康检查完成
  监控Agent: 0个
  活跃任务: 0个
  生成告警: 0个
  报告文件: /Users/variya/.openclaw/workspace/.commander/health_reports/AGENT_HEALTH_REPORT_20260301_095545.md

🔑 关键信息:
============================================================
🦞 Agent健康监控器启动
============================================================
❌ 任务状态中没有agentStates数据
⚠️ 任务状态中没有activeTasks数据

📊 健康检查完成
  监控Agent: 0个
  活跃任务: 0个
  生成告警: 0个
  报告文件: /Users/variya/.openclaw/workspace/.commander/health_reports/AGENT_HEALTH_REPORT_20260301_104500.md

🔑 关键信息:
============================================================
🦞 Agent健康监控器启动
============================================================
❌ 任务状态中没有agentStates数据
⚠️ 任务状态中没有activeTasks数据

📊 健康检查完成
  监控Agent: 0个
  活跃任务: 0个
  生成告警: 0个
  报告文件: /Users/variya/.openclaw/workspace/.commander/health_reports/AGENT_HEALTH_REPORT_20260301_105055.md

🔑 关键信息:
============================================================
🦞 Agent健康监控器启动
============================================================
❌ 任务状态中没有agentStates数据
⚠️ 任务状态中没有activeTasks数据

📊 健康检查完成
  监控Agent: 0个
  活跃任务: 0个
  生成告警: 0个
  报告文件: /Users/variya/.openclaw/workspace/.commander/health_reports/AGENT_HEALTH_REPORT_20260301_134500.md

🔑 关键信息:
============================================================
🦞 Agent健康监控器启动
============================================================
❌ 任务状态中没有agentStates数据
⚠️ 任务状态中没有activeTasks数据

📊 健康检查完成
  监控Agent: 0个
  活跃任务: 0个
  生成告警: 0个
  报告文件: /Users/variya/.openclaw/workspace/.commander/health_reports/AGENT_HEALTH_REPORT_20260301_135000.md

🔑 关键信息:
============================================================
🦞 Agent健康监控器启动
============================================================
❌ 任务状态中没有agentStates数据
⚠️ 任务状态中没有activeTasks数据

📊 健康检查完成
  监控Agent: 0个
  活跃任务: 0个
  生成告警: 0个
  报告文件: /Users/variya/.openclaw/workspace/.commander/health_reports/AGENT_HEALTH_REPORT_20260301_145158.md

🔑 关键信息:
============================================================
🦞 Agent健康监控器启动
============================================================
❌ 任务状态中没有agentStates数据
⚠️ 任务状态中没有activeTasks数据

📊 健康检查完成
  监控Agent: 0个
  活跃任务: 0个
  生成告警: 0个
  报告文件: /Users/variya/.openclaw/workspace/.commander/health_reports/AGENT_HEALTH_REPORT_20260301_145500.md

🔑 关键信息:
============================================================
🦞 Agent健康监控器启动
============================================================
❌ 任务状态中没有agentStates数据
⚠️ 任务状态中没有activeTasks数据

📊 健康检查完成
  监控Agent: 0个
  活跃任务: 0个
  生成告警: 0个
  报告文件: /Users/variya/.openclaw/workspace/.commander/health_reports/AGENT_HEALTH_REPORT_20260301_150001.md

🔑 关键信息:
============================================================
🦞 Agent健康监控器启动
============================================================
❌ 任务状态中没有agentStates数据
⚠️ 任务状态中没有activeTasks数据

📊 健康检查完成
  监控Agent: 0个
  活跃任务: 0个
  生成告警: 0个
  报告文件: /Users/variya/.openclaw/workspace/.commander/health_reports/AGENT_HEALTH_REPORT_20260301_150500.md

🔑 关键信息:
============================================================
🦞 Agent健康监控器启动
============================================================
❌ 任务状态中没有agentStates数据
⚠️ 任务状态中没有activeTasks数据

📊 健康检查完成
  监控Agent: 0个
  活跃任务: 0个
  生成告警: 0个
  报告文件: /Users/variya/.openclaw/workspace/.commander/health_reports/AGENT_HEALTH_REPORT_20260301_151000.md

🔑 关键信息:
============================================================
🦞 Agent健康监控器启动
============================================================
❌ 任务状态中没有agentStates数据
⚠️ 任务状态中没有activeTasks数据

📊 健康检查完成
  监控Agent: 0个
  活跃任务: 0个
  生成告警: 0个
  报告文件: /Users/variya/.openclaw/workspace/.commander/health_reports/AGENT_HEALTH_REPORT_20260301_151500.md

🔑 关键信息:
============================================================
🦞 Agent健康监控器启动
============================================================
❌ 任务状态中没有agentStates数据
⚠️ 任务状态中没有activeTasks数据

📊 健康检查完成
  监控Agent: 0个
  活跃任务: 0个
  生成告警: 0个
  报告文件: /Users/variya/.openclaw/workspace/.commander/health_reports/AGENT_HEALTH_REPORT_20260301_152001.md

🔑 关键信息:
============================================================
🦞 Agent健康监控器启动
============================================================
❌ 任务状态中没有agentStates数据
⚠️ 任务状态中没有activeTasks数据

📊 健康检查完成
  监控Agent: 0个
  活跃任务: 0个
  生成告警: 0个
  报告文件: /Users/variya/.openclaw/workspace/.commander/health_reports/AGENT_HEALTH_REPORT_20260301_152500.md

🔑 关键信息:
============================================================
🦞 Agent健康监控器启动
============================================================
❌ 任务状态中没有agentStates数据
⚠️ 任务状态中没有activeTasks数据

📊 健康检查完成
  监控Agent: 0个
  活跃任务: 0个
  生成告警: 0个
  报告文件: /Users/variya/.openclaw/workspace/.commander/health_reports/AGENT_HEALTH_REPORT_20260301_153000.md

🔑 关键信息:
============================================================
🦞 Agent健康监控器启动
============================================================
❌ 任务状态中没有agentStates数据
⚠️ 任务状态中没有activeTasks数据

📊 健康检查完成
  监控Agent: 0个
  活跃任务: 0个
  生成告警: 0个
  报告文件: /Users/variya/.openclaw/workspace/.commander/health_reports/AGENT_HEALTH_REPORT_20260301_153500.md

🔑 关键信息:
============================================================
🦞 Agent健康监控器启动
============================================================
❌ 任务状态中没有agentStates数据
⚠️ 任务状态中没有activeTasks数据

📊 健康检查完成
  监控Agent: 0个
  活跃任务: 0个
  生成告警: 0个
  报告文件: /Users/variya/.openclaw/workspace/.commander/health_reports/AGENT_HEALTH_REPORT_20260301_154001.md

🔑 关键信息:
============================================================
🦞 Agent健康监控器启动
============================================================
❌ 任务状态中没有agentStates数据
⚠️ 任务状态中没有activeTasks数据

📊 健康检查完成
  监控Agent: 0个
  活跃任务: 0个
  生成告警: 0个
  报告文件: /Users/variya/.openclaw/workspace/.commander/health_reports/AGENT_HEALTH_REPORT_20260301_154500.md

🔑 关键信息:
============================================================
🦞 Agent健康监控器启动
============================================================
❌ 任务状态中没有agentStates数据
⚠️ 任务状态中没有activeTasks数据

📊 健康检查完成
  监控Agent: 0个
  活跃任务: 0个
  生成告警: 0个
  报告文件: /Users/variya/.openclaw/workspace/.commander/health_reports/AGENT_HEALTH_REPORT_20260301_155000.md

🔑 关键信息:
============================================================
🦞 Agent健康监控器启动
============================================================
❌ 任务状态中没有agentStates数据
⚠️ 任务状态中没有activeTasks数据

📊 健康检查完成
  监控Agent: 0个
  活跃任务: 0个
  生成告警: 0个
  报告文件: /Users/variya/.openclaw/workspace/.commander/health_reports/AGENT_HEALTH_REPORT_20260301_155501.md

🔑 关键信息:
============================================================
🦞 Agent健康监控器启动
============================================================
❌ 任务状态中没有agentStates数据
⚠️ 任务状态中没有activeTasks数据

📊 健康检查完成
  监控Agent: 0个
  活跃任务: 0个
  生成告警: 0个
  报告文件: /Users/variya/.openclaw/workspace/.commander/health_reports/AGENT_HEALTH_REPORT_20260301_160000.md

🔑 关键信息:
============================================================
🦞 Agent健康监控器启动
============================================================
❌ 任务状态中没有agentStates数据
⚠️ 任务状态中没有activeTasks数据

📊 健康检查完成
  监控Agent: 0个
  活跃任务: 0个
  生成告警: 0个
  报告文件: /Users/variya/.openclaw/workspace/.commander/health_reports/AGENT_HEALTH_REPORT_20260301_160500.md

🔑 关键信息:
============================================================
🦞 Agent健康监控器启动
============================================================
❌ 任务状态中没有agentStates数据
⚠️ 任务状态中没有activeTasks数据

📊 健康检查完成
  监控Agent: 0个
  活跃任务: 0个
  生成告警: 0个
  报告文件: /Users/variya/.openclaw/workspace/.commander/health_reports/AGENT_HEALTH_REPORT_20260301_161000.md

🔑 关键信息:
============================================================
🦞 Agent健康监控器启动
============================================================
❌ 任务状态中没有agentStates数据
⚠️ 任务状态中没有activeTasks数据

📊 健康检查完成
  监控Agent: 0个
  活跃任务: 0个
  生成告警: 0个
  报告文件: /Users/variya/.openclaw/workspace/.commander/health_reports/AGENT_HEALTH_REPORT_20260301_161500.md

🔑 关键信息:
============================================================
🦞 Agent健康监控器启动
============================================================
❌ 任务状态中没有agentStates数据
⚠️ 任务状态中没有activeTasks数据

📊 健康检查完成
  监控Agent: 0个
  活跃任务: 0个
  生成告警: 0个
  报告文件: /Users/variya/.openclaw/workspace/.commander/health_reports/AGENT_HEALTH_REPORT_20260301_162001.md

🔑 关键信息:
============================================================
🦞 Agent健康监控器启动
============================================================
❌ 任务状态中没有agentStates数据
⚠️ 任务状态中没有activeTasks数据

📊 健康检查完成
  监控Agent: 0个
  活跃任务: 0个
  生成告警: 0个
  报告文件: /Users/variya/.openclaw/workspace/.commander/health_reports/AGENT_HEALTH_REPORT_20260301_162500.md

🔑 关键信息:
============================================================
🦞 Agent健康监控器启动
============================================================
❌ 任务状态中没有agentStates数据
⚠️ 任务状态中没有activeTasks数据

📊 健康检查完成
  监控Agent: 0个
  活跃任务: 0个
  生成告警: 0个
  报告文件: /Users/variya/.openclaw/workspace/.commander/health_reports/AGENT_HEALTH_REPORT_20260301_163000.md

🔑 关键信息:
============================================================
🦞 Agent健康监控器启动
============================================================
❌ 任务状态中没有agentStates数据
⚠️ 任务状态中没有activeTasks数据

📊 健康检查完成
  监控Agent: 0个
  活跃任务: 0个
  生成告警: 0个
  报告文件: /Users/variya/.openclaw/workspace/.commander/health_reports/AGENT_HEALTH_REPORT_20260301_163500.md

🔑 关键信息:
============================================================
🦞 Agent健康监控器启动
============================================================
❌ 任务状态中没有agentStates数据
⚠️ 任务状态中没有activeTasks数据

📊 健康检查完成
  监控Agent: 0个
  活跃任务: 0个
  生成告警: 0个
  报告文件: /Users/variya/.openclaw/workspace/.commander/health_reports/AGENT_HEALTH_REPORT_20260301_164000.md

🔑 关键信息:
============================================================
🦞 Agent健康监控器启动
============================================================
❌ 任务状态中没有agentStates数据
⚠️ 任务状态中没有activeTasks数据

📊 健康检查完成
  监控Agent: 0个
  活跃任务: 0个
  生成告警: 0个
  报告文件: /Users/variya/.openclaw/workspace/.commander/health_reports/AGENT_HEALTH_REPORT_20260301_164500.md

🔑 关键信息:
============================================================
🦞 Agent健康监控器启动
============================================================
❌ 任务状态中没有agentStates数据
⚠️ 任务状态中没有activeTasks数据

📊 健康检查完成
  监控Agent: 0个
  活跃任务: 0个
  生成告警: 0个
  报告文件: /Users/variya/.openclaw/workspace/.commander/health_reports/AGENT_HEALTH_REPORT_20260301_165001.md

🔑 关键信息:
============================================================
🦞 Agent健康监控器启动
============================================================
❌ 任务状态中没有agentStates数据
⚠️ 任务状态中没有activeTasks数据

📊 健康检查完成
  监控Agent: 0个
  活跃任务: 0个
  生成告警: 0个
  报告文件: /Users/variya/.openclaw/workspace/.commander/health_reports/AGENT_HEALTH_REPORT_20260301_165500.md

🔑 关键信息:
============================================================
🦞 Agent健康监控器启动
============================================================
❌ 任务状态中没有agentStates数据
⚠️ 任务状态中没有activeTasks数据

📊 健康检查完成
  监控Agent: 0个
  活跃任务: 0个
  生成告警: 0个
  报告文件: /Users/variya/.openclaw/workspace/.commander/health_reports/AGENT_HEALTH_REPORT_20260301_170000.md

🔑 关键信息:
============================================================
🦞 Agent健康监控器启动
============================================================
❌ 任务状态中没有agentStates数据
⚠️ 任务状态中没有activeTasks数据

📊 健康检查完成
  监控Agent: 0个
  活跃任务: 0个
  生成告警: 0个
  报告文件: /Users/variya/.openclaw/workspace/.commander/health_reports/AGENT_HEALTH_REPORT_20260301_170501.md

🔑 关键信息:
============================================================
🦞 Agent健康监控器启动
============================================================
❌ 任务状态中没有agentStates数据
⚠️ 任务状态中没有activeTasks数据

📊 健康检查完成
  监控Agent: 0个
  活跃任务: 0个
  生成告警: 0个
  报告文件: /Users/variya/.openclaw/workspace/.commander/health_reports/AGENT_HEALTH_REPORT_20260301_171000.md

🔑 关键信息:
============================================================
🦞 Agent健康监控器启动
============================================================
❌ 任务状态中没有agentStates数据
⚠️ 任务状态中没有activeTasks数据

📊 健康检查完成
  监控Agent: 0个
  活跃任务: 0个
  生成告警: 0个
  报告文件: /Users/variya/.openclaw/workspace/.commander/health_reports/AGENT_HEALTH_REPORT_20260301_171500.md

🔑 关键信息:
============================================================
🦞 Agent健康监控器启动
============================================================
❌ 任务状态中没有agentStates数据
⚠️ 任务状态中没有activeTasks数据

📊 健康检查完成
  监控Agent: 0个
  活跃任务: 0个
  生成告警: 0个
  报告文件: /Users/variya/.openclaw/workspace/.commander/health_reports/AGENT_HEALTH_REPORT_20260301_172000.md

🔑 关键信息:
============================================================
🦞 Agent健康监控器启动
============================================================
❌ 任务状态中没有agentStates数据
⚠️ 任务状态中没有activeTasks数据

📊 健康检查完成
  监控Agent: 0个
  活跃任务: 0个
  生成告警: 0个
  报告文件: /Users/variya/.openclaw/workspace/.commander/health_reports/AGENT_HEALTH_REPORT_20260301_172500.md

🔑 关键信息:
============================================================
🦞 Agent健康监控器启动
============================================================
❌ 任务状态中没有agentStates数据
⚠️ 任务状态中没有activeTasks数据

📊 健康检查完成
  监控Agent: 0个
  活跃任务: 0个
  生成告警: 0个
  报告文件: /Users/variya/.openclaw/workspace/.commander/health_reports/AGENT_HEALTH_REPORT_20260301_173000.md

🔑 关键信息:
============================================================
🦞 Agent健康监控器启动
============================================================
❌ 任务状态中没有agentStates数据
⚠️ 任务状态中没有activeTasks数据

📊 健康检查完成
  监控Agent: 0个
  活跃任务: 0个
  生成告警: 0个
  报告文件: /Users/variya/.openclaw/workspace/.commander/health_reports/AGENT_HEALTH_REPORT_20260301_173500.md

🔑 关键信息:
============================================================
🦞 Agent健康监控器启动
============================================================
❌ 任务状态中没有agentStates数据
⚠️ 任务状态中没有activeTasks数据

📊 健康检查完成
  监控Agent: 0个
  活跃任务: 0个
  生成告警: 0个
  报告文件: /Users/variya/.openclaw/workspace/.commander/health_reports/AGENT_HEALTH_REPORT_20260301_174000.md

🔑 关键信息:
============================================================
🦞 Agent健康监控器启动
============================================================
❌ 任务状态中没有agentStates数据
⚠️ 任务状态中没有activeTasks数据

📊 健康检查完成
  监控Agent: 0个
  活跃任务: 0个
  生成告警: 0个
  报告文件: /Users/variya/.openclaw/workspace/.commander/health_reports/AGENT_HEALTH_REPORT_20260301_174500.md

🔑 关键信息:
============================================================
🦞 Agent健康监控器启动
============================================================
❌ 任务状态中没有agentStates数据
⚠️ 任务状态中没有activeTasks数据

📊 健康检查完成
  监控Agent: 0个
  活跃任务: 0个
  生成告警: 0个
  报告文件: /Users/variya/.openclaw/workspace/.commander/health_reports/AGENT_HEALTH_REPORT_20260301_175001.md

🔑 关键信息:
============================================================
🦞 Agent健康监控器启动
============================================================
❌ 任务状态中没有agentStates数据
⚠️ 任务状态中没有activeTasks数据

📊 健康检查完成
  监控Agent: 0个
  活跃任务: 0个
  生成告警: 0个
  报告文件: /Users/variya/.openclaw/workspace/.commander/health_reports/AGENT_HEALTH_REPORT_20260301_175500.md

🔑 关键信息:
============================================================
🦞 Agent健康监控器启动
============================================================
❌ 任务状态中没有agentStates数据
⚠️ 任务状态中没有activeTasks数据

📊 健康检查完成
  监控Agent: 0个
  活跃任务: 0个
  生成告警: 0个
  报告文件: /Users/variya/.openclaw/workspace/.commander/health_reports/AGENT_HEALTH_REPORT_20260301_180000.md

🔑 关键信息:
============================================================
🦞 Agent健康监控器启动
============================================================
❌ 任务状态中没有agentStates数据
⚠️ 任务状态中没有activeTasks数据

📊 健康检查完成
  监控Agent: 0个
  活跃任务: 0个
  生成告警: 0个
  报告文件: /Users/variya/.openclaw/workspace/.commander/health_reports/AGENT_HEALTH_REPORT_20260301_180500.md

🔑 关键信息:
============================================================
🦞 Agent健康监控器启动
============================================================
❌ 任务状态中没有agentStates数据
⚠️ 任务状态中没有activeTasks数据

📊 健康检查完成
  监控Agent: 0个
  活跃任务: 0个
  生成告警: 0个
  报告文件: /Users/variya/.openclaw/workspace/.commander/health_reports/AGENT_HEALTH_REPORT_20260301_181000.md

🔑 关键信息:
============================================================
🦞 Agent健康监控器启动
============================================================
❌ 任务状态中没有agentStates数据
⚠️ 任务状态中没有activeTasks数据

📊 健康检查完成
  监控Agent: 0个
  活跃任务: 0个
  生成告警: 0个
  报告文件: /Users/variya/.openclaw/workspace/.commander/health_reports/AGENT_HEALTH_REPORT_20260301_181500.md

🔑 关键信息:
============================================================
🦞 Agent健康监控器启动
============================================================
❌ 任务状态中没有agentStates数据
⚠️ 任务状态中没有activeTasks数据

📊 健康检查完成
  监控Agent: 0个
  活跃任务: 0个
  生成告警: 0个
  报告文件: /Users/variya/.openclaw/workspace/.commander/health_reports/AGENT_HEALTH_REPORT_20260301_182543.md

🔑 关键信息:
============================================================
🦞 Agent健康监控器启动
============================================================
❌ 任务状态中没有agentStates数据
⚠️ 任务状态中没有activeTasks数据

📊 健康检查完成
  监控Agent: 0个
  活跃任务: 0个
  生成告警: 0个
  报告文件: /Users/variya/.openclaw/workspace/.commander/health_reports/AGENT_HEALTH_REPORT_20260301_184500.md

🔑 关键信息:
============================================================
🦞 Agent健康监控器启动
============================================================
❌ 任务状态中没有agentStates数据
⚠️ 任务状态中没有activeTasks数据

📊 健康检查完成
  监控Agent: 0个
  活跃任务: 0个
  生成告警: 0个
  报告文件: /Users/variya/.openclaw/workspace/.commander/health_reports/AGENT_HEALTH_REPORT_20260301_185001.md

🔑 关键信息:
============================================================
🦞 Agent健康监控器启动
============================================================
❌ 任务状态中没有agentStates数据
⚠️ 任务状态中没有activeTasks数据

📊 健康检查完成
  监控Agent: 0个
  活跃任务: 0个
  生成告警: 0个
  报告文件: /Users/variya/.openclaw/workspace/.commander/health_reports/AGENT_HEALTH_REPORT_20260301_185500.md

🔑 关键信息:
============================================================
🦞 Agent健康监控器启动
============================================================
❌ 任务状态中没有agentStates数据
⚠️ 任务状态中没有activeTasks数据

📊 健康检查完成
  监控Agent: 0个
  活跃任务: 0个
  生成告警: 0个
  报告文件: /Users/variya/.openclaw/workspace/.commander/health_reports/AGENT_HEALTH_REPORT_20260301_190000.md

🔑 关键信息:
============================================================
🦞 Agent健康监控器启动
============================================================
❌ 任务状态中没有agentStates数据
⚠️ 任务状态中没有activeTasks数据

📊 健康检查完成
  监控Agent: 0个
  活跃任务: 0个
  生成告警: 0个
  报告文件: /Users/variya/.openclaw/workspace/.commander/health_reports/AGENT_HEALTH_REPORT_20260301_190500.md

🔑 关键信息:
============================================================
🦞 Agent健康监控器启动
============================================================
❌ 任务状态中没有agentStates数据
⚠️ 任务状态中没有activeTasks数据

📊 健康检查完成
  监控Agent: 0个
  活跃任务: 0个
  生成告警: 0个
  报告文件: /Users/variya/.openclaw/workspace/.commander/health_reports/AGENT_HEALTH_REPORT_20260301_191000.md

🔑 关键信息:
============================================================
🦞 Agent健康监控器启动
============================================================
❌ 任务状态中没有agentStates数据
⚠️ 任务状态中没有activeTasks数据

📊 健康检查完成
  监控Agent: 0个
  活跃任务: 0个
  生成告警: 0个
  报告文件: /Users/variya/.openclaw/workspace/.commander/health_reports/AGENT_HEALTH_REPORT_20260301_194509.md

🔑 关键信息:
============================================================
🦞 Agent健康监控器启动
============================================================
❌ 任务状态中没有agentStates数据
⚠️ 任务状态中没有activeTasks数据

📊 健康检查完成
  监控Agent: 0个
  活跃任务: 0个
  生成告警: 0个
  报告文件: /Users/variya/.openclaw/workspace/.commander/health_reports/AGENT_HEALTH_REPORT_20260301_195513.md

🔑 关键信息:
============================================================
🦞 Agent健康监控器启动
============================================================
❌ 任务状态中没有agentStates数据
⚠️ 任务状态中没有activeTasks数据

📊 健康检查完成
  监控Agent: 0个
  活跃任务: 0个
  生成告警: 0个
  报告文件: /Users/variya/.openclaw/workspace/.commander/health_reports/AGENT_HEALTH_REPORT_20260301_204935.md

🔑 关键信息:
============================================================
🦞 Agent健康监控器启动
============================================================
❌ 任务状态中没有agentStates数据
⚠️ 任务状态中没有activeTasks数据

📊 健康检查完成
  监控Agent: 0个
  活跃任务: 0个
  生成告警: 0个
  报告文件: /Users/variya/.openclaw/workspace/.commander/health_reports/AGENT_HEALTH_REPORT_20260301_205001.md

🔑 关键信息:
============================================================
🦞 Agent健康监控器启动
============================================================
❌ 任务状态中没有agentStates数据
⚠️ 任务状态中没有activeTasks数据

📊 健康检查完成
  监控Agent: 0个
  活跃任务: 0个
  生成告警: 0个
  报告文件: /Users/variya/.openclaw/workspace/.commander/health_reports/AGENT_HEALTH_REPORT_20260301_205500.md

🔑 关键信息:
============================================================
🦞 Agent健康监控器启动
============================================================
❌ 任务状态中没有agentStates数据
⚠️ 任务状态中没有activeTasks数据

📊 健康检查完成
  监控Agent: 0个
  活跃任务: 0个
  生成告警: 0个
  报告文件: /Users/variya/.openclaw/workspace/.commander/health_reports/AGENT_HEALTH_REPORT_20260301_210001.md

🔑 关键信息:
============================================================
🦞 Agent健康监控器启动
============================================================
❌ 任务状态中没有agentStates数据
⚠️ 任务状态中没有activeTasks数据

📊 健康检查完成
  监控Agent: 0个
  活跃任务: 0个
  生成告警: 0个
  报告文件: /Users/variya/.openclaw/workspace/.commander/health_reports/AGENT_HEALTH_REPORT_20260301_210500.md

🔑 关键信息:
============================================================
🦞 Agent健康监控器启动
============================================================
❌ 任务状态中没有agentStates数据
⚠️ 任务状态中没有activeTasks数据

📊 健康检查完成
  监控Agent: 0个
  活跃任务: 0个
  生成告警: 0个
  报告文件: /Users/variya/.openclaw/workspace/.commander/health_reports/AGENT_HEALTH_REPORT_20260301_211000.md

🔑 关键信息:
============================================================
🦞 Agent健康监控器启动
============================================================
❌ 任务状态中没有agentStates数据
⚠️ 任务状态中没有activeTasks数据

📊 健康检查完成
  监控Agent: 0个
  活跃任务: 0个
  生成告警: 0个
  报告文件: /Users/variya/.openclaw/workspace/.commander/health_reports/AGENT_HEALTH_REPORT_20260301_211500.md

🔑 关键信息:
============================================================
🦞 Agent健康监控器启动
============================================================
❌ 任务状态中没有agentStates数据
⚠️ 任务状态中没有activeTasks数据

📊 健康检查完成
  监控Agent: 0个
  活跃任务: 0个
  生成告警: 0个
  报告文件: /Users/variya/.openclaw/workspace/.commander/health_reports/AGENT_HEALTH_REPORT_20260301_212000.md

🔑 关键信息:
============================================================
🦞 Agent健康监控器启动
============================================================
❌ 任务状态中没有agentStates数据
⚠️ 任务状态中没有activeTasks数据

📊 健康检查完成
  监控Agent: 0个
  活跃任务: 0个
  生成告警: 0个
  报告文件: /Users/variya/.openclaw/workspace/.commander/health_reports/AGENT_HEALTH_REPORT_20260301_212500.md

🔑 关键信息:
============================================================
🦞 Agent健康监控器启动
============================================================
❌ 任务状态中没有agentStates数据
⚠️ 任务状态中没有activeTasks数据

📊 健康检查完成
  监控Agent: 0个
  活跃任务: 0个
  生成告警: 0个
  报告文件: /Users/variya/.openclaw/workspace/.commander/health_reports/AGENT_HEALTH_REPORT_20260301_213000.md

🔑 关键信息:
============================================================
🦞 Agent健康监控器启动
============================================================
❌ 任务状态中没有agentStates数据
⚠️ 任务状态中没有activeTasks数据

📊 健康检查完成
  监控Agent: 0个
  活跃任务: 0个
  生成告警: 0个
  报告文件: /Users/variya/.openclaw/workspace/.commander/health_reports/AGENT_HEALTH_REPORT_20260301_213500.md

🔑 关键信息:
============================================================
🦞 Agent健康监控器启动
============================================================
❌ 任务状态中没有agentStates数据
⚠️ 任务状态中没有activeTasks数据

📊 健康检查完成
  监控Agent: 0个
  活跃任务: 0个
  生成告警: 0个
  报告文件: /Users/variya/.openclaw/workspace/.commander/health_reports/AGENT_HEALTH_REPORT_20260301_214000.md

🔑 关键信息:
============================================================
🦞 Agent健康监控器启动
============================================================
❌ 任务状态中没有agentStates数据
⚠️ 任务状态中没有activeTasks数据

📊 健康检查完成
  监控Agent: 0个
  活跃任务: 0个
  生成告警: 0个
  报告文件: /Users/variya/.openclaw/workspace/.commander/health_reports/AGENT_HEALTH_REPORT_20260301_214501.md

🔑 关键信息:
============================================================
🦞 Agent健康监控器启动
============================================================
❌ 任务状态中没有agentStates数据
⚠️ 任务状态中没有activeTasks数据

📊 健康检查完成
  监控Agent: 0个
  活跃任务: 0个
  生成告警: 0个
  报告文件: /Users/variya/.openclaw/workspace/.commander/health_reports/AGENT_HEALTH_REPORT_20260301_215000.md

🔑 关键信息:
============================================================
🦞 Agent健康监控器启动
============================================================
❌ 任务状态中没有agentStates数据
⚠️ 任务状态中没有activeTasks数据

📊 健康检查完成
  监控Agent: 0个
  活跃任务: 0个
  生成告警: 0个
  报告文件: /Users/variya/.openclaw/workspace/.commander/health_reports/AGENT_HEALTH_REPORT_20260301_215500.md

🔑 关键信息:
============================================================
🦞 Agent健康监控器启动
============================================================
❌ 任务状态中没有agentStates数据
⚠️ 任务状态中没有activeTasks数据

📊 健康检查完成
  监控Agent: 0个
  活跃任务: 0个
  生成告警: 0个
  报告文件: /Users/variya/.openclaw/workspace/.commander/health_reports/AGENT_HEALTH_REPORT_20260301_220001.md

🔑 关键信息:
============================================================
🦞 Agent健康监控器启动
============================================================
❌ 任务状态中没有agentStates数据
⚠️ 任务状态中没有activeTasks数据

📊 健康检查完成
  监控Agent: 0个
  活跃任务: 0个
  生成告警: 0个
  报告文件: /Users/variya/.openclaw/workspace/.commander/health_reports/AGENT_HEALTH_REPORT_20260301_220500.md

🔑 关键信息:
============================================================
🦞 Agent健康监控器启动
============================================================
❌ 任务状态中没有agentStates数据
⚠️ 任务状态中没有activeTasks数据

📊 健康检查完成
  监控Agent: 0个
  活跃任务: 0个
  生成告警: 0个
  报告文件: /Users/variya/.openclaw/workspace/.commander/health_reports/AGENT_HEALTH_REPORT_20260301_221000.md

🔑 关键信息:
============================================================
🦞 Agent健康监控器启动
============================================================
❌ 任务状态中没有agentStates数据
⚠️ 任务状态中没有activeTasks数据

📊 健康检查完成
  监控Agent: 0个
  活跃任务: 0个
  生成告警: 0个
  报告文件: /Users/variya/.openclaw/workspace/.commander/health_reports/AGENT_HEALTH_REPORT_20260301_221501.md

🔑 关键信息:
============================================================
🦞 Agent健康监控器启动
============================================================
❌ 任务状态中没有agentStates数据
⚠️ 任务状态中没有activeTasks数据

📊 健康检查完成
  监控Agent: 0个
  活跃任务: 0个
  生成告警: 0个
  报告文件: /Users/variya/.openclaw/workspace/.commander/health_reports/AGENT_HEALTH_REPORT_20260301_222000.md

🔑 关键信息:
============================================================
🦞 Agent健康监控器启动
============================================================
❌ 任务状态中没有agentStates数据
⚠️ 任务状态中没有activeTasks数据

📊 健康检查完成
  监控Agent: 0个
  活跃任务: 0个
  生成告警: 0个
  报告文件: /Users/variya/.openclaw/workspace/.commander/health_reports/AGENT_HEALTH_REPORT_20260301_222500.md

🔑 关键信息:
============================================================
🦞 Agent健康监控器启动
============================================================
❌ 任务状态中没有agentStates数据
⚠️ 任务状态中没有activeTasks数据

📊 健康检查完成
  监控Agent: 0个
  活跃任务: 0个
  生成告警: 0个
  报告文件: /Users/variya/.openclaw/workspace/.commander/health_reports/AGENT_HEALTH_REPORT_20260301_223000.md

🔑 关键信息:
============================================================
🦞 Agent健康监控器启动
============================================================
❌ 任务状态中没有agentStates数据
⚠️ 任务状态中没有activeTasks数据

📊 健康检查完成
  监控Agent: 0个
  活跃任务: 0个
  生成告警: 0个
  报告文件: /Users/variya/.openclaw/workspace/.commander/health_reports/AGENT_HEALTH_REPORT_20260301_223500.md

🔑 关键信息:
============================================================
🦞 Agent健康监控器启动
============================================================
❌ 任务状态中没有agentStates数据
⚠️ 任务状态中没有activeTasks数据

📊 健康检查完成
  监控Agent: 0个
  活跃任务: 0个
  生成告警: 0个
  报告文件: /Users/variya/.openclaw/workspace/.commander/health_reports/AGENT_HEALTH_REPORT_20260301_224000.md

🔑 关键信息:
============================================================
🦞 Agent健康监控器启动
============================================================
❌ 任务状态中没有agentStates数据
⚠️ 任务状态中没有activeTasks数据

📊 健康检查完成
  监控Agent: 0个
  活跃任务: 0个
  生成告警: 0个
  报告文件: /Users/variya/.openclaw/workspace/.commander/health_reports/AGENT_HEALTH_REPORT_20260301_224500.md

🔑 关键信息:
============================================================
🦞 Agent健康监控器启动
============================================================
❌ 任务状态中没有agentStates数据
⚠️ 任务状态中没有activeTasks数据

📊 健康检查完成
  监控Agent: 0个
  活跃任务: 0个
  生成告警: 0个
  报告文件: /Users/variya/.openclaw/workspace/.commander/health_reports/AGENT_HEALTH_REPORT_20260301_225001.md

🔑 关键信息:
============================================================
🦞 Agent健康监控器启动
============================================================
❌ 任务状态中没有agentStates数据
⚠️ 任务状态中没有activeTasks数据

📊 健康检查完成
  监控Agent: 0个
  活跃任务: 0个
  生成告警: 0个
  报告文件: /Users/variya/.openclaw/workspace/.commander/health_reports/AGENT_HEALTH_REPORT_20260301_225500.md

🔑 关键信息:
============================================================
🦞 Agent健康监控器启动
============================================================
❌ 任务状态中没有agentStates数据
⚠️ 任务状态中没有activeTasks数据

📊 健康检查完成
  监控Agent: 0个
  活跃任务: 0个
  生成告警: 0个
  报告文件: /Users/variya/.openclaw/workspace/.commander/health_reports/AGENT_HEALTH_REPORT_20260301_230001.md

🔑 关键信息:
============================================================
🦞 Agent健康监控器启动
============================================================
❌ 任务状态中没有agentStates数据
⚠️ 任务状态中没有activeTasks数据

📊 健康检查完成
  监控Agent: 0个
  活跃任务: 0个
  生成告警: 0个
  报告文件: /Users/variya/.openclaw/workspace/.commander/health_reports/AGENT_HEALTH_REPORT_20260301_230500.md

🔑 关键信息:
============================================================
🦞 Agent健康监控器启动
============================================================
❌ 任务状态中没有agentStates数据
⚠️ 任务状态中没有activeTasks数据

📊 健康检查完成
  监控Agent: 0个
  活跃任务: 0个
  生成告警: 0个
  报告文件: /Users/variya/.openclaw/workspace/.commander/health_reports/AGENT_HEALTH_REPORT_20260301_231001.md

🔑 关键信息:
============================================================
🦞 Agent健康监控器启动
============================================================
❌ 任务状态中没有agentStates数据
⚠️ 任务状态中没有activeTasks数据

📊 健康检查完成
  监控Agent: 0个
  活跃任务: 0个
  生成告警: 0个
  报告文件: /Users/variya/.openclaw/workspace/.commander/health_reports/AGENT_HEALTH_REPORT_20260301_231500.md

🔑 关键信息:
============================================================
🦞 Agent健康监控器启动
============================================================
❌ 任务状态中没有agentStates数据
⚠️ 任务状态中没有activeTasks数据

📊 健康检查完成
  监控Agent: 0个
  活跃任务: 0个
  生成告警: 0个
  报告文件: /Users/variya/.openclaw/workspace/.commander/health_reports/AGENT_HEALTH_REPORT_20260301_232000.md

🔑 关键信息:
============================================================
🦞 Agent健康监控器启动
============================================================
❌ 任务状态中没有agentStates数据
⚠️ 任务状态中没有activeTasks数据

📊 健康检查完成
  监控Agent: 0个
  活跃任务: 0个
  生成告警: 0个
  报告文件: /Users/variya/.openclaw/workspace/.commander/health_reports/AGENT_HEALTH_REPORT_20260301_232500.md

🔑 关键信息:
============================================================
🦞 Agent健康监控器启动
============================================================
❌ 任务状态中没有agentStates数据
⚠️ 任务状态中没有activeTasks数据

📊 健康检查完成
  监控Agent: 0个
  活跃任务: 0个
  生成告警: 0个
  报告文件: /Users/variya/.openclaw/workspace/.commander/health_reports/AGENT_HEALTH_REPORT_20260301_233001.md

🔑 关键信息:
============================================================
🦞 Agent健康监控器启动
============================================================
❌ 任务状态中没有agentStates数据
⚠️ 任务状态中没有activeTasks数据

📊 健康检查完成
  监控Agent: 0个
  活跃任务: 0个
  生成告警: 0个
  报告文件: /Users/variya/.openclaw/workspace/.commander/health_reports/AGENT_HEALTH_REPORT_20260301_233500.md

🔑 关键信息:
============================================================
🦞 Agent健康监控器启动
============================================================
❌ 任务状态中没有agentStates数据
⚠️ 任务状态中没有activeTasks数据

📊 健康检查完成
  监控Agent: 0个
  活跃任务: 0个
  生成告警: 0个
  报告文件: /Users/variya/.openclaw/workspace/.commander/health_reports/AGENT_HEALTH_REPORT_20260301_234000.md

🔑 关键信息:
============================================================
🦞 Agent健康监控器启动
============================================================
❌ 任务状态中没有agentStates数据
⚠️ 任务状态中没有activeTasks数据

📊 健康检查完成
  监控Agent: 0个
  活跃任务: 0个
  生成告警: 0个
  报告文件: /Users/variya/.openclaw/workspace/.commander/health_reports/AGENT_HEALTH_REPORT_20260301_234500.md

🔑 关键信息:
============================================================
🦞 Agent健康监控器启动
============================================================
❌ 任务状态中没有agentStates数据
⚠️ 任务状态中没有activeTasks数据

📊 健康检查完成
  监控Agent: 0个
  活跃任务: 0个
  生成告警: 0个
  报告文件: /Users/variya/.openclaw/workspace/.commander/health_reports/AGENT_HEALTH_REPORT_20260301_235001.md

🔑 关键信息:
============================================================
🦞 Agent健康监控器启动
============================================================
❌ 任务状态中没有agentStates数据
⚠️ 任务状态中没有activeTasks数据

📊 健康检查完成
  监控Agent: 0个
  活跃任务: 0个
  生成告警: 0个
  报告文件: /Users/variya/.openclaw/workspace/.commander/health_reports/AGENT_HEALTH_REPORT_20260301_235500.md

🔑 关键信息:
============================================================
🦞 Agent健康监控器启动
============================================================
❌ 任务状态中没有agentStates数据
⚠️ 任务状态中没有activeTasks数据

📊 健康检查完成
  监控Agent: 0个
  活跃任务: 0个
  生成告警: 0个
  报告文件: /Users/variya/.openclaw/workspace/.commander/health_reports/AGENT_HEALTH_REPORT_20260302_000000.md

🔑 关键信息:
============================================================
🦞 Agent健康监控器启动
============================================================
❌ 任务状态中没有agentStates数据
⚠️ 任务状态中没有activeTasks数据

📊 健康检查完成
  监控Agent: 0个
  活跃任务: 0个
  生成告警: 0个
  报告文件: /Users/variya/.openclaw/workspace/.commander/health_reports/AGENT_HEALTH_REPORT_20260302_000500.md

🔑 关键信息:
============================================================
🦞 Agent健康监控器启动
============================================================
❌ 任务状态中没有agentStates数据
⚠️ 任务状态中没有activeTasks数据

📊 健康检查完成
  监控Agent: 0个
  活跃任务: 0个
  生成告警: 0个
  报告文件: /Users/variya/.openclaw/workspace/.commander/health_reports/AGENT_HEALTH_REPORT_20260302_001000.md

🔑 关键信息:
============================================================
🦞 Agent健康监控器启动
============================================================
❌ 任务状态中没有agentStates数据
⚠️ 任务状态中没有activeTasks数据

📊 健康检查完成
  监控Agent: 0个
  活跃任务: 0个
  生成告警: 0个
  报告文件: /Users/variya/.openclaw/workspace/.commander/health_reports/AGENT_HEALTH_REPORT_20260302_001500.md

🔑 关键信息:
============================================================
🦞 Agent健康监控器启动
============================================================
❌ 任务状态中没有agentStates数据
⚠️ 任务状态中没有activeTasks数据

📊 健康检查完成
  监控Agent: 0个
  活跃任务: 0个
  生成告警: 0个
  报告文件: /Users/variya/.openclaw/workspace/.commander/health_reports/AGENT_HEALTH_REPORT_20260302_002000.md

🔑 关键信息:
============================================================
🦞 Agent健康监控器启动
============================================================
❌ 任务状态中没有agentStates数据
⚠️ 任务状态中没有activeTasks数据

📊 健康检查完成
  监控Agent: 0个
  活跃任务: 0个
  生成告警: 0个
  报告文件: /Users/variya/.openclaw/workspace/.commander/health_reports/AGENT_HEALTH_REPORT_20260302_002500.md

🔑 关键信息:
============================================================
🦞 Agent健康监控器启动
============================================================
❌ 任务状态中没有agentStates数据
⚠️ 任务状态中没有activeTasks数据

📊 健康检查完成
  监控Agent: 0个
  活跃任务: 0个
  生成告警: 0个
  报告文件: /Users/variya/.openclaw/workspace/.commander/health_reports/AGENT_HEALTH_REPORT_20260302_003000.md

🔑 关键信息:
============================================================
🦞 Agent健康监控器启动
============================================================
❌ 任务状态中没有agentStates数据
⚠️ 任务状态中没有activeTasks数据

📊 健康检查完成
  监控Agent: 0个
  活跃任务: 0个
  生成告警: 0个
  报告文件: /Users/variya/.openclaw/workspace/.commander/health_reports/AGENT_HEALTH_REPORT_20260302_003501.md

🔑 关键信息:
============================================================
🦞 Agent健康监控器启动
============================================================
❌ 任务状态中没有agentStates数据
⚠️ 任务状态中没有activeTasks数据

📊 健康检查完成
  监控Agent: 0个
  活跃任务: 0个
  生成告警: 0个
  报告文件: /Users/variya/.openclaw/workspace/.commander/health_reports/AGENT_HEALTH_REPORT_20260302_004000.md

🔑 关键信息:
============================================================
🦞 Agent健康监控器启动
============================================================
❌ 任务状态中没有agentStates数据
⚠️ 任务状态中没有activeTasks数据

📊 健康检查完成
  监控Agent: 0个
  活跃任务: 0个
  生成告警: 0个
  报告文件: /Users/variya/.openclaw/workspace/.commander/health_reports/AGENT_HEALTH_REPORT_20260302_004500.md

🔑 关键信息:
============================================================
🦞 Agent健康监控器启动
============================================================
❌ 任务状态中没有agentStates数据
⚠️ 任务状态中没有activeTasks数据

📊 健康检查完成
  监控Agent: 0个
  活跃任务: 0个
  生成告警: 0个
  报告文件: /Users/variya/.openclaw/workspace/.commander/health_reports/AGENT_HEALTH_REPORT_20260302_005000.md

🔑 关键信息:
============================================================
🦞 Agent健康监控器启动
============================================================
❌ 任务状态中没有agentStates数据
⚠️ 任务状态中没有activeTasks数据

📊 健康检查完成
  监控Agent: 0个
  活跃任务: 0个
  生成告警: 0个
  报告文件: /Users/variya/.openclaw/workspace/.commander/health_reports/AGENT_HEALTH_REPORT_20260302_005500.md

🔑 关键信息:
============================================================
🦞 Agent健康监控器启动
============================================================
❌ 任务状态中没有agentStates数据
⚠️ 任务状态中没有activeTasks数据

📊 健康检查完成
  监控Agent: 0个
  活跃任务: 0个
  生成告警: 0个
  报告文件: /Users/variya/.openclaw/workspace/.commander/health_reports/AGENT_HEALTH_REPORT_20260302_010001.md

🔑 关键信息:
============================================================
🦞 Agent健康监控器启动
============================================================
❌ 任务状态中没有agentStates数据
⚠️ 任务状态中没有activeTasks数据

📊 健康检查完成
  监控Agent: 0个
  活跃任务: 0个
  生成告警: 0个
  报告文件: /Users/variya/.openclaw/workspace/.commander/health_reports/AGENT_HEALTH_REPORT_20260302_010500.md

🔑 关键信息:
============================================================
🦞 Agent健康监控器启动
============================================================
❌ 任务状态中没有agentStates数据
⚠️ 任务状态中没有activeTasks数据

📊 健康检查完成
  监控Agent: 0个
  活跃任务: 0个
  生成告警: 0个
  报告文件: /Users/variya/.openclaw/workspace/.commander/health_reports/AGENT_HEALTH_REPORT_20260302_011001.md

🔑 关键信息:
============================================================
🦞 Agent健康监控器启动
============================================================
❌ 任务状态中没有agentStates数据
⚠️ 任务状态中没有activeTasks数据

📊 健康检查完成
  监控Agent: 0个
  活跃任务: 0个
  生成告警: 0个
  报告文件: /Users/variya/.openclaw/workspace/.commander/health_reports/AGENT_HEALTH_REPORT_20260302_011500.md

🔑 关键信息:
============================================================
🦞 Agent健康监控器启动
============================================================
❌ 任务状态中没有agentStates数据
⚠️ 任务状态中没有activeTasks数据

📊 健康检查完成
  监控Agent: 0个
  活跃任务: 0个
  生成告警: 0个
  报告文件: /Users/variya/.openclaw/workspace/.commander/health_reports/AGENT_HEALTH_REPORT_20260302_012000.md

🔑 关键信息:
============================================================
🦞 Agent健康监控器启动
============================================================
❌ 任务状态中没有agentStates数据
⚠️ 任务状态中没有activeTasks数据

📊 健康检查完成
  监控Agent: 0个
  活跃任务: 0个
  生成告警: 0个
  报告文件: /Users/variya/.openclaw/workspace/.commander/health_reports/AGENT_HEALTH_REPORT_20260302_012500.md

🔑 关键信息:
============================================================
🦞 Agent健康监控器启动
============================================================
❌ 任务状态中没有agentStates数据
⚠️ 任务状态中没有activeTasks数据

📊 健康检查完成
  监控Agent: 0个
  活跃任务: 0个
  生成告警: 0个
  报告文件: /Users/variya/.openclaw/workspace/.commander/health_reports/AGENT_HEALTH_REPORT_20260302_013000.md

🔑 关键信息:
============================================================
🦞 Agent健康监控器启动
============================================================
❌ 任务状态中没有agentStates数据
⚠️ 任务状态中没有activeTasks数据

📊 健康检查完成
  监控Agent: 0个
  活跃任务: 0个
  生成告警: 0个
  报告文件: /Users/variya/.openclaw/workspace/.commander/health_reports/AGENT_HEALTH_REPORT_20260302_013501.md

🔑 关键信息:
============================================================
🦞 Agent健康监控器启动
============================================================
❌ 任务状态中没有agentStates数据
⚠️ 任务状态中没有activeTasks数据

📊 健康检查完成
  监控Agent: 0个
  活跃任务: 0个
  生成告警: 0个
  报告文件: /Users/variya/.openclaw/workspace/.commander/health_reports/AGENT_HEALTH_REPORT_20260302_014000.md

🔑 关键信息:
============================================================
🦞 Agent健康监控器启动
============================================================
❌ 任务状态中没有agentStates数据
⚠️ 任务状态中没有activeTasks数据

📊 健康检查完成
  监控Agent: 0个
  活跃任务: 0个
  生成告警: 0个
  报告文件: /Users/variya/.openclaw/workspace/.commander/health_reports/AGENT_HEALTH_REPORT_20260302_014500.md

🔑 关键信息:
============================================================
🦞 Agent健康监控器启动
============================================================
❌ 任务状态中没有agentStates数据
⚠️ 任务状态中没有activeTasks数据

📊 健康检查完成
  监控Agent: 0个
  活跃任务: 0个
  生成告警: 0个
  报告文件: /Users/variya/.openclaw/workspace/.commander/health_reports/AGENT_HEALTH_REPORT_20260302_015000.md

🔑 关键信息:
============================================================
🦞 Agent健康监控器启动
============================================================
❌ 任务状态中没有agentStates数据
⚠️ 任务状态中没有activeTasks数据

📊 健康检查完成
  监控Agent: 0个
  活跃任务: 0个
  生成告警: 0个
  报告文件: /Users/variya/.openclaw/workspace/.commander/health_reports/AGENT_HEALTH_REPORT_20260302_015500.md

🔑 关键信息:
============================================================
🦞 Agent健康监控器启动
============================================================
❌ 任务状态中没有agentStates数据
⚠️ 任务状态中没有activeTasks数据

📊 健康检查完成
  监控Agent: 0个
  活跃任务: 0个
  生成告警: 0个
  报告文件: /Users/variya/.openclaw/workspace/.commander/health_reports/AGENT_HEALTH_REPORT_20260302_020001.md

🔑 关键信息:
============================================================
🦞 Agent健康监控器启动
============================================================
❌ 任务状态中没有agentStates数据
⚠️ 任务状态中没有activeTasks数据

📊 健康检查完成
  监控Agent: 0个
  活跃任务: 0个
  生成告警: 0个
  报告文件: /Users/variya/.openclaw/workspace/.commander/health_reports/AGENT_HEALTH_REPORT_20260302_020500.md

🔑 关键信息:
============================================================
🦞 Agent健康监控器启动
============================================================
❌ 任务状态中没有agentStates数据
⚠️ 任务状态中没有activeTasks数据

📊 健康检查完成
  监控Agent: 0个
  活跃任务: 0个
  生成告警: 0个
  报告文件: /Users/variya/.openclaw/workspace/.commander/health_reports/AGENT_HEALTH_REPORT_20260302_021000.md

🔑 关键信息:
============================================================
🦞 Agent健康监控器启动
============================================================
❌ 任务状态中没有agentStates数据
⚠️ 任务状态中没有activeTasks数据

📊 健康检查完成
  监控Agent: 0个
  活跃任务: 0个
  生成告警: 0个
  报告文件: /Users/variya/.openclaw/workspace/.commander/health_reports/AGENT_HEALTH_REPORT_20260302_021501.md

🔑 关键信息:
============================================================
🦞 Agent健康监控器启动
============================================================
❌ 任务状态中没有agentStates数据
⚠️ 任务状态中没有activeTasks数据

📊 健康检查完成
  监控Agent: 0个
  活跃任务: 0个
  生成告警: 0个
  报告文件: /Users/variya/.openclaw/workspace/.commander/health_reports/AGENT_HEALTH_REPORT_20260302_022000.md

🔑 关键信息:
============================================================
🦞 Agent健康监控器启动
============================================================
❌ 任务状态中没有agentStates数据
⚠️ 任务状态中没有activeTasks数据

📊 健康检查完成
  监控Agent: 0个
  活跃任务: 0个
  生成告警: 0个
  报告文件: /Users/variya/.openclaw/workspace/.commander/health_reports/AGENT_HEALTH_REPORT_20260302_022500.md

🔑 关键信息:
============================================================
🦞 Agent健康监控器启动
============================================================
❌ 任务状态中没有agentStates数据
⚠️ 任务状态中没有activeTasks数据

📊 健康检查完成
  监控Agent: 0个
  活跃任务: 0个
  生成告警: 0个
  报告文件: /Users/variya/.openclaw/workspace/.commander/health_reports/AGENT_HEALTH_REPORT_20260302_023000.md

🔑 关键信息:
============================================================
🦞 Agent健康监控器启动
============================================================
❌ 任务状态中没有agentStates数据
⚠️ 任务状态中没有activeTasks数据

📊 健康检查完成
  监控Agent: 0个
  活跃任务: 0个
  生成告警: 0个
  报告文件: /Users/variya/.openclaw/workspace/.commander/health_reports/AGENT_HEALTH_REPORT_20260302_023500.md

🔑 关键信息:
============================================================
🦞 Agent健康监控器启动
============================================================
❌ 任务状态中没有agentStates数据
⚠️ 任务状态中没有activeTasks数据

📊 健康检查完成
  监控Agent: 0个
  活跃任务: 0个
  生成告警: 0个
  报告文件: /Users/variya/.openclaw/workspace/.commander/health_reports/AGENT_HEALTH_REPORT_20260302_024000.md

🔑 关键信息:
============================================================
🦞 Agent健康监控器启动
============================================================
❌ 任务状态中没有agentStates数据
⚠️ 任务状态中没有activeTasks数据

📊 健康检查完成
  监控Agent: 0个
  活跃任务: 0个
  生成告警: 0个
  报告文件: /Users/variya/.openclaw/workspace/.commander/health_reports/AGENT_HEALTH_REPORT_20260302_024500.md

🔑 关键信息:
============================================================
🦞 Agent健康监控器启动
============================================================
❌ 任务状态中没有agentStates数据
⚠️ 任务状态中没有activeTasks数据

📊 健康检查完成
  监控Agent: 0个
  活跃任务: 0个
  生成告警: 0个
  报告文件: /Users/variya/.openclaw/workspace/.commander/health_reports/AGENT_HEALTH_REPORT_20260302_025000.md

🔑 关键信息:
============================================================
🦞 Agent健康监控器启动
============================================================
❌ 任务状态中没有agentStates数据
⚠️ 任务状态中没有activeTasks数据

📊 健康检查完成
  监控Agent: 0个
  活跃任务: 0个
  生成告警: 0个
  报告文件: /Users/variya/.openclaw/workspace/.commander/health_reports/AGENT_HEALTH_REPORT_20260302_025500.md

🔑 关键信息:
============================================================
🦞 Agent健康监控器启动
============================================================
❌ 任务状态中没有agentStates数据
⚠️ 任务状态中没有activeTasks数据

📊 健康检查完成
  监控Agent: 0个
  活跃任务: 0个
  生成告警: 0个
  报告文件: /Users/variya/.openclaw/workspace/.commander/health_reports/AGENT_HEALTH_REPORT_20260302_030000.md

🔑 关键信息:
============================================================
🦞 Agent健康监控器启动
============================================================
❌ 任务状态中没有agentStates数据
⚠️ 任务状态中没有activeTasks数据

📊 健康检查完成
  监控Agent: 0个
  活跃任务: 0个
  生成告警: 0个
  报告文件: /Users/variya/.openclaw/workspace/.commander/health_reports/AGENT_HEALTH_REPORT_20260302_030500.md

🔑 关键信息:
============================================================
🦞 Agent健康监控器启动
============================================================
❌ 任务状态中没有agentStates数据
⚠️ 任务状态中没有activeTasks数据

📊 健康检查完成
  监控Agent: 0个
  活跃任务: 0个
  生成告警: 0个
  报告文件: /Users/variya/.openclaw/workspace/.commander/health_reports/AGENT_HEALTH_REPORT_20260302_031001.md

🔑 关键信息:
============================================================
🦞 Agent健康监控器启动
============================================================
❌ 任务状态中没有agentStates数据
⚠️ 任务状态中没有activeTasks数据

📊 健康检查完成
  监控Agent: 0个
  活跃任务: 0个
  生成告警: 0个
  报告文件: /Users/variya/.openclaw/workspace/.commander/health_reports/AGENT_HEALTH_REPORT_20260302_031500.md

🔑 关键信息:
============================================================
🦞 Agent健康监控器启动
============================================================
❌ 任务状态中没有agentStates数据
⚠️ 任务状态中没有activeTasks数据

📊 健康检查完成
  监控Agent: 0个
  活跃任务: 0个
  生成告警: 0个
  报告文件: /Users/variya/.openclaw/workspace/.commander/health_reports/AGENT_HEALTH_REPORT_20260302_032001.md

🔑 关键信息:
============================================================
🦞 Agent健康监控器启动
============================================================
❌ 任务状态中没有agentStates数据
⚠️ 任务状态中没有activeTasks数据

📊 健康检查完成
  监控Agent: 0个
  活跃任务: 0个
  生成告警: 0个
  报告文件: /Users/variya/.openclaw/workspace/.commander/health_reports/AGENT_HEALTH_REPORT_20260302_032500.md

🔑 关键信息:
============================================================
🦞 Agent健康监控器启动
============================================================
❌ 任务状态中没有agentStates数据
⚠️ 任务状态中没有activeTasks数据

📊 健康检查完成
  监控Agent: 0个
  活跃任务: 0个
  生成告警: 0个
  报告文件: /Users/variya/.openclaw/workspace/.commander/health_reports/AGENT_HEALTH_REPORT_20260302_033001.md

🔑 关键信息:
============================================================
🦞 Agent健康监控器启动
============================================================
❌ 任务状态中没有agentStates数据
⚠️ 任务状态中没有activeTasks数据

📊 健康检查完成
  监控Agent: 0个
  活跃任务: 0个
  生成告警: 0个
  报告文件: /Users/variya/.openclaw/workspace/.commander/health_reports/AGENT_HEALTH_REPORT_20260302_033500.md

🔑 关键信息:
============================================================
🦞 Agent健康监控器启动
============================================================
❌ 任务状态中没有agentStates数据
⚠️ 任务状态中没有activeTasks数据

📊 健康检查完成
  监控Agent: 0个
  活跃任务: 0个
  生成告警: 0个
  报告文件: /Users/variya/.openclaw/workspace/.commander/health_reports/AGENT_HEALTH_REPORT_20260302_034000.md

🔑 关键信息:
============================================================
🦞 Agent健康监控器启动
============================================================
❌ 任务状态中没有agentStates数据
⚠️ 任务状态中没有activeTasks数据

📊 健康检查完成
  监控Agent: 0个
  活跃任务: 0个
  生成告警: 0个
  报告文件: /Users/variya/.openclaw/workspace/.commander/health_reports/AGENT_HEALTH_REPORT_20260302_034500.md

🔑 关键信息:
============================================================
🦞 Agent健康监控器启动
============================================================
❌ 任务状态中没有agentStates数据
⚠️ 任务状态中没有activeTasks数据

📊 健康检查完成
  监控Agent: 0个
  活跃任务: 0个
  生成告警: 0个
  报告文件: /Users/variya/.openclaw/workspace/.commander/health_reports/AGENT_HEALTH_REPORT_20260302_035000.md

🔑 关键信息:
============================================================
🦞 Agent健康监控器启动
============================================================
❌ 任务状态中没有agentStates数据
⚠️ 任务状态中没有activeTasks数据

📊 健康检查完成
  监控Agent: 0个
  活跃任务: 0个
  生成告警: 0个
  报告文件: /Users/variya/.openclaw/workspace/.commander/health_reports/AGENT_HEALTH_REPORT_20260302_035500.md

🔑 关键信息:
============================================================
🦞 Agent健康监控器启动
============================================================
❌ 任务状态中没有agentStates数据
⚠️ 任务状态中没有activeTasks数据

📊 健康检查完成
  监控Agent: 0个
  活跃任务: 0个
  生成告警: 0个
  报告文件: /Users/variya/.openclaw/workspace/.commander/health_reports/AGENT_HEALTH_REPORT_20260302_040001.md

🔑 关键信息:
============================================================
🦞 Agent健康监控器启动
============================================================
❌ 任务状态中没有agentStates数据
⚠️ 任务状态中没有activeTasks数据

📊 健康检查完成
  监控Agent: 0个
  活跃任务: 0个
  生成告警: 0个
  报告文件: /Users/variya/.openclaw/workspace/.commander/health_reports/AGENT_HEALTH_REPORT_20260302_040500.md

🔑 关键信息:
============================================================
🦞 Agent健康监控器启动
============================================================
❌ 任务状态中没有agentStates数据
⚠️ 任务状态中没有activeTasks数据

📊 健康检查完成
  监控Agent: 0个
  活跃任务: 0个
  生成告警: 0个
  报告文件: /Users/variya/.openclaw/workspace/.commander/health_reports/AGENT_HEALTH_REPORT_20260302_041000.md

🔑 关键信息:
============================================================
🦞 Agent健康监控器启动
============================================================
❌ 任务状态中没有agentStates数据
⚠️ 任务状态中没有activeTasks数据

📊 健康检查完成
  监控Agent: 0个
  活跃任务: 0个
  生成告警: 0个
  报告文件: /Users/variya/.openclaw/workspace/.commander/health_reports/AGENT_HEALTH_REPORT_20260302_041500.md

🔑 关键信息:
============================================================
🦞 Agent健康监控器启动
============================================================
❌ 任务状态中没有agentStates数据
⚠️ 任务状态中没有activeTasks数据

📊 健康检查完成
  监控Agent: 0个
  活跃任务: 0个
  生成告警: 0个
  报告文件: /Users/variya/.openclaw/workspace/.commander/health_reports/AGENT_HEALTH_REPORT_20260302_042000.md

🔑 关键信息:
============================================================
🦞 Agent健康监控器启动
============================================================
❌ 任务状态中没有agentStates数据
⚠️ 任务状态中没有activeTasks数据

📊 健康检查完成
  监控Agent: 0个
  活跃任务: 0个
  生成告警: 0个
  报告文件: /Users/variya/.openclaw/workspace/.commander/health_reports/AGENT_HEALTH_REPORT_20260302_042500.md

🔑 关键信息:
============================================================
🦞 Agent健康监控器启动
============================================================
❌ 任务状态中没有agentStates数据
⚠️ 任务状态中没有activeTasks数据

📊 健康检查完成
  监控Agent: 0个
  活跃任务: 0个
  生成告警: 0个
  报告文件: /Users/variya/.openclaw/workspace/.commander/health_reports/AGENT_HEALTH_REPORT_20260302_043000.md

🔑 关键信息:
============================================================
🦞 Agent健康监控器启动
============================================================
❌ 任务状态中没有agentStates数据
⚠️ 任务状态中没有activeTasks数据

📊 健康检查完成
  监控Agent: 0个
  活跃任务: 0个
  生成告警: 0个
  报告文件: /Users/variya/.openclaw/workspace/.commander/health_reports/AGENT_HEALTH_REPORT_20260302_043500.md

🔑 关键信息:
============================================================
🦞 Agent健康监控器启动
============================================================
❌ 任务状态中没有agentStates数据
⚠️ 任务状态中没有activeTasks数据

📊 健康检查完成
  监控Agent: 0个
  活跃任务: 0个
  生成告警: 0个
  报告文件: /Users/variya/.openclaw/workspace/.commander/health_reports/AGENT_HEALTH_REPORT_20260302_044000.md

🔑 关键信息:
============================================================
🦞 Agent健康监控器启动
============================================================
❌ 任务状态中没有agentStates数据
⚠️ 任务状态中没有activeTasks数据

📊 健康检查完成
  监控Agent: 0个
  活跃任务: 0个
  生成告警: 0个
  报告文件: /Users/variya/.openclaw/workspace/.commander/health_reports/AGENT_HEALTH_REPORT_20260302_044500.md

🔑 关键信息:
============================================================
🦞 Agent健康监控器启动
============================================================
❌ 任务状态中没有agentStates数据
⚠️ 任务状态中没有activeTasks数据

📊 健康检查完成
  监控Agent: 0个
  活跃任务: 0个
  生成告警: 0个
  报告文件: /Users/variya/.openclaw/workspace/.commander/health_reports/AGENT_HEALTH_REPORT_20260302_045000.md

🔑 关键信息:
============================================================
🦞 Agent健康监控器启动
============================================================
❌ 任务状态中没有agentStates数据
⚠️ 任务状态中没有activeTasks数据

📊 健康检查完成
  监控Agent: 0个
  活跃任务: 0个
  生成告警: 0个
  报告文件: /Users/variya/.openclaw/workspace/.commander/health_reports/AGENT_HEALTH_REPORT_20260302_045501.md

🔑 关键信息:
============================================================
🦞 Agent健康监控器启动
============================================================
❌ 任务状态中没有agentStates数据
⚠️ 任务状态中没有activeTasks数据

📊 健康检查完成
  监控Agent: 0个
  活跃任务: 0个
  生成告警: 0个
  报告文件: /Users/variya/.openclaw/workspace/.commander/health_reports/AGENT_HEALTH_REPORT_20260302_050000.md

🔑 关键信息:
============================================================
