[2026-03-02 05:10:00] 🦞 统一系统监控器启动
[2026-03-02 05:10:00] ============================================================
[2026-03-02 05:10:00] 🔍 检查Agent健康状态...
[2026-03-02 05:10:00] ⚠️ 无agentStates数据
[2026-03-02 05:10:00] 🔍 检查任务超时...
[2026-03-02 05:10:00] ⚠️ 无activeTasks数据
[2026-03-02 05:10:00] 🔍 检查系统资源...
[2026-03-02 05:10:00] 📊 分析组织效率...
[2026-03-02 05:10:00] 📄 报告已生成: /Users/variya/.openclaw/workspace/.commander/monitor_reports/MONITOR_REPORT_20260302_051000.md
[2026-03-02 05:10:00] ============================================================
[2026-03-02 05:10:00] ✅ 监控完成
[2026-03-02 05:10:00]    Agent: 0 健康, 0 警告, 0 严重
[2026-03-02 05:10:00]    任务: 0 活跃, 0 超时
[2026-03-02 05:10:00]    告警: 0 个
[2026-03-02 05:20:00] 🦞 统一系统监控器启动
[2026-03-02 05:20:00] ============================================================
[2026-03-02 05:20:00] 🔍 检查Agent健康状态...
[2026-03-02 05:20:00] ⚠️ 无agentStates数据
[2026-03-02 05:20:00] 🔍 检查任务超时...
[2026-03-02 05:20:00] ⚠️ 无activeTasks数据
[2026-03-02 05:20:00] 🔍 检查系统资源...
[2026-03-02 05:20:00] 📊 分析组织效率...
[2026-03-02 05:20:00] 📄 报告已生成: /Users/variya/.openclaw/workspace/.commander/monitor_reports/MONITOR_REPORT_20260302_052000.md
[2026-03-02 05:20:00] ============================================================
[2026-03-02 05:20:00] ✅ 监控完成
[2026-03-02 05:20:00]    Agent: 0 健康, 0 警告, 0 严重
[2026-03-02 05:20:00]    任务: 0 活跃, 0 超时
[2026-03-02 05:20:00]    告警: 0 个
[2026-03-02 05:30:00] 🦞 统一系统监控器启动
[2026-03-02 05:30:00] ============================================================
[2026-03-02 05:30:00] 🔍 检查Agent健康状态...
[2026-03-02 05:30:00] ⚠️ 无agentStates数据
[2026-03-02 05:30:00] 🔍 检查任务超时...
[2026-03-02 05:30:00] ⚠️ 无activeTasks数据
[2026-03-02 05:30:00] 🔍 检查系统资源...
[2026-03-02 05:30:00] 📊 分析组织效率...
[2026-03-02 05:30:00] 📄 报告已生成: /Users/variya/.openclaw/workspace/.commander/monitor_reports/MONITOR_REPORT_20260302_053000.md
[2026-03-02 05:30:00] ============================================================
[2026-03-02 05:30:00] ✅ 监控完成
[2026-03-02 05:30:00]    Agent: 0 健康, 0 警告, 0 严重
[2026-03-02 05:30:00]    任务: 0 活跃, 0 超时
[2026-03-02 05:30:00]    告警: 0 个
[2026-03-02 05:40:00] 🦞 统一系统监控器启动
[2026-03-02 05:40:00] ============================================================
[2026-03-02 05:40:00] 🔍 检查Agent健康状态...
[2026-03-02 05:40:00] ⚠️ 无agentStates数据
[2026-03-02 05:40:00] 🔍 检查任务超时...
[2026-03-02 05:40:00] ⚠️ 无activeTasks数据
[2026-03-02 05:40:00] 🔍 检查系统资源...
[2026-03-02 05:40:00] 📊 分析组织效率...
[2026-03-02 05:40:01] 📄 报告已生成: /Users/variya/.openclaw/workspace/.commander/monitor_reports/MONITOR_REPORT_20260302_054000.md
[2026-03-02 05:40:01] ============================================================
[2026-03-02 05:40:01] ✅ 监控完成
[2026-03-02 05:40:01]    Agent: 0 健康, 0 警告, 0 严重
[2026-03-02 05:40:01]    任务: 0 活跃, 0 超时
[2026-03-02 05:40:01]    告警: 0 个
[2026-03-02 05:50:00] 🦞 统一系统监控器启动
[2026-03-02 05:50:00] ============================================================
[2026-03-02 05:50:00] 🔍 检查Agent健康状态...
[2026-03-02 05:50:00] ⚠️ 无agentStates数据
[2026-03-02 05:50:00] 🔍 检查任务超时...
[2026-03-02 05:50:00] ⚠️ 无activeTasks数据
[2026-03-02 05:50:00] 🔍 检查系统资源...
[2026-03-02 05:50:00] 📊 分析组织效率...
[2026-03-02 05:50:00] 📄 报告已生成: /Users/variya/.openclaw/workspace/.commander/monitor_reports/MONITOR_REPORT_20260302_055000.md
[2026-03-02 05:50:00] ============================================================
[2026-03-02 05:50:00] ✅ 监控完成
[2026-03-02 05:50:00]    Agent: 0 健康, 0 警告, 0 严重
[2026-03-02 05:50:00]    任务: 0 活跃, 0 超时
[2026-03-02 05:50:00]    告警: 0 个
[2026-03-02 06:00:00] 🦞 统一系统监控器启动
[2026-03-02 06:00:00] ============================================================
[2026-03-02 06:00:00] 🔍 检查Agent健康状态...
[2026-03-02 06:00:00] ⚠️ 无agentStates数据
[2026-03-02 06:00:00] 🔍 检查任务超时...
[2026-03-02 06:00:00] ⚠️ 无activeTasks数据
[2026-03-02 06:00:00] 🔍 检查系统资源...
[2026-03-02 06:00:00] 📊 分析组织效率...
[2026-03-02 06:00:00] 📄 报告已生成: /Users/variya/.openclaw/workspace/.commander/monitor_reports/MONITOR_REPORT_20260302_060000.md
[2026-03-02 06:00:00] ============================================================
[2026-03-02 06:00:00] ✅ 监控完成
[2026-03-02 06:00:00]    Agent: 0 健康, 0 警告, 0 严重
[2026-03-02 06:00:00]    任务: 0 活跃, 0 超时
[2026-03-02 06:00:00]    告警: 0 个
[2026-03-02 06:10:00] 🦞 统一系统监控器启动
[2026-03-02 06:10:00] ============================================================
[2026-03-02 06:10:00] 🔍 检查Agent健康状态...
[2026-03-02 06:10:00] ⚠️ 无agentStates数据
[2026-03-02 06:10:00] 🔍 检查任务超时...
[2026-03-02 06:10:00] ⚠️ 无activeTasks数据
[2026-03-02 06:10:00] 🔍 检查系统资源...
[2026-03-02 06:10:00] 📊 分析组织效率...
[2026-03-02 06:10:00] 📄 报告已生成: /Users/variya/.openclaw/workspace/.commander/monitor_reports/MONITOR_REPORT_20260302_061000.md
[2026-03-02 06:10:00] ============================================================
[2026-03-02 06:10:00] ✅ 监控完成
[2026-03-02 06:10:00]    Agent: 0 健康, 0 警告, 0 严重
[2026-03-02 06:10:00]    任务: 0 活跃, 0 超时
[2026-03-02 06:10:00]    告警: 0 个
[2026-03-02 06:20:00] 🦞 统一系统监控器启动
[2026-03-02 06:20:00] ============================================================
[2026-03-02 06:20:00] 🔍 检查Agent健康状态...
[2026-03-02 06:20:00] ⚠️ 无agentStates数据
[2026-03-02 06:20:00] 🔍 检查任务超时...
[2026-03-02 06:20:00] ⚠️ 无activeTasks数据
[2026-03-02 06:20:00] 🔍 检查系统资源...
[2026-03-02 06:20:00] 📊 分析组织效率...
[2026-03-02 06:20:00] 📄 报告已生成: /Users/variya/.openclaw/workspace/.commander/monitor_reports/MONITOR_REPORT_20260302_062000.md
[2026-03-02 06:20:00] ============================================================
[2026-03-02 06:20:00] ✅ 监控完成
[2026-03-02 06:20:00]    Agent: 0 健康, 0 警告, 0 严重
[2026-03-02 06:20:00]    任务: 0 活跃, 0 超时
[2026-03-02 06:20:00]    告警: 0 个
[2026-03-02 06:30:00] 🦞 统一系统监控器启动
[2026-03-02 06:30:00] ============================================================
[2026-03-02 06:30:00] 🔍 检查Agent健康状态...
[2026-03-02 06:30:00] ⚠️ 无agentStates数据
[2026-03-02 06:30:00] 🔍 检查任务超时...
[2026-03-02 06:30:00] ⚠️ 无activeTasks数据
[2026-03-02 06:30:00] 🔍 检查系统资源...
[2026-03-02 06:30:00] 📊 分析组织效率...
[2026-03-02 06:30:00] 📄 报告已生成: /Users/variya/.openclaw/workspace/.commander/monitor_reports/MONITOR_REPORT_20260302_063000.md
[2026-03-02 06:30:00] ============================================================
[2026-03-02 06:30:00] ✅ 监控完成
[2026-03-02 06:30:00]    Agent: 0 健康, 0 警告, 0 严重
[2026-03-02 06:30:00]    任务: 0 活跃, 0 超时
[2026-03-02 06:30:00]    告警: 0 个
[2026-03-02 06:40:00] 🦞 统一系统监控器启动
[2026-03-02 06:40:00] ============================================================
[2026-03-02 06:40:00] 🔍 检查Agent健康状态...
[2026-03-02 06:40:00] ⚠️ 无agentStates数据
[2026-03-02 06:40:00] 🔍 检查任务超时...
[2026-03-02 06:40:00] ⚠️ 无activeTasks数据
[2026-03-02 06:40:00] 🔍 检查系统资源...
[2026-03-02 06:40:00] 📊 分析组织效率...
[2026-03-02 06:40:00] 📄 报告已生成: /Users/variya/.openclaw/workspace/.commander/monitor_reports/MONITOR_REPORT_20260302_064000.md
[2026-03-02 06:40:00] ============================================================
[2026-03-02 06:40:00] ✅ 监控完成
[2026-03-02 06:40:00]    Agent: 0 健康, 0 警告, 0 严重
[2026-03-02 06:40:00]    任务: 0 活跃, 0 超时
[2026-03-02 06:40:00]    告警: 0 个
[2026-03-02 06:50:00] 🦞 统一系统监控器启动
[2026-03-02 06:50:00] ============================================================
[2026-03-02 06:50:00] 🔍 检查Agent健康状态...
[2026-03-02 06:50:00] ⚠️ 无agentStates数据
[2026-03-02 06:50:00] 🔍 检查任务超时...
[2026-03-02 06:50:00] ⚠️ 无activeTasks数据
[2026-03-02 06:50:00] 🔍 检查系统资源...
[2026-03-02 06:50:00] 📊 分析组织效率...
[2026-03-02 06:50:00] 📄 报告已生成: /Users/variya/.openclaw/workspace/.commander/monitor_reports/MONITOR_REPORT_20260302_065000.md
[2026-03-02 06:50:00] ============================================================
[2026-03-02 06:50:00] ✅ 监控完成
[2026-03-02 06:50:00]    Agent: 0 健康, 0 警告, 0 严重
[2026-03-02 06:50:00]    任务: 0 活跃, 0 超时
[2026-03-02 06:50:00]    告警: 0 个
[2026-03-02 07:00:00] 🦞 统一系统监控器启动
[2026-03-02 07:00:00] ============================================================
[2026-03-02 07:00:00] 🔍 检查Agent健康状态...
[2026-03-02 07:00:00] ⚠️ 无agentStates数据
[2026-03-02 07:00:00] 🔍 检查任务超时...
[2026-03-02 07:00:00] ⚠️ 无activeTasks数据
[2026-03-02 07:00:00] 🔍 检查系统资源...
[2026-03-02 07:00:00] 📊 分析组织效率...
[2026-03-02 07:00:00] 📄 报告已生成: /Users/variya/.openclaw/workspace/.commander/monitor_reports/MONITOR_REPORT_20260302_070000.md
[2026-03-02 07:00:00] ============================================================
[2026-03-02 07:00:00] ✅ 监控完成
[2026-03-02 07:00:00]    Agent: 0 健康, 0 警告, 0 严重
[2026-03-02 07:00:00]    任务: 0 活跃, 0 超时
[2026-03-02 07:00:00]    告警: 0 个
[2026-03-02 07:10:01] 🦞 统一系统监控器启动
[2026-03-02 07:10:01] ============================================================
[2026-03-02 07:10:01] 🔍 检查Agent健康状态...
[2026-03-02 07:10:01] ⚠️ 无agentStates数据
[2026-03-02 07:10:01] 🔍 检查任务超时...
[2026-03-02 07:10:01] ⚠️ 无activeTasks数据
[2026-03-02 07:10:01] 🔍 检查系统资源...
[2026-03-02 07:10:01] 📊 分析组织效率...
[2026-03-02 07:10:01] 📄 报告已生成: /Users/variya/.openclaw/workspace/.commander/monitor_reports/MONITOR_REPORT_20260302_071001.md
[2026-03-02 07:10:01] ============================================================
[2026-03-02 07:10:01] ✅ 监控完成
[2026-03-02 07:10:01]    Agent: 0 健康, 0 警告, 0 严重
[2026-03-02 07:10:01]    任务: 0 活跃, 0 超时
[2026-03-02 07:10:01]    告警: 0 个
[2026-03-02 07:20:00] 🦞 统一系统监控器启动
[2026-03-02 07:20:00] ============================================================
[2026-03-02 07:20:00] 🔍 检查Agent健康状态...
[2026-03-02 07:20:00] ⚠️ 无agentStates数据
[2026-03-02 07:20:00] 🔍 检查任务超时...
[2026-03-02 07:20:00] ⚠️ 无activeTasks数据
[2026-03-02 07:20:00] 🔍 检查系统资源...
[2026-03-02 07:20:00] 📊 分析组织效率...
[2026-03-02 07:20:00] 📄 报告已生成: /Users/variya/.openclaw/workspace/.commander/monitor_reports/MONITOR_REPORT_20260302_072000.md
[2026-03-02 07:20:00] ============================================================
[2026-03-02 07:20:00] ✅ 监控完成
[2026-03-02 07:20:00]    Agent: 0 健康, 0 警告, 0 严重
[2026-03-02 07:20:00]    任务: 0 活跃, 0 超时
[2026-03-02 07:20:00]    告警: 0 个
[2026-03-02 07:30:00] 🦞 统一系统监控器启动
[2026-03-02 07:30:00] ============================================================
[2026-03-02 07:30:00] 🔍 检查Agent健康状态...
[2026-03-02 07:30:00] ⚠️ 无agentStates数据
[2026-03-02 07:30:00] 🔍 检查任务超时...
[2026-03-02 07:30:00] ⚠️ 无activeTasks数据
[2026-03-02 07:30:00] 🔍 检查系统资源...
[2026-03-02 07:30:00] 📊 分析组织效率...
[2026-03-02 07:30:00] 📄 报告已生成: /Users/variya/.openclaw/workspace/.commander/monitor_reports/MONITOR_REPORT_20260302_073000.md
[2026-03-02 07:30:00] ============================================================
[2026-03-02 07:30:00] ✅ 监控完成
[2026-03-02 07:30:00]    Agent: 0 健康, 0 警告, 0 严重
[2026-03-02 07:30:00]    任务: 0 活跃, 0 超时
[2026-03-02 07:30:00]    告警: 0 个
[2026-03-02 07:40:00] 🦞 统一系统监控器启动
[2026-03-02 07:40:00] ============================================================
[2026-03-02 07:40:00] 🔍 检查Agent健康状态...
[2026-03-02 07:40:00] ⚠️ 无agentStates数据
[2026-03-02 07:40:00] 🔍 检查任务超时...
[2026-03-02 07:40:00] ⚠️ 无activeTasks数据
[2026-03-02 07:40:00] 🔍 检查系统资源...
[2026-03-02 07:40:00] 📊 分析组织效率...
[2026-03-02 07:40:00] 📄 报告已生成: /Users/variya/.openclaw/workspace/.commander/monitor_reports/MONITOR_REPORT_20260302_074000.md
[2026-03-02 07:40:00] ============================================================
[2026-03-02 07:40:00] ✅ 监控完成
[2026-03-02 07:40:00]    Agent: 0 健康, 0 警告, 0 严重
[2026-03-02 07:40:00]    任务: 0 活跃, 0 超时
[2026-03-02 07:40:00]    告警: 0 个
[2026-03-02 07:50:00] 🦞 统一系统监控器启动
[2026-03-02 07:50:00] ============================================================
[2026-03-02 07:50:00] 🔍 检查Agent健康状态...
[2026-03-02 07:50:00] ⚠️ 无agentStates数据
[2026-03-02 07:50:00] 🔍 检查任务超时...
[2026-03-02 07:50:00] ⚠️ 无activeTasks数据
[2026-03-02 07:50:00] 🔍 检查系统资源...
[2026-03-02 07:50:00] 📊 分析组织效率...
[2026-03-02 07:50:00] 📄 报告已生成: /Users/variya/.openclaw/workspace/.commander/monitor_reports/MONITOR_REPORT_20260302_075000.md
[2026-03-02 07:50:00] ============================================================
[2026-03-02 07:50:00] ✅ 监控完成
[2026-03-02 07:50:00]    Agent: 0 健康, 0 警告, 0 严重
[2026-03-02 07:50:00]    任务: 0 活跃, 0 超时
[2026-03-02 07:50:00]    告警: 0 个
[2026-03-02 08:30:01] 🦞 统一系统监控器启动
[2026-03-02 08:30:01] ============================================================
[2026-03-02 08:30:01] 🔍 检查Agent健康状态...
[2026-03-02 08:30:01] ⚠️ 无agentStates数据
[2026-03-02 08:30:01] 🔍 检查任务超时...
[2026-03-02 08:30:01] ⚠️ 无activeTasks数据
[2026-03-02 08:30:01] 🔍 检查系统资源...
[2026-03-02 08:30:01] 📊 分析组织效率...
[2026-03-02 08:30:01] 📄 报告已生成: /Users/variya/.openclaw/workspace/.commander/monitor_reports/MONITOR_REPORT_20260302_083001.md
[2026-03-02 08:30:01] ============================================================
[2026-03-02 08:30:01] ✅ 监控完成
[2026-03-02 08:30:01]    Agent: 0 健康, 0 警告, 0 严重
[2026-03-02 08:30:01]    任务: 0 活跃, 0 超时
[2026-03-02 08:30:01]    告警: 0 个
[2026-03-02 08:40:00] 🦞 统一系统监控器启动
[2026-03-02 08:40:00] ============================================================
[2026-03-02 08:40:00] 🔍 检查Agent健康状态...
[2026-03-02 08:40:00] ⚠️ 无agentStates数据
[2026-03-02 08:40:00] 🔍 检查任务超时...
[2026-03-02 08:40:00] ⚠️ 无activeTasks数据
[2026-03-02 08:40:00] 🔍 检查系统资源...
[2026-03-02 08:40:00] 📊 分析组织效率...
[2026-03-02 08:40:00] 📄 报告已生成: /Users/variya/.openclaw/workspace/.commander/monitor_reports/MONITOR_REPORT_20260302_084000.md
[2026-03-02 08:40:00] ============================================================
[2026-03-02 08:40:00] ✅ 监控完成
[2026-03-02 08:40:00]    Agent: 0 健康, 0 警告, 0 严重
[2026-03-02 08:40:00]    任务: 0 活跃, 0 超时
[2026-03-02 08:40:00]    告警: 0 个
[2026-03-02 08:50:00] 🦞 统一系统监控器启动
[2026-03-02 08:50:00] ============================================================
[2026-03-02 08:50:00] 🔍 检查Agent健康状态...
[2026-03-02 08:50:00] ⚠️ 无agentStates数据
[2026-03-02 08:50:00] 🔍 检查任务超时...
[2026-03-02 08:50:00] ⚠️ 无activeTasks数据
[2026-03-02 08:50:00] 🔍 检查系统资源...
[2026-03-02 08:50:00] 📊 分析组织效率...
[2026-03-02 08:50:00] 📄 报告已生成: /Users/variya/.openclaw/workspace/.commander/monitor_reports/MONITOR_REPORT_20260302_085000.md
[2026-03-02 08:50:00] ============================================================
[2026-03-02 08:50:00] ✅ 监控完成
[2026-03-02 08:50:00]    Agent: 0 健康, 0 警告, 0 严重
[2026-03-02 08:50:00]    任务: 0 活跃, 0 超时
[2026-03-02 08:50:00]    告警: 0 个
[2026-03-02 09:00:00] 🦞 统一系统监控器启动
[2026-03-02 09:00:00] ============================================================
[2026-03-02 09:00:00] 🔍 检查Agent健康状态...
[2026-03-02 09:00:00] ⚠️ 无agentStates数据
[2026-03-02 09:00:00] 🔍 检查任务超时...
[2026-03-02 09:00:00] ⚠️ 无activeTasks数据
[2026-03-02 09:00:00] 🔍 检查系统资源...
[2026-03-02 09:00:00] 📊 分析组织效率...
[2026-03-02 09:00:00] 📄 报告已生成: /Users/variya/.openclaw/workspace/.commander/monitor_reports/MONITOR_REPORT_20260302_090000.md
[2026-03-02 09:00:00] ============================================================
[2026-03-02 09:00:00] ✅ 监控完成
[2026-03-02 09:00:00]    Agent: 0 健康, 0 警告, 0 严重
[2026-03-02 09:00:00]    任务: 0 活跃, 0 超时
[2026-03-02 09:00:00]    告警: 0 个
[2026-03-02 09:10:00] 🦞 统一系统监控器启动
[2026-03-02 09:10:00] ============================================================
[2026-03-02 09:10:00] 🔍 检查Agent健康状态...
[2026-03-02 09:10:00] ⚠️ 无agentStates数据
[2026-03-02 09:10:00] 🔍 检查任务超时...
[2026-03-02 09:10:00] ⚠️ 无activeTasks数据
[2026-03-02 09:10:00] 🔍 检查系统资源...
[2026-03-02 09:10:00] 📊 分析组织效率...
[2026-03-02 09:10:00] 📄 报告已生成: /Users/variya/.openclaw/workspace/.commander/monitor_reports/MONITOR_REPORT_20260302_091000.md
[2026-03-02 09:10:00] ============================================================
[2026-03-02 09:10:00] ✅ 监控完成
[2026-03-02 09:10:00]    Agent: 0 健康, 0 警告, 0 严重
[2026-03-02 09:10:00]    任务: 0 活跃, 0 超时
[2026-03-02 09:10:00]    告警: 0 个
[2026-03-02 09:20:00] 🦞 统一系统监控器启动
[2026-03-02 09:20:00] ============================================================
[2026-03-02 09:20:00] 🔍 检查Agent健康状态...
[2026-03-02 09:20:00] ⚠️ 无agentStates数据
[2026-03-02 09:20:00] 🔍 检查任务超时...
[2026-03-02 09:20:00] ⚠️ 无activeTasks数据
[2026-03-02 09:20:00] 🔍 检查系统资源...
[2026-03-02 09:20:00] 📊 分析组织效率...
[2026-03-02 09:20:00] 📄 报告已生成: /Users/variya/.openclaw/workspace/.commander/monitor_reports/MONITOR_REPORT_20260302_092000.md
[2026-03-02 09:20:00] ============================================================
[2026-03-02 09:20:00] ✅ 监控完成
[2026-03-02 09:20:00]    Agent: 0 健康, 0 警告, 0 严重
[2026-03-02 09:20:00]    任务: 0 活跃, 0 超时
[2026-03-02 09:20:00]    告警: 0 个
[2026-03-02 09:30:00] 🦞 统一系统监控器启动
[2026-03-02 09:30:00] ============================================================
[2026-03-02 09:30:00] 🔍 检查Agent健康状态...
[2026-03-02 09:30:00] ⚠️ 无agentStates数据
[2026-03-02 09:30:00] 🔍 检查任务超时...
[2026-03-02 09:30:00] ⚠️ 无activeTasks数据
[2026-03-02 09:30:00] 🔍 检查系统资源...
[2026-03-02 09:30:00] 📊 分析组织效率...
[2026-03-02 09:30:00] 📄 报告已生成: /Users/variya/.openclaw/workspace/.commander/monitor_reports/MONITOR_REPORT_20260302_093000.md
[2026-03-02 09:30:00] ============================================================
[2026-03-02 09:30:00] ✅ 监控完成
[2026-03-02 09:30:00]    Agent: 0 健康, 0 警告, 0 严重
[2026-03-02 09:30:00]    任务: 0 活跃, 0 超时
[2026-03-02 09:30:00]    告警: 0 个
[2026-03-02 09:40:00] 🦞 统一系统监控器启动
[2026-03-02 09:40:00] ============================================================
[2026-03-02 09:40:00] 🔍 检查Agent健康状态...
[2026-03-02 09:40:00] ⚠️ 无agentStates数据
[2026-03-02 09:40:00] 🔍 检查任务超时...
[2026-03-02 09:40:00] ⚠️ 无activeTasks数据
[2026-03-02 09:40:00] 🔍 检查系统资源...
[2026-03-02 09:40:00] 📊 分析组织效率...
[2026-03-02 09:40:00] 📄 报告已生成: /Users/variya/.openclaw/workspace/.commander/monitor_reports/MONITOR_REPORT_20260302_094000.md
[2026-03-02 09:40:00] ============================================================
[2026-03-02 09:40:00] ✅ 监控完成
[2026-03-02 09:40:00]    Agent: 0 健康, 0 警告, 0 严重
[2026-03-02 09:40:00]    任务: 0 活跃, 0 超时
[2026-03-02 09:40:00]    告警: 0 个
[2026-03-02 09:50:00] 🦞 统一系统监控器启动
[2026-03-02 09:50:00] ============================================================
[2026-03-02 09:50:00] 🔍 检查Agent健康状态...
[2026-03-02 09:50:00] ⚠️ 无agentStates数据
[2026-03-02 09:50:00] 🔍 检查任务超时...
[2026-03-02 09:50:00] ⚠️ 无activeTasks数据
[2026-03-02 09:50:00] 🔍 检查系统资源...
[2026-03-02 09:50:00] 📊 分析组织效率...
[2026-03-02 09:50:00] 📄 报告已生成: /Users/variya/.openclaw/workspace/.commander/monitor_reports/MONITOR_REPORT_20260302_095000.md
[2026-03-02 09:50:00] ============================================================
[2026-03-02 09:50:00] ✅ 监控完成
[2026-03-02 09:50:00]    Agent: 0 健康, 0 警告, 0 严重
[2026-03-02 09:50:00]    任务: 0 活跃, 0 超时
[2026-03-02 09:50:00]    告警: 0 个
[2026-03-02 10:00:00] 🦞 统一系统监控器启动
[2026-03-02 10:00:00] ============================================================
[2026-03-02 10:00:00] 🔍 检查Agent健康状态...
[2026-03-02 10:00:00] ⚠️ 无agentStates数据
[2026-03-02 10:00:00] 🔍 检查任务超时...
[2026-03-02 10:00:00] ⚠️ 无activeTasks数据
[2026-03-02 10:00:00] 🔍 检查系统资源...
[2026-03-02 10:00:00] 📊 分析组织效率...
[2026-03-02 10:00:00] 📄 报告已生成: /Users/variya/.openclaw/workspace/.commander/monitor_reports/MONITOR_REPORT_20260302_100000.md
[2026-03-02 10:00:00] ============================================================
[2026-03-02 10:00:00] ✅ 监控完成
[2026-03-02 10:00:00]    Agent: 0 健康, 0 警告, 0 严重
[2026-03-02 10:00:00]    任务: 0 活跃, 0 超时
[2026-03-02 10:00:00]    告警: 0 个
[2026-03-02 10:10:00] 🦞 统一系统监控器启动
[2026-03-02 10:10:00] ============================================================
[2026-03-02 10:10:00] 🔍 检查Agent健康状态...
[2026-03-02 10:10:00] ⚠️ 无agentStates数据
[2026-03-02 10:10:00] 🔍 检查任务超时...
[2026-03-02 10:10:00] ⚠️ 无activeTasks数据
[2026-03-02 10:10:00] 🔍 检查系统资源...
[2026-03-02 10:10:00] 📊 分析组织效率...
[2026-03-02 10:10:00] 📄 报告已生成: /Users/variya/.openclaw/workspace/.commander/monitor_reports/MONITOR_REPORT_20260302_101000.md
[2026-03-02 10:10:00] ============================================================
[2026-03-02 10:10:00] ✅ 监控完成
[2026-03-02 10:10:00]    Agent: 0 健康, 0 警告, 0 严重
[2026-03-02 10:10:00]    任务: 0 活跃, 0 超时
[2026-03-02 10:10:00]    告警: 0 个
[2026-03-02 10:20:01] 🦞 统一系统监控器启动
[2026-03-02 10:20:01] ============================================================
[2026-03-02 10:20:01] 🔍 检查Agent健康状态...
[2026-03-02 10:20:01] ⚠️ 无agentStates数据
[2026-03-02 10:20:01] 🔍 检查任务超时...
[2026-03-02 10:20:01] ⚠️ 无activeTasks数据
[2026-03-02 10:20:01] 🔍 检查系统资源...
[2026-03-02 10:20:01] 📊 分析组织效率...
[2026-03-02 10:20:01] 📄 报告已生成: /Users/variya/.openclaw/workspace/.commander/monitor_reports/MONITOR_REPORT_20260302_102001.md
[2026-03-02 10:20:01] ============================================================
[2026-03-02 10:20:01] ✅ 监控完成
[2026-03-02 10:20:01]    Agent: 0 健康, 0 警告, 0 严重
[2026-03-02 10:20:01]    任务: 0 活跃, 0 超时
[2026-03-02 10:20:01]    告警: 0 个
[2026-03-02 10:30:01] 🦞 统一系统监控器启动
[2026-03-02 10:30:01] ============================================================
[2026-03-02 10:30:01] 🔍 检查Agent健康状态...
[2026-03-02 10:30:01] ⚠️ 无agentStates数据
[2026-03-02 10:30:01] 🔍 检查任务超时...
[2026-03-02 10:30:01] ⚠️ 无activeTasks数据
[2026-03-02 10:30:01] 🔍 检查系统资源...
[2026-03-02 10:30:01] 📊 分析组织效率...
[2026-03-02 10:30:01] 📄 报告已生成: /Users/variya/.openclaw/workspace/.commander/monitor_reports/MONITOR_REPORT_20260302_103001.md
[2026-03-02 10:30:01] ============================================================
[2026-03-02 10:30:01] ✅ 监控完成
[2026-03-02 10:30:01]    Agent: 0 健康, 0 警告, 0 严重
[2026-03-02 10:30:01]    任务: 0 活跃, 0 超时
[2026-03-02 10:30:01]    告警: 0 个
[2026-03-02 10:40:01] 🦞 统一系统监控器启动
[2026-03-02 10:40:01] ============================================================
[2026-03-02 10:40:01] 🔍 检查Agent健康状态...
[2026-03-02 10:40:01] ⚠️ 无agentStates数据
[2026-03-02 10:40:01] 🔍 检查任务超时...
[2026-03-02 10:40:01] ⚠️ 无activeTasks数据
[2026-03-02 10:40:01] 🔍 检查系统资源...
[2026-03-02 10:40:01] 📊 分析组织效率...
[2026-03-02 10:40:01] 📄 报告已生成: /Users/variya/.openclaw/workspace/.commander/monitor_reports/MONITOR_REPORT_20260302_104001.md
[2026-03-02 10:40:01] ============================================================
[2026-03-02 10:40:01] ✅ 监控完成
[2026-03-02 10:40:01]    Agent: 0 健康, 0 警告, 0 严重
[2026-03-02 10:40:01]    任务: 0 活跃, 0 超时
[2026-03-02 10:40:01]    告警: 0 个
[2026-03-02 10:50:00] 🦞 统一系统监控器启动
[2026-03-02 10:50:00] ============================================================
[2026-03-02 10:50:00] 🔍 检查Agent健康状态...
[2026-03-02 10:50:00] ⚠️ 无agentStates数据
[2026-03-02 10:50:00] 🔍 检查任务超时...
[2026-03-02 10:50:00] ⚠️ 无activeTasks数据
[2026-03-02 10:50:00] 🔍 检查系统资源...
[2026-03-02 10:50:00] 📊 分析组织效率...
[2026-03-02 10:50:00] 📄 报告已生成: /Users/variya/.openclaw/workspace/.commander/monitor_reports/MONITOR_REPORT_20260302_105000.md
[2026-03-02 10:50:00] ============================================================
[2026-03-02 10:50:00] ✅ 监控完成
[2026-03-02 10:50:00]    Agent: 0 健康, 0 警告, 0 严重
[2026-03-02 10:50:00]    任务: 0 活跃, 0 超时
[2026-03-02 10:50:00]    告警: 0 个
[2026-03-02 11:00:01] 🦞 统一系统监控器启动
[2026-03-02 11:00:01] ============================================================
[2026-03-02 11:00:01] 🔍 检查Agent健康状态...
[2026-03-02 11:00:01] ⚠️ 无agentStates数据
[2026-03-02 11:00:01] 🔍 检查任务超时...
[2026-03-02 11:00:01] ⚠️ 无activeTasks数据
[2026-03-02 11:00:01] 🔍 检查系统资源...
[2026-03-02 11:00:01] 📊 分析组织效率...
[2026-03-02 11:00:01] 📄 报告已生成: /Users/variya/.openclaw/workspace/.commander/monitor_reports/MONITOR_REPORT_20260302_110001.md
[2026-03-02 11:00:01] ============================================================
[2026-03-02 11:00:01] ✅ 监控完成
[2026-03-02 11:00:01]    Agent: 0 健康, 0 警告, 0 严重
[2026-03-02 11:00:01]    任务: 0 活跃, 0 超时
[2026-03-02 11:00:01]    告警: 0 个
[2026-03-02 11:10:01] 🦞 统一系统监控器启动
[2026-03-02 11:10:01] ============================================================
[2026-03-02 11:10:01] 🔍 检查Agent健康状态...
[2026-03-02 11:10:01] ⚠️ 无agentStates数据
[2026-03-02 11:10:01] 🔍 检查任务超时...
[2026-03-02 11:10:01] ⚠️ 无activeTasks数据
[2026-03-02 11:10:01] 🔍 检查系统资源...
[2026-03-02 11:10:01] 📊 分析组织效率...
[2026-03-02 11:10:01] 📄 报告已生成: /Users/variya/.openclaw/workspace/.commander/monitor_reports/MONITOR_REPORT_20260302_111001.md
[2026-03-02 11:10:01] ============================================================
[2026-03-02 11:10:01] ✅ 监控完成
[2026-03-02 11:10:01]    Agent: 0 健康, 0 警告, 0 严重
[2026-03-02 11:10:01]    任务: 0 活跃, 0 超时
[2026-03-02 11:10:01]    告警: 0 个
[2026-03-02 11:20:00] 🦞 统一系统监控器启动
[2026-03-02 11:20:00] ============================================================
[2026-03-02 11:20:00] 🔍 检查Agent健康状态...
[2026-03-02 11:20:00] ⚠️ 无agentStates数据
[2026-03-02 11:20:00] 🔍 检查任务超时...
[2026-03-02 11:20:00] ⚠️ 无activeTasks数据
[2026-03-02 11:20:00] 🔍 检查系统资源...
[2026-03-02 11:20:00] 📊 分析组织效率...
[2026-03-02 11:20:00] 📄 报告已生成: /Users/variya/.openclaw/workspace/.commander/monitor_reports/MONITOR_REPORT_20260302_112000.md
[2026-03-02 11:20:00] ============================================================
[2026-03-02 11:20:00] ✅ 监控完成
[2026-03-02 11:20:00]    Agent: 0 健康, 0 警告, 0 严重
[2026-03-02 11:20:00]    任务: 0 活跃, 0 超时
[2026-03-02 11:20:00]    告警: 0 个
[2026-03-02 11:30:00] 🦞 统一系统监控器启动
[2026-03-02 11:30:00] ============================================================
[2026-03-02 11:30:00] 🔍 检查Agent健康状态...
[2026-03-02 11:30:00] ⚠️ 无agentStates数据
[2026-03-02 11:30:00] 🔍 检查任务超时...
[2026-03-02 11:30:00] ⚠️ 无activeTasks数据
[2026-03-02 11:30:00] 🔍 检查系统资源...
[2026-03-02 11:30:00] 📊 分析组织效率...
[2026-03-02 11:30:00] 📄 报告已生成: /Users/variya/.openclaw/workspace/.commander/monitor_reports/MONITOR_REPORT_20260302_113000.md
[2026-03-02 11:30:00] ============================================================
[2026-03-02 11:30:00] ✅ 监控完成
[2026-03-02 11:30:00]    Agent: 0 健康, 0 警告, 0 严重
[2026-03-02 11:30:00]    任务: 0 活跃, 0 超时
[2026-03-02 11:30:00]    告警: 0 个
[2026-03-02 13:30:30] 🦞 统一系统监控器启动
[2026-03-02 13:30:30] ============================================================
[2026-03-02 13:30:30] 🔍 检查Agent健康状态...
[2026-03-02 13:30:30] ⚠️ 无agentStates数据
[2026-03-02 13:30:30] 🔍 检查任务超时...
[2026-03-02 13:30:30] ⚠️ 无activeTasks数据
[2026-03-02 13:30:30] 🔍 检查系统资源...
[2026-03-02 13:30:30] 📊 分析组织效率...
[2026-03-02 13:30:30] 📄 报告已生成: /Users/variya/.openclaw/workspace/.commander/monitor_reports/MONITOR_REPORT_20260302_133030.md
[2026-03-02 13:30:30] ============================================================
[2026-03-02 13:30:30] ✅ 监控完成
[2026-03-02 13:30:30]    Agent: 0 健康, 0 警告, 0 严重
[2026-03-02 13:30:30]    任务: 0 活跃, 0 超时
[2026-03-02 13:30:30]    告警: 0 个
[2026-03-02 13:40:00] 🦞 统一系统监控器启动
[2026-03-02 13:40:00] ============================================================
[2026-03-02 13:40:00] 🔍 检查Agent健康状态...
[2026-03-02 13:40:00] ⚠️ 无agentStates数据
[2026-03-02 13:40:00] 🔍 检查任务超时...
[2026-03-02 13:40:00] ⚠️ 无activeTasks数据
[2026-03-02 13:40:00] 🔍 检查系统资源...
[2026-03-02 13:40:01] 📊 分析组织效率...
[2026-03-02 13:40:01] 📄 报告已生成: /Users/variya/.openclaw/workspace/.commander/monitor_reports/MONITOR_REPORT_20260302_134001.md
[2026-03-02 13:40:01] ============================================================
[2026-03-02 13:40:01] ✅ 监控完成
[2026-03-02 13:40:01]    Agent: 0 健康, 0 警告, 0 严重
[2026-03-02 13:40:01]    任务: 0 活跃, 0 超时
[2026-03-02 13:40:01]    告警: 0 个
