⏰ 任务超时处理器启动
============================================================
💾 任务状态已备份: /Users/variya/.openclaw/workspace/.commander/task_state_backups/TASK_STATE_20260227_045000.json

📊 超时处理完成
  检查任务: 1个
  超时任务: 0个
  已处理: 0个
  重新分配建议: 0个
  报告文件: /Users/variya/.openclaw/workspace/.commander/TASK_TIMEOUT_REPORT.md
============================================================
⏰ 任务超时处理器启动
============================================================
💾 任务状态已备份: /Users/variya/.openclaw/workspace/.commander/task_state_backups/TASK_STATE_20260227_050000.json
✅ 无活跃任务，退出
⏰ 任务超时处理器启动
============================================================
💾 任务状态已备份: /Users/variya/.openclaw/workspace/.commander/task_state_backups/TASK_STATE_20260227_051000.json
✅ 无活跃任务，退出
⏰ 任务超时处理器启动
============================================================
💾 任务状态已备份: /Users/variya/.openclaw/workspace/.commander/task_state_backups/TASK_STATE_20260227_052000.json
✅ 无活跃任务，退出
⏰ 任务超时处理器启动
============================================================
💾 任务状态已备份: /Users/variya/.openclaw/workspace/.commander/task_state_backups/TASK_STATE_20260227_053001.json
✅ 无活跃任务，退出
⏰ 任务超时处理器启动
============================================================
💾 任务状态已备份: /Users/variya/.openclaw/workspace/.commander/task_state_backups/TASK_STATE_20260227_054000.json
✅ 无活跃任务，退出
⏰ 任务超时处理器启动
============================================================
💾 任务状态已备份: /Users/variya/.openclaw/workspace/.commander/task_state_backups/TASK_STATE_20260227_055000.json
✅ 无活跃任务，退出
⏰ 任务超时处理器启动
============================================================
💾 任务状态已备份: /Users/variya/.openclaw/workspace/.commander/task_state_backups/TASK_STATE_20260227_060000.json
✅ 无活跃任务，退出
⏰ 任务超时处理器启动
============================================================
💾 任务状态已备份: /Users/variya/.openclaw/workspace/.commander/task_state_backups/TASK_STATE_20260227_061000.json
✅ 无活跃任务，退出
⏰ 任务超时处理器启动
============================================================
💾 任务状态已备份: /Users/variya/.openclaw/workspace/.commander/task_state_backups/TASK_STATE_20260227_062000.json
✅ 无活跃任务，退出
⏰ 任务超时处理器启动
============================================================
💾 任务状态已备份: /Users/variya/.openclaw/workspace/.commander/task_state_backups/TASK_STATE_20260227_063000.json
✅ 无活跃任务，退出
⏰ 任务超时处理器启动
============================================================
💾 任务状态已备份: /Users/variya/.openclaw/workspace/.commander/task_state_backups/TASK_STATE_20260227_064000.json
✅ 无活跃任务，退出
⏰ 任务超时处理器启动
============================================================
💾 任务状态已备份: /Users/variya/.openclaw/workspace/.commander/task_state_backups/TASK_STATE_20260227_065000.json
✅ 无活跃任务，退出
⏰ 任务超时处理器启动
============================================================
💾 任务状态已备份: /Users/variya/.openclaw/workspace/.commander/task_state_backups/TASK_STATE_20260227_070000.json
✅ 无活跃任务，退出
⏰ 任务超时处理器启动
============================================================
💾 任务状态已备份: /Users/variya/.openclaw/workspace/.commander/task_state_backups/TASK_STATE_20260227_071001.json
✅ 无活跃任务，退出
⏰ 任务超时处理器启动
============================================================
💾 任务状态已备份: /Users/variya/.openclaw/workspace/.commander/task_state_backups/TASK_STATE_20260227_072000.json
✅ 无活跃任务，退出
⏰ 任务超时处理器启动
============================================================
💾 任务状态已备份: /Users/variya/.openclaw/workspace/.commander/task_state_backups/TASK_STATE_20260227_073000.json
✅ 无活跃任务，退出
⏰ 任务超时处理器启动
============================================================
💾 任务状态已备份: /Users/variya/.openclaw/workspace/.commander/task_state_backups/TASK_STATE_20260227_074000.json
✅ 无活跃任务，退出
⏰ 任务超时处理器启动
============================================================
💾 任务状态已备份: /Users/variya/.openclaw/workspace/.commander/task_state_backups/TASK_STATE_20260227_075000.json
✅ 无活跃任务，退出
⏰ 任务超时处理器启动
============================================================
💾 任务状态已备份: /Users/variya/.openclaw/workspace/.commander/task_state_backups/TASK_STATE_20260227_080000.json
✅ 无活跃任务，退出
⏰ 任务超时处理器启动
============================================================
💾 任务状态已备份: /Users/variya/.openclaw/workspace/.commander/task_state_backups/TASK_STATE_20260227_081000.json
✅ 无活跃任务，退出
⏰ 任务超时处理器启动
============================================================
💾 任务状态已备份: /Users/variya/.openclaw/workspace/.commander/task_state_backups/TASK_STATE_20260227_082000.json
✅ 无活跃任务，退出
⏰ 任务超时处理器启动
============================================================
💾 任务状态已备份: /Users/variya/.openclaw/workspace/.commander/task_state_backups/TASK_STATE_20260227_083001.json
✅ 无活跃任务，退出
⏰ 任务超时处理器启动
============================================================
💾 任务状态已备份: /Users/variya/.openclaw/workspace/.commander/task_state_backups/TASK_STATE_20260227_084000.json
✅ 无活跃任务，退出
⏰ 任务超时处理器启动
============================================================
💾 任务状态已备份: /Users/variya/.openclaw/workspace/.commander/task_state_backups/TASK_STATE_20260227_085000.json
✅ 无活跃任务，退出
⏰ 任务超时处理器启动
============================================================
💾 任务状态已备份: /Users/variya/.openclaw/workspace/.commander/task_state_backups/TASK_STATE_20260227_090000.json
✅ 无活跃任务，退出
⏰ 任务超时处理器启动
============================================================
💾 任务状态已备份: /Users/variya/.openclaw/workspace/.commander/task_state_backups/TASK_STATE_20260227_091000.json
✅ 无活跃任务，退出
⏰ 任务超时处理器启动
============================================================
💾 任务状态已备份: /Users/variya/.openclaw/workspace/.commander/task_state_backups/TASK_STATE_20260227_092313.json
✅ 无活跃任务，退出
⏰ 任务超时处理器启动
============================================================
💾 任务状态已备份: /Users/variya/.openclaw/workspace/.commander/task_state_backups/TASK_STATE_20260227_102440.json
✅ 无活跃任务，退出
⏰ 任务超时处理器启动
============================================================
💾 任务状态已备份: /Users/variya/.openclaw/workspace/.commander/task_state_backups/TASK_STATE_20260227_112553.json
✅ 无活跃任务，退出
⏰ 任务超时处理器启动
============================================================
💾 任务状态已备份: /Users/variya/.openclaw/workspace/.commander/task_state_backups/TASK_STATE_20260227_123024.json
✅ 无活跃任务，退出
⏰ 任务超时处理器启动
============================================================
💾 任务状态已备份: /Users/variya/.openclaw/workspace/.commander/task_state_backups/TASK_STATE_20260227_133000.json
✅ 无活跃任务，退出
⏰ 任务超时处理器启动
============================================================
💾 任务状态已备份: /Users/variya/.openclaw/workspace/.commander/task_state_backups/TASK_STATE_20260227_151001.json
✅ 无活跃任务，退出
⏰ 任务超时处理器启动
============================================================
💾 任务状态已备份: /Users/variya/.openclaw/workspace/.commander/task_state_backups/TASK_STATE_20260227_152000.json
✅ 无活跃任务，退出
⏰ 任务超时处理器启动
============================================================
💾 任务状态已备份: /Users/variya/.openclaw/workspace/.commander/task_state_backups/TASK_STATE_20260227_153000.json
✅ 无活跃任务，退出
⏰ 任务超时处理器启动
============================================================
💾 任务状态已备份: /Users/variya/.openclaw/workspace/.commander/task_state_backups/TASK_STATE_20260227_154000.json
✅ 无活跃任务，退出
⏰ 任务超时处理器启动
============================================================
💾 任务状态已备份: /Users/variya/.openclaw/workspace/.commander/task_state_backups/TASK_STATE_20260227_155000.json
✅ 无活跃任务，退出
⏰ 任务超时处理器启动
============================================================
💾 任务状态已备份: /Users/variya/.openclaw/workspace/.commander/task_state_backups/TASK_STATE_20260227_160000.json
✅ 无活跃任务，退出
⏰ 任务超时处理器启动
============================================================
💾 任务状态已备份: /Users/variya/.openclaw/workspace/.commander/task_state_backups/TASK_STATE_20260227_161000.json
✅ 无活跃任务，退出
⏰ 任务超时处理器启动
============================================================
💾 任务状态已备份: /Users/variya/.openclaw/workspace/.commander/task_state_backups/TASK_STATE_20260227_162000.json
✅ 无活跃任务，退出
⏰ 任务超时处理器启动
============================================================
💾 任务状态已备份: /Users/variya/.openclaw/workspace/.commander/task_state_backups/TASK_STATE_20260227_163000.json
✅ 无活跃任务，退出
⏰ 任务超时处理器启动
============================================================
💾 任务状态已备份: /Users/variya/.openclaw/workspace/.commander/task_state_backups/TASK_STATE_20260227_164000.json
✅ 无活跃任务，退出
⏰ 任务超时处理器启动
============================================================
💾 任务状态已备份: /Users/variya/.openclaw/workspace/.commander/task_state_backups/TASK_STATE_20260227_165000.json
✅ 无活跃任务，退出
⏰ 任务超时处理器启动
============================================================
💾 任务状态已备份: /Users/variya/.openclaw/workspace/.commander/task_state_backups/TASK_STATE_20260227_170000.json
✅ 无活跃任务，退出
⏰ 任务超时处理器启动
============================================================
💾 任务状态已备份: /Users/variya/.openclaw/workspace/.commander/task_state_backups/TASK_STATE_20260227_171000.json
✅ 无活跃任务，退出
⏰ 任务超时处理器启动
============================================================
💾 任务状态已备份: /Users/variya/.openclaw/workspace/.commander/task_state_backups/TASK_STATE_20260227_172001.json
✅ 无活跃任务，退出
⏰ 任务超时处理器启动
============================================================
💾 任务状态已备份: /Users/variya/.openclaw/workspace/.commander/task_state_backups/TASK_STATE_20260227_173000.json
✅ 无活跃任务，退出
⏰ 任务超时处理器启动
============================================================
💾 任务状态已备份: /Users/variya/.openclaw/workspace/.commander/task_state_backups/TASK_STATE_20260227_174000.json
✅ 无活跃任务，退出
⏰ 任务超时处理器启动
============================================================
💾 任务状态已备份: /Users/variya/.openclaw/workspace/.commander/task_state_backups/TASK_STATE_20260227_175001.json
✅ 无活跃任务，退出
⏰ 任务超时处理器启动
============================================================
💾 任务状态已备份: /Users/variya/.openclaw/workspace/.commander/task_state_backups/TASK_STATE_20260227_180000.json
✅ 无活跃任务，退出
⏰ 任务超时处理器启动
============================================================
💾 任务状态已备份: /Users/variya/.openclaw/workspace/.commander/task_state_backups/TASK_STATE_20260227_181001.json
✅ 无活跃任务，退出
⏰ 任务超时处理器启动
============================================================
💾 任务状态已备份: /Users/variya/.openclaw/workspace/.commander/task_state_backups/TASK_STATE_20260227_182000.json
✅ 无活跃任务，退出
⏰ 任务超时处理器启动
============================================================
💾 任务状态已备份: /Users/variya/.openclaw/workspace/.commander/task_state_backups/TASK_STATE_20260227_183000.json
✅ 无活跃任务，退出
⏰ 任务超时处理器启动
============================================================
💾 任务状态已备份: /Users/variya/.openclaw/workspace/.commander/task_state_backups/TASK_STATE_20260227_184000.json
✅ 无活跃任务，退出
⏰ 任务超时处理器启动
============================================================
💾 任务状态已备份: /Users/variya/.openclaw/workspace/.commander/task_state_backups/TASK_STATE_20260227_185000.json
✅ 无活跃任务，退出
⏰ 任务超时处理器启动
============================================================
💾 任务状态已备份: /Users/variya/.openclaw/workspace/.commander/task_state_backups/TASK_STATE_20260227_190000.json
✅ 无活跃任务，退出
⏰ 任务超时处理器启动
============================================================
💾 任务状态已备份: /Users/variya/.openclaw/workspace/.commander/task_state_backups/TASK_STATE_20260227_191001.json
✅ 无活跃任务，退出
⏰ 任务超时处理器启动
============================================================
💾 任务状态已备份: /Users/variya/.openclaw/workspace/.commander/task_state_backups/TASK_STATE_20260227_192001.json
✅ 无活跃任务，退出
⏰ 任务超时处理器启动
============================================================
💾 任务状态已备份: /Users/variya/.openclaw/workspace/.commander/task_state_backups/TASK_STATE_20260227_193000.json
✅ 无活跃任务，退出
⏰ 任务超时处理器启动
============================================================
💾 任务状态已备份: /Users/variya/.openclaw/workspace/.commander/task_state_backups/TASK_STATE_20260227_194000.json
✅ 无活跃任务，退出
⏰ 任务超时处理器启动
============================================================
💾 任务状态已备份: /Users/variya/.openclaw/workspace/.commander/task_state_backups/TASK_STATE_20260227_195000.json
✅ 无活跃任务，退出
⏰ 任务超时处理器启动
============================================================
💾 任务状态已备份: /Users/variya/.openclaw/workspace/.commander/task_state_backups/TASK_STATE_20260227_200001.json
✅ 无活跃任务，退出
⏰ 任务超时处理器启动
============================================================
💾 任务状态已备份: /Users/variya/.openclaw/workspace/.commander/task_state_backups/TASK_STATE_20260227_201000.json
✅ 无活跃任务，退出
⏰ 任务超时处理器启动
============================================================
💾 任务状态已备份: /Users/variya/.openclaw/workspace/.commander/task_state_backups/TASK_STATE_20260227_202000.json
✅ 无活跃任务，退出
⏰ 任务超时处理器启动
============================================================
💾 任务状态已备份: /Users/variya/.openclaw/workspace/.commander/task_state_backups/TASK_STATE_20260227_203000.json
✅ 无活跃任务，退出
⏰ 任务超时处理器启动
============================================================
💾 任务状态已备份: /Users/variya/.openclaw/workspace/.commander/task_state_backups/TASK_STATE_20260227_204001.json
✅ 无活跃任务，退出
⏰ 任务超时处理器启动
============================================================
💾 任务状态已备份: /Users/variya/.openclaw/workspace/.commander/task_state_backups/TASK_STATE_20260227_205001.json
✅ 无活跃任务，退出
⏰ 任务超时处理器启动
============================================================
💾 任务状态已备份: /Users/variya/.openclaw/workspace/.commander/task_state_backups/TASK_STATE_20260227_210000.json
Traceback (most recent call last):
  File "/Users/variya/.openclaw/workspace/.commander/task_timeout_handler.py", line 476, in <module>
    main()
  File "/Users/variya/.openclaw/workspace/.commander/task_timeout_handler.py", line 469, in main
    has_critical = handler.run()
  File "/Users/variya/.openclaw/workspace/.commander/task_timeout_handler.py", line 394, in run
    timeout_report = self.check_task_timeouts(task_state)
  File "/Users/variya/.openclaw/workspace/.commander/task_timeout_handler.py", line 134, in check_task_timeouts
    task_id = task.get('id')
AttributeError: 'str' object has no attribute 'get'
⏰ 任务超时处理器启动
============================================================
💾 任务状态已备份: /Users/variya/.openclaw/workspace/.commander/task_state_backups/TASK_STATE_20260227_211000.json
Traceback (most recent call last):
  File "/Users/variya/.openclaw/workspace/.commander/task_timeout_handler.py", line 476, in <module>
    main()
  File "/Users/variya/.openclaw/workspace/.commander/task_timeout_handler.py", line 469, in main
    has_critical = handler.run()
  File "/Users/variya/.openclaw/workspace/.commander/task_timeout_handler.py", line 394, in run
    timeout_report = self.check_task_timeouts(task_state)
  File "/Users/variya/.openclaw/workspace/.commander/task_timeout_handler.py", line 134, in check_task_timeouts
    task_id = task.get('id')
AttributeError: 'str' object has no attribute 'get'
⏰ 任务超时处理器启动
============================================================
💾 任务状态已备份: /Users/variya/.openclaw/workspace/.commander/task_state_backups/TASK_STATE_20260227_212000.json
Traceback (most recent call last):
  File "/Users/variya/.openclaw/workspace/.commander/task_timeout_handler.py", line 476, in <module>
    main()
  File "/Users/variya/.openclaw/workspace/.commander/task_timeout_handler.py", line 469, in main
    has_critical = handler.run()
  File "/Users/variya/.openclaw/workspace/.commander/task_timeout_handler.py", line 394, in run
    timeout_report = self.check_task_timeouts(task_state)
  File "/Users/variya/.openclaw/workspace/.commander/task_timeout_handler.py", line 134, in check_task_timeouts
    task_id = task.get('id')
AttributeError: 'str' object has no attribute 'get'
⏰ 任务超时处理器启动
============================================================
💾 任务状态已备份: /Users/variya/.openclaw/workspace/.commander/task_state_backups/TASK_STATE_20260227_213000.json
Traceback (most recent call last):
  File "/Users/variya/.openclaw/workspace/.commander/task_timeout_handler.py", line 476, in <module>
    main()
  File "/Users/variya/.openclaw/workspace/.commander/task_timeout_handler.py", line 469, in main
    has_critical = handler.run()
  File "/Users/variya/.openclaw/workspace/.commander/task_timeout_handler.py", line 394, in run
    timeout_report = self.check_task_timeouts(task_state)
  File "/Users/variya/.openclaw/workspace/.commander/task_timeout_handler.py", line 134, in check_task_timeouts
    task_id = task.get('id')
AttributeError: 'str' object has no attribute 'get'
⏰ 任务超时处理器启动
============================================================
💾 任务状态已备份: /Users/variya/.openclaw/workspace/.commander/task_state_backups/TASK_STATE_20260227_214000.json
Traceback (most recent call last):
  File "/Users/variya/.openclaw/workspace/.commander/task_timeout_handler.py", line 476, in <module>
    main()
  File "/Users/variya/.openclaw/workspace/.commander/task_timeout_handler.py", line 469, in main
    has_critical = handler.run()
  File "/Users/variya/.openclaw/workspace/.commander/task_timeout_handler.py", line 394, in run
    timeout_report = self.check_task_timeouts(task_state)
  File "/Users/variya/.openclaw/workspace/.commander/task_timeout_handler.py", line 134, in check_task_timeouts
    task_id = task.get('id')
AttributeError: 'str' object has no attribute 'get'
⏰ 任务超时处理器启动
============================================================
💾 任务状态已备份: /Users/variya/.openclaw/workspace/.commander/task_state_backups/TASK_STATE_20260227_215001.json
Traceback (most recent call last):
  File "/Users/variya/.openclaw/workspace/.commander/task_timeout_handler.py", line 476, in <module>
    main()
  File "/Users/variya/.openclaw/workspace/.commander/task_timeout_handler.py", line 469, in main
    has_critical = handler.run()
  File "/Users/variya/.openclaw/workspace/.commander/task_timeout_handler.py", line 394, in run
    timeout_report = self.check_task_timeouts(task_state)
  File "/Users/variya/.openclaw/workspace/.commander/task_timeout_handler.py", line 134, in check_task_timeouts
    task_id = task.get('id')
AttributeError: 'str' object has no attribute 'get'
⏰ 任务超时处理器启动
============================================================
💾 任务状态已备份: /Users/variya/.openclaw/workspace/.commander/task_state_backups/TASK_STATE_20260227_220000.json
Traceback (most recent call last):
  File "/Users/variya/.openclaw/workspace/.commander/task_timeout_handler.py", line 476, in <module>
    main()
  File "/Users/variya/.openclaw/workspace/.commander/task_timeout_handler.py", line 469, in main
    has_critical = handler.run()
  File "/Users/variya/.openclaw/workspace/.commander/task_timeout_handler.py", line 394, in run
    timeout_report = self.check_task_timeouts(task_state)
  File "/Users/variya/.openclaw/workspace/.commander/task_timeout_handler.py", line 134, in check_task_timeouts
    task_id = task.get('id')
AttributeError: 'str' object has no attribute 'get'
⏰ 任务超时处理器启动
============================================================
💾 任务状态已备份: /Users/variya/.openclaw/workspace/.commander/task_state_backups/TASK_STATE_20260227_221001.json
Traceback (most recent call last):
  File "/Users/variya/.openclaw/workspace/.commander/task_timeout_handler.py", line 476, in <module>
    main()
  File "/Users/variya/.openclaw/workspace/.commander/task_timeout_handler.py", line 469, in main
    has_critical = handler.run()
  File "/Users/variya/.openclaw/workspace/.commander/task_timeout_handler.py", line 394, in run
    timeout_report = self.check_task_timeouts(task_state)
  File "/Users/variya/.openclaw/workspace/.commander/task_timeout_handler.py", line 134, in check_task_timeouts
    task_id = task.get('id')
AttributeError: 'str' object has no attribute 'get'
⏰ 任务超时处理器启动
============================================================
💾 任务状态已备份: /Users/variya/.openclaw/workspace/.commander/task_state_backups/TASK_STATE_20260227_222001.json
Traceback (most recent call last):
  File "/Users/variya/.openclaw/workspace/.commander/task_timeout_handler.py", line 476, in <module>
    main()
  File "/Users/variya/.openclaw/workspace/.commander/task_timeout_handler.py", line 469, in main
    has_critical = handler.run()
  File "/Users/variya/.openclaw/workspace/.commander/task_timeout_handler.py", line 394, in run
    timeout_report = self.check_task_timeouts(task_state)
  File "/Users/variya/.openclaw/workspace/.commander/task_timeout_handler.py", line 134, in check_task_timeouts
    task_id = task.get('id')
AttributeError: 'str' object has no attribute 'get'
⏰ 任务超时处理器启动
============================================================
💾 任务状态已备份: /Users/variya/.openclaw/workspace/.commander/task_state_backups/TASK_STATE_20260227_223001.json
Traceback (most recent call last):
  File "/Users/variya/.openclaw/workspace/.commander/task_timeout_handler.py", line 476, in <module>
    main()
  File "/Users/variya/.openclaw/workspace/.commander/task_timeout_handler.py", line 469, in main
    has_critical = handler.run()
  File "/Users/variya/.openclaw/workspace/.commander/task_timeout_handler.py", line 394, in run
    timeout_report = self.check_task_timeouts(task_state)
  File "/Users/variya/.openclaw/workspace/.commander/task_timeout_handler.py", line 134, in check_task_timeouts
    task_id = task.get('id')
AttributeError: 'str' object has no attribute 'get'
⏰ 任务超时处理器启动
============================================================
💾 任务状态已备份: /Users/variya/.openclaw/workspace/.commander/task_state_backups/TASK_STATE_20260227_224000.json
Traceback (most recent call last):
  File "/Users/variya/.openclaw/workspace/.commander/task_timeout_handler.py", line 476, in <module>
    main()
  File "/Users/variya/.openclaw/workspace/.commander/task_timeout_handler.py", line 469, in main
    has_critical = handler.run()
  File "/Users/variya/.openclaw/workspace/.commander/task_timeout_handler.py", line 394, in run
    timeout_report = self.check_task_timeouts(task_state)
  File "/Users/variya/.openclaw/workspace/.commander/task_timeout_handler.py", line 134, in check_task_timeouts
    task_id = task.get('id')
AttributeError: 'str' object has no attribute 'get'
⏰ 任务超时处理器启动
============================================================
💾 任务状态已备份: /Users/variya/.openclaw/workspace/.commander/task_state_backups/TASK_STATE_20260227_225001.json
Traceback (most recent call last):
  File "/Users/variya/.openclaw/workspace/.commander/task_timeout_handler.py", line 476, in <module>
    main()
  File "/Users/variya/.openclaw/workspace/.commander/task_timeout_handler.py", line 469, in main
    has_critical = handler.run()
  File "/Users/variya/.openclaw/workspace/.commander/task_timeout_handler.py", line 394, in run
    timeout_report = self.check_task_timeouts(task_state)
  File "/Users/variya/.openclaw/workspace/.commander/task_timeout_handler.py", line 134, in check_task_timeouts
    task_id = task.get('id')
AttributeError: 'str' object has no attribute 'get'
⏰ 任务超时处理器启动
============================================================
💾 任务状态已备份: /Users/variya/.openclaw/workspace/.commander/task_state_backups/TASK_STATE_20260227_230000.json
Traceback (most recent call last):
  File "/Users/variya/.openclaw/workspace/.commander/task_timeout_handler.py", line 476, in <module>
    main()
  File "/Users/variya/.openclaw/workspace/.commander/task_timeout_handler.py", line 469, in main
    has_critical = handler.run()
  File "/Users/variya/.openclaw/workspace/.commander/task_timeout_handler.py", line 394, in run
    timeout_report = self.check_task_timeouts(task_state)
  File "/Users/variya/.openclaw/workspace/.commander/task_timeout_handler.py", line 134, in check_task_timeouts
    task_id = task.get('id')
AttributeError: 'str' object has no attribute 'get'
⏰ 任务超时处理器启动
============================================================
💾 任务状态已备份: /Users/variya/.openclaw/workspace/.commander/task_state_backups/TASK_STATE_20260227_231000.json
Traceback (most recent call last):
  File "/Users/variya/.openclaw/workspace/.commander/task_timeout_handler.py", line 476, in <module>
    main()
  File "/Users/variya/.openclaw/workspace/.commander/task_timeout_handler.py", line 469, in main
    has_critical = handler.run()
  File "/Users/variya/.openclaw/workspace/.commander/task_timeout_handler.py", line 394, in run
    timeout_report = self.check_task_timeouts(task_state)
  File "/Users/variya/.openclaw/workspace/.commander/task_timeout_handler.py", line 134, in check_task_timeouts
    task_id = task.get('id')
AttributeError: 'str' object has no attribute 'get'
⏰ 任务超时处理器启动
============================================================
💾 任务状态已备份: /Users/variya/.openclaw/workspace/.commander/task_state_backups/TASK_STATE_20260227_232001.json
Traceback (most recent call last):
  File "/Users/variya/.openclaw/workspace/.commander/task_timeout_handler.py", line 476, in <module>
    main()
  File "/Users/variya/.openclaw/workspace/.commander/task_timeout_handler.py", line 469, in main
    has_critical = handler.run()
  File "/Users/variya/.openclaw/workspace/.commander/task_timeout_handler.py", line 394, in run
    timeout_report = self.check_task_timeouts(task_state)
  File "/Users/variya/.openclaw/workspace/.commander/task_timeout_handler.py", line 134, in check_task_timeouts
    task_id = task.get('id')
AttributeError: 'str' object has no attribute 'get'
⏰ 任务超时处理器启动
============================================================
💾 任务状态已备份: /Users/variya/.openclaw/workspace/.commander/task_state_backups/TASK_STATE_20260227_233000.json
Traceback (most recent call last):
  File "/Users/variya/.openclaw/workspace/.commander/task_timeout_handler.py", line 476, in <module>
    main()
  File "/Users/variya/.openclaw/workspace/.commander/task_timeout_handler.py", line 469, in main
    has_critical = handler.run()
  File "/Users/variya/.openclaw/workspace/.commander/task_timeout_handler.py", line 394, in run
    timeout_report = self.check_task_timeouts(task_state)
  File "/Users/variya/.openclaw/workspace/.commander/task_timeout_handler.py", line 134, in check_task_timeouts
    task_id = task.get('id')
AttributeError: 'str' object has no attribute 'get'
⏰ 任务超时处理器启动
============================================================
💾 任务状态已备份: /Users/variya/.openclaw/workspace/.commander/task_state_backups/TASK_STATE_20260227_234000.json
Traceback (most recent call last):
  File "/Users/variya/.openclaw/workspace/.commander/task_timeout_handler.py", line 476, in <module>
    main()
  File "/Users/variya/.openclaw/workspace/.commander/task_timeout_handler.py", line 469, in main
    has_critical = handler.run()
  File "/Users/variya/.openclaw/workspace/.commander/task_timeout_handler.py", line 394, in run
    timeout_report = self.check_task_timeouts(task_state)
  File "/Users/variya/.openclaw/workspace/.commander/task_timeout_handler.py", line 134, in check_task_timeouts
    task_id = task.get('id')
AttributeError: 'str' object has no attribute 'get'
⏰ 任务超时处理器启动
============================================================
💾 任务状态已备份: /Users/variya/.openclaw/workspace/.commander/task_state_backups/TASK_STATE_20260227_235000.json
Traceback (most recent call last):
  File "/Users/variya/.openclaw/workspace/.commander/task_timeout_handler.py", line 476, in <module>
    main()
  File "/Users/variya/.openclaw/workspace/.commander/task_timeout_handler.py", line 469, in main
    has_critical = handler.run()
  File "/Users/variya/.openclaw/workspace/.commander/task_timeout_handler.py", line 394, in run
    timeout_report = self.check_task_timeouts(task_state)
  File "/Users/variya/.openclaw/workspace/.commander/task_timeout_handler.py", line 134, in check_task_timeouts
    task_id = task.get('id')
AttributeError: 'str' object has no attribute 'get'
⏰ 任务超时处理器启动
============================================================
💾 任务状态已备份: /Users/variya/.openclaw/workspace/.commander/task_state_backups/TASK_STATE_20260228_000001.json
Traceback (most recent call last):
  File "/Users/variya/.openclaw/workspace/.commander/task_timeout_handler.py", line 476, in <module>
    main()
  File "/Users/variya/.openclaw/workspace/.commander/task_timeout_handler.py", line 469, in main
    has_critical = handler.run()
  File "/Users/variya/.openclaw/workspace/.commander/task_timeout_handler.py", line 394, in run
    timeout_report = self.check_task_timeouts(task_state)
  File "/Users/variya/.openclaw/workspace/.commander/task_timeout_handler.py", line 134, in check_task_timeouts
    task_id = task.get('id')
AttributeError: 'str' object has no attribute 'get'
⏰ 任务超时处理器启动
============================================================
💾 任务状态已备份: /Users/variya/.openclaw/workspace/.commander/task_state_backups/TASK_STATE_20260228_001000.json
Traceback (most recent call last):
  File "/Users/variya/.openclaw/workspace/.commander/task_timeout_handler.py", line 476, in <module>
    main()
  File "/Users/variya/.openclaw/workspace/.commander/task_timeout_handler.py", line 469, in main
    has_critical = handler.run()
  File "/Users/variya/.openclaw/workspace/.commander/task_timeout_handler.py", line 394, in run
    timeout_report = self.check_task_timeouts(task_state)
  File "/Users/variya/.openclaw/workspace/.commander/task_timeout_handler.py", line 134, in check_task_timeouts
    task_id = task.get('id')
AttributeError: 'str' object has no attribute 'get'
⏰ 任务超时处理器启动
============================================================
💾 任务状态已备份: /Users/variya/.openclaw/workspace/.commander/task_state_backups/TASK_STATE_20260228_002000.json
Traceback (most recent call last):
  File "/Users/variya/.openclaw/workspace/.commander/task_timeout_handler.py", line 476, in <module>
    main()
  File "/Users/variya/.openclaw/workspace/.commander/task_timeout_handler.py", line 469, in main
    has_critical = handler.run()
  File "/Users/variya/.openclaw/workspace/.commander/task_timeout_handler.py", line 394, in run
    timeout_report = self.check_task_timeouts(task_state)
  File "/Users/variya/.openclaw/workspace/.commander/task_timeout_handler.py", line 134, in check_task_timeouts
    task_id = task.get('id')
AttributeError: 'str' object has no attribute 'get'
⏰ 任务超时处理器启动
============================================================
💾 任务状态已备份: /Users/variya/.openclaw/workspace/.commander/task_state_backups/TASK_STATE_20260228_003000.json
Traceback (most recent call last):
  File "/Users/variya/.openclaw/workspace/.commander/task_timeout_handler.py", line 476, in <module>
    main()
  File "/Users/variya/.openclaw/workspace/.commander/task_timeout_handler.py", line 469, in main
    has_critical = handler.run()
  File "/Users/variya/.openclaw/workspace/.commander/task_timeout_handler.py", line 394, in run
    timeout_report = self.check_task_timeouts(task_state)
  File "/Users/variya/.openclaw/workspace/.commander/task_timeout_handler.py", line 134, in check_task_timeouts
    task_id = task.get('id')
AttributeError: 'str' object has no attribute 'get'
⏰ 任务超时处理器启动
============================================================
💾 任务状态已备份: /Users/variya/.openclaw/workspace/.commander/task_state_backups/TASK_STATE_20260228_004001.json
✅ 无活跃任务，退出
⏰ 任务超时处理器启动
============================================================
💾 任务状态已备份: /Users/variya/.openclaw/workspace/.commander/task_state_backups/TASK_STATE_20260228_005000.json
✅ 无活跃任务，退出
⏰ 任务超时处理器启动
============================================================
💾 任务状态已备份: /Users/variya/.openclaw/workspace/.commander/task_state_backups/TASK_STATE_20260228_010000.json
✅ 无活跃任务，退出
⏰ 任务超时处理器启动
============================================================
💾 任务状态已备份: /Users/variya/.openclaw/workspace/.commander/task_state_backups/TASK_STATE_20260228_011000.json
✅ 无活跃任务，退出
⏰ 任务超时处理器启动
============================================================
💾 任务状态已备份: /Users/variya/.openclaw/workspace/.commander/task_state_backups/TASK_STATE_20260228_012000.json
✅ 无活跃任务，退出
⏰ 任务超时处理器启动
============================================================
💾 任务状态已备份: /Users/variya/.openclaw/workspace/.commander/task_state_backups/TASK_STATE_20260228_013000.json
✅ 无活跃任务，退出
⏰ 任务超时处理器启动
============================================================
💾 任务状态已备份: /Users/variya/.openclaw/workspace/.commander/task_state_backups/TASK_STATE_20260228_014000.json
✅ 无活跃任务，退出
⏰ 任务超时处理器启动
============================================================
💾 任务状态已备份: /Users/variya/.openclaw/workspace/.commander/task_state_backups/TASK_STATE_20260228_015000.json
✅ 无活跃任务，退出
⏰ 任务超时处理器启动
============================================================
💾 任务状态已备份: /Users/variya/.openclaw/workspace/.commander/task_state_backups/TASK_STATE_20260228_020000.json
✅ 无活跃任务，退出
⏰ 任务超时处理器启动
============================================================
💾 任务状态已备份: /Users/variya/.openclaw/workspace/.commander/task_state_backups/TASK_STATE_20260228_021001.json
✅ 无活跃任务，退出
⏰ 任务超时处理器启动
============================================================
💾 任务状态已备份: /Users/variya/.openclaw/workspace/.commander/task_state_backups/TASK_STATE_20260228_022000.json
✅ 无活跃任务，退出
⏰ 任务超时处理器启动
============================================================
💾 任务状态已备份: /Users/variya/.openclaw/workspace/.commander/task_state_backups/TASK_STATE_20260228_023000.json
✅ 无活跃任务，退出
⏰ 任务超时处理器启动
============================================================
💾 任务状态已备份: /Users/variya/.openclaw/workspace/.commander/task_state_backups/TASK_STATE_20260228_024000.json
✅ 无活跃任务，退出
⏰ 任务超时处理器启动
============================================================
💾 任务状态已备份: /Users/variya/.openclaw/workspace/.commander/task_state_backups/TASK_STATE_20260228_025000.json
✅ 无活跃任务，退出
⏰ 任务超时处理器启动
============================================================
💾 任务状态已备份: /Users/variya/.openclaw/workspace/.commander/task_state_backups/TASK_STATE_20260228_030000.json
✅ 无活跃任务，退出
⏰ 任务超时处理器启动
============================================================
💾 任务状态已备份: /Users/variya/.openclaw/workspace/.commander/task_state_backups/TASK_STATE_20260228_031000.json
✅ 无活跃任务，退出
⏰ 任务超时处理器启动
============================================================
💾 任务状态已备份: /Users/variya/.openclaw/workspace/.commander/task_state_backups/TASK_STATE_20260228_032000.json
✅ 无活跃任务，退出
⏰ 任务超时处理器启动
============================================================
💾 任务状态已备份: /Users/variya/.openclaw/workspace/.commander/task_state_backups/TASK_STATE_20260228_033000.json
✅ 无活跃任务，退出
⏰ 任务超时处理器启动
============================================================
💾 任务状态已备份: /Users/variya/.openclaw/workspace/.commander/task_state_backups/TASK_STATE_20260228_034001.json
✅ 无活跃任务，退出
⏰ 任务超时处理器启动
============================================================
💾 任务状态已备份: /Users/variya/.openclaw/workspace/.commander/task_state_backups/TASK_STATE_20260228_035000.json
✅ 无活跃任务，退出
⏰ 任务超时处理器启动
============================================================
💾 任务状态已备份: /Users/variya/.openclaw/workspace/.commander/task_state_backups/TASK_STATE_20260228_040000.json
✅ 无活跃任务，退出
⏰ 任务超时处理器启动
============================================================
💾 任务状态已备份: /Users/variya/.openclaw/workspace/.commander/task_state_backups/TASK_STATE_20260228_041000.json
✅ 无活跃任务，退出
⏰ 任务超时处理器启动
============================================================
💾 任务状态已备份: /Users/variya/.openclaw/workspace/.commander/task_state_backups/TASK_STATE_20260228_042000.json
✅ 无活跃任务，退出
⏰ 任务超时处理器启动
============================================================
💾 任务状态已备份: /Users/variya/.openclaw/workspace/.commander/task_state_backups/TASK_STATE_20260228_052000.json
✅ 无活跃任务，退出
⏰ 任务超时处理器启动
============================================================
💾 任务状态已备份: /Users/variya/.openclaw/workspace/.commander/task_state_backups/TASK_STATE_20260228_071215.json
✅ 无活跃任务，退出
⏰ 任务超时处理器启动
============================================================
💾 任务状态已备份: /Users/variya/.openclaw/workspace/.commander/task_state_backups/TASK_STATE_20260228_072051.json
✅ 无活跃任务，退出
⏰ 任务超时处理器启动
============================================================
💾 任务状态已备份: /Users/variya/.openclaw/workspace/.commander/task_state_backups/TASK_STATE_20260228_073036.json
✅ 无活跃任务，退出
⏰ 任务超时处理器启动
============================================================
💾 任务状态已备份: /Users/variya/.openclaw/workspace/.commander/task_state_backups/TASK_STATE_20260228_074946.json
✅ 无活跃任务，退出
⏰ 任务超时处理器启动
============================================================
💾 任务状态已备份: /Users/variya/.openclaw/workspace/.commander/task_state_backups/TASK_STATE_20260228_075000.json
✅ 无活跃任务，退出
⏰ 任务超时处理器启动
============================================================
💾 任务状态已备份: /Users/variya/.openclaw/workspace/.commander/task_state_backups/TASK_STATE_20260228_080000.json
✅ 无活跃任务，退出
⏰ 任务超时处理器启动
============================================================
💾 任务状态已备份: /Users/variya/.openclaw/workspace/.commander/task_state_backups/TASK_STATE_20260228_081000.json
✅ 无活跃任务，退出
⏰ 任务超时处理器启动
============================================================
💾 任务状态已备份: /Users/variya/.openclaw/workspace/.commander/task_state_backups/TASK_STATE_20260228_082000.json
⚠️ 任务状态中没有activeTasks数据
✅ 无活跃任务，退出
⏰ 任务超时处理器启动
============================================================
💾 任务状态已备份: /Users/variya/.openclaw/workspace/.commander/task_state_backups/TASK_STATE_20260228_083001.json
⚠️ 任务状态中没有activeTasks数据
✅ 无活跃任务，退出
⏰ 任务超时处理器启动
============================================================
💾 任务状态已备份: /Users/variya/.openclaw/workspace/.commander/task_state_backups/TASK_STATE_20260228_084000.json
⚠️ 任务状态中没有activeTasks数据
✅ 无活跃任务，退出
⏰ 任务超时处理器启动
============================================================
💾 任务状态已备份: /Users/variya/.openclaw/workspace/.commander/task_state_backups/TASK_STATE_20260228_085000.json
⚠️ 任务状态中没有activeTasks数据
✅ 无活跃任务，退出
⏰ 任务超时处理器启动
============================================================
💾 任务状态已备份: /Users/variya/.openclaw/workspace/.commander/task_state_backups/TASK_STATE_20260228_090001.json
⚠️ 任务状态中没有activeTasks数据
✅ 无活跃任务，退出
⏰ 任务超时处理器启动
============================================================
💾 任务状态已备份: /Users/variya/.openclaw/workspace/.commander/task_state_backups/TASK_STATE_20260228_091000.json
⚠️ 任务状态中没有activeTasks数据
✅ 无活跃任务，退出
⏰ 任务超时处理器启动
============================================================
💾 任务状态已备份: /Users/variya/.openclaw/workspace/.commander/task_state_backups/TASK_STATE_20260228_092000.json
⚠️ 任务状态中没有activeTasks数据
✅ 无活跃任务，退出
⏰ 任务超时处理器启动
============================================================
💾 任务状态已备份: /Users/variya/.openclaw/workspace/.commander/task_state_backups/TASK_STATE_20260228_093001.json
⚠️ 任务状态中没有activeTasks数据
✅ 无活跃任务，退出
⏰ 任务超时处理器启动
============================================================
💾 任务状态已备份: /Users/variya/.openclaw/workspace/.commander/task_state_backups/TASK_STATE_20260228_094000.json
⚠️ 任务状态中没有activeTasks数据
✅ 无活跃任务，退出
⏰ 任务超时处理器启动
============================================================
💾 任务状态已备份: /Users/variya/.openclaw/workspace/.commander/task_state_backups/TASK_STATE_20260228_095000.json
⚠️ 任务状态中没有activeTasks数据
✅ 无活跃任务，退出
⏰ 任务超时处理器启动
============================================================
💾 任务状态已备份: /Users/variya/.openclaw/workspace/.commander/task_state_backups/TASK_STATE_20260228_100001.json
⚠️ 任务状态中没有activeTasks数据
✅ 无活跃任务，退出
⏰ 任务超时处理器启动
============================================================
💾 任务状态已备份: /Users/variya/.openclaw/workspace/.commander/task_state_backups/TASK_STATE_20260228_101000.json
⚠️ 任务状态中没有activeTasks数据
✅ 无活跃任务，退出
⏰ 任务超时处理器启动
============================================================
💾 任务状态已备份: /Users/variya/.openclaw/workspace/.commander/task_state_backups/TASK_STATE_20260228_102000.json
⚠️ 任务状态中没有activeTasks数据
✅ 无活跃任务，退出
⏰ 任务超时处理器启动
============================================================
💾 任务状态已备份: /Users/variya/.openclaw/workspace/.commander/task_state_backups/TASK_STATE_20260228_103000.json
⚠️ 任务状态中没有activeTasks数据
✅ 无活跃任务，退出
⏰ 任务超时处理器启动
============================================================
💾 任务状态已备份: /Users/variya/.openclaw/workspace/.commander/task_state_backups/TASK_STATE_20260228_104000.json
⚠️ 任务状态中没有activeTasks数据
✅ 无活跃任务，退出
⏰ 任务超时处理器启动
============================================================
💾 任务状态已备份: /Users/variya/.openclaw/workspace/.commander/task_state_backups/TASK_STATE_20260228_105000.json
⚠️ 任务状态中没有activeTasks数据
✅ 无活跃任务，退出
⏰ 任务超时处理器启动
============================================================
💾 任务状态已备份: /Users/variya/.openclaw/workspace/.commander/task_state_backups/TASK_STATE_20260228_110000.json
⚠️ 任务状态中没有activeTasks数据
✅ 无活跃任务，退出
⏰ 任务超时处理器启动
============================================================
💾 任务状态已备份: /Users/variya/.openclaw/workspace/.commander/task_state_backups/TASK_STATE_20260228_111001.json
⚠️ 任务状态中没有activeTasks数据
✅ 无活跃任务，退出
⏰ 任务超时处理器启动
============================================================
💾 任务状态已备份: /Users/variya/.openclaw/workspace/.commander/task_state_backups/TASK_STATE_20260228_112000.json
⚠️ 任务状态中没有activeTasks数据
✅ 无活跃任务，退出
⏰ 任务超时处理器启动
============================================================
💾 任务状态已备份: /Users/variya/.openclaw/workspace/.commander/task_state_backups/TASK_STATE_20260228_113000.json
⚠️ 任务状态中没有activeTasks数据
✅ 无活跃任务，退出
⏰ 任务超时处理器启动
============================================================
💾 任务状态已备份: /Users/variya/.openclaw/workspace/.commander/task_state_backups/TASK_STATE_20260228_114001.json
⚠️ 任务状态中没有activeTasks数据
✅ 无活跃任务，退出
⏰ 任务超时处理器启动
============================================================
💾 任务状态已备份: /Users/variya/.openclaw/workspace/.commander/task_state_backups/TASK_STATE_20260228_115000.json
⚠️ 任务状态中没有activeTasks数据
✅ 无活跃任务，退出
⏰ 任务超时处理器启动
============================================================
💾 任务状态已备份: /Users/variya/.openclaw/workspace/.commander/task_state_backups/TASK_STATE_20260228_120000.json
⚠️ 任务状态中没有activeTasks数据
✅ 无活跃任务，退出
⏰ 任务超时处理器启动
============================================================
💾 任务状态已备份: /Users/variya/.openclaw/workspace/.commander/task_state_backups/TASK_STATE_20260228_121000.json
⚠️ 任务状态中没有activeTasks数据
✅ 无活跃任务，退出
⏰ 任务超时处理器启动
============================================================
💾 任务状态已备份: /Users/variya/.openclaw/workspace/.commander/task_state_backups/TASK_STATE_20260228_122000.json
⚠️ 任务状态中没有activeTasks数据
✅ 无活跃任务，退出
⏰ 任务超时处理器启动
============================================================
💾 任务状态已备份: /Users/variya/.openclaw/workspace/.commander/task_state_backups/TASK_STATE_20260228_123000.json
⚠️ 任务状态中没有activeTasks数据
✅ 无活跃任务，退出
⏰ 任务超时处理器启动
============================================================
💾 任务状态已备份: /Users/variya/.openclaw/workspace/.commander/task_state_backups/TASK_STATE_20260228_124001.json
⚠️ 任务状态中没有activeTasks数据
✅ 无活跃任务，退出
⏰ 任务超时处理器启动
============================================================
💾 任务状态已备份: /Users/variya/.openclaw/workspace/.commander/task_state_backups/TASK_STATE_20260228_125000.json
⚠️ 任务状态中没有activeTasks数据
✅ 无活跃任务，退出
⏰ 任务超时处理器启动
============================================================
💾 任务状态已备份: /Users/variya/.openclaw/workspace/.commander/task_state_backups/TASK_STATE_20260228_130000.json
⚠️ 任务状态中没有activeTasks数据
✅ 无活跃任务，退出
⏰ 任务超时处理器启动
============================================================
💾 任务状态已备份: /Users/variya/.openclaw/workspace/.commander/task_state_backups/TASK_STATE_20260228_131000.json
⚠️ 任务状态中没有activeTasks数据
✅ 无活跃任务，退出
⏰ 任务超时处理器启动
============================================================
💾 任务状态已备份: /Users/variya/.openclaw/workspace/.commander/task_state_backups/TASK_STATE_20260228_132001.json
⚠️ 任务状态中没有activeTasks数据
✅ 无活跃任务，退出
⏰ 任务超时处理器启动
============================================================
💾 任务状态已备份: /Users/variya/.openclaw/workspace/.commander/task_state_backups/TASK_STATE_20260228_133000.json
⚠️ 任务状态中没有activeTasks数据
✅ 无活跃任务，退出
⏰ 任务超时处理器启动
============================================================
💾 任务状态已备份: /Users/variya/.openclaw/workspace/.commander/task_state_backups/TASK_STATE_20260228_134000.json
⚠️ 任务状态中没有activeTasks数据
✅ 无活跃任务，退出
⏰ 任务超时处理器启动
============================================================
💾 任务状态已备份: /Users/variya/.openclaw/workspace/.commander/task_state_backups/TASK_STATE_20260228_135000.json
⚠️ 任务状态中没有activeTasks数据
✅ 无活跃任务，退出
⏰ 任务超时处理器启动
============================================================
💾 任务状态已备份: /Users/variya/.openclaw/workspace/.commander/task_state_backups/TASK_STATE_20260228_140000.json
⚠️ 任务状态中没有activeTasks数据
✅ 无活跃任务，退出
⏰ 任务超时处理器启动
============================================================
💾 任务状态已备份: /Users/variya/.openclaw/workspace/.commander/task_state_backups/TASK_STATE_20260228_141000.json
⚠️ 任务状态中没有activeTasks数据
✅ 无活跃任务，退出
⏰ 任务超时处理器启动
============================================================
💾 任务状态已备份: /Users/variya/.openclaw/workspace/.commander/task_state_backups/TASK_STATE_20260228_142000.json
⚠️ 任务状态中没有activeTasks数据
✅ 无活跃任务，退出
⏰ 任务超时处理器启动
============================================================
💾 任务状态已备份: /Users/variya/.openclaw/workspace/.commander/task_state_backups/TASK_STATE_20260228_143001.json
⚠️ 任务状态中没有activeTasks数据
✅ 无活跃任务，退出
⏰ 任务超时处理器启动
============================================================
💾 任务状态已备份: /Users/variya/.openclaw/workspace/.commander/task_state_backups/TASK_STATE_20260228_144000.json
⚠️ 任务状态中没有activeTasks数据
✅ 无活跃任务，退出
⏰ 任务超时处理器启动
============================================================
💾 任务状态已备份: /Users/variya/.openclaw/workspace/.commander/task_state_backups/TASK_STATE_20260228_145000.json
⚠️ 任务状态中没有activeTasks数据
✅ 无活跃任务，退出
⏰ 任务超时处理器启动
============================================================
💾 任务状态已备份: /Users/variya/.openclaw/workspace/.commander/task_state_backups/TASK_STATE_20260228_150000.json
⚠️ 任务状态中没有activeTasks数据
✅ 无活跃任务，退出
⏰ 任务超时处理器启动
============================================================
💾 任务状态已备份: /Users/variya/.openclaw/workspace/.commander/task_state_backups/TASK_STATE_20260228_151000.json
⚠️ 任务状态中没有activeTasks数据
✅ 无活跃任务，退出
⏰ 任务超时处理器启动
============================================================
💾 任务状态已备份: /Users/variya/.openclaw/workspace/.commander/task_state_backups/TASK_STATE_20260228_152000.json
⚠️ 任务状态中没有activeTasks数据
✅ 无活跃任务，退出
⏰ 任务超时处理器启动
============================================================
💾 任务状态已备份: /Users/variya/.openclaw/workspace/.commander/task_state_backups/TASK_STATE_20260228_153000.json
⚠️ 任务状态中没有activeTasks数据
✅ 无活跃任务，退出
⏰ 任务超时处理器启动
============================================================
💾 任务状态已备份: /Users/variya/.openclaw/workspace/.commander/task_state_backups/TASK_STATE_20260228_154001.json
⚠️ 任务状态中没有activeTasks数据
✅ 无活跃任务，退出
⏰ 任务超时处理器启动
============================================================
💾 任务状态已备份: /Users/variya/.openclaw/workspace/.commander/task_state_backups/TASK_STATE_20260228_155000.json
⚠️ 任务状态中没有activeTasks数据
✅ 无活跃任务，退出
⏰ 任务超时处理器启动
============================================================
💾 任务状态已备份: /Users/variya/.openclaw/workspace/.commander/task_state_backups/TASK_STATE_20260228_160000.json
⚠️ 任务状态中没有activeTasks数据
✅ 无活跃任务，退出
⏰ 任务超时处理器启动
============================================================
💾 任务状态已备份: /Users/variya/.openclaw/workspace/.commander/task_state_backups/TASK_STATE_20260228_161000.json
⚠️ 任务状态中没有activeTasks数据
✅ 无活跃任务，退出
⏰ 任务超时处理器启动
============================================================
💾 任务状态已备份: /Users/variya/.openclaw/workspace/.commander/task_state_backups/TASK_STATE_20260228_162000.json
⚠️ 任务状态中没有activeTasks数据
✅ 无活跃任务，退出
⏰ 任务超时处理器启动
============================================================
💾 任务状态已备份: /Users/variya/.openclaw/workspace/.commander/task_state_backups/TASK_STATE_20260228_163000.json
⚠️ 任务状态中没有activeTasks数据
✅ 无活跃任务，退出
⏰ 任务超时处理器启动
============================================================
💾 任务状态已备份: /Users/variya/.openclaw/workspace/.commander/task_state_backups/TASK_STATE_20260228_164000.json
⚠️ 任务状态中没有activeTasks数据
✅ 无活跃任务，退出
⏰ 任务超时处理器启动
============================================================
💾 任务状态已备份: /Users/variya/.openclaw/workspace/.commander/task_state_backups/TASK_STATE_20260228_165000.json
⚠️ 任务状态中没有activeTasks数据
✅ 无活跃任务，退出
⏰ 任务超时处理器启动
============================================================
💾 任务状态已备份: /Users/variya/.openclaw/workspace/.commander/task_state_backups/TASK_STATE_20260228_170000.json
⚠️ 任务状态中没有activeTasks数据
✅ 无活跃任务，退出
⏰ 任务超时处理器启动
============================================================
💾 任务状态已备份: /Users/variya/.openclaw/workspace/.commander/task_state_backups/TASK_STATE_20260228_171000.json
⚠️ 任务状态中没有activeTasks数据
✅ 无活跃任务，退出
⏰ 任务超时处理器启动
============================================================
💾 任务状态已备份: /Users/variya/.openclaw/workspace/.commander/task_state_backups/TASK_STATE_20260228_172001.json
⚠️ 任务状态中没有activeTasks数据
✅ 无活跃任务，退出
⏰ 任务超时处理器启动
============================================================
💾 任务状态已备份: /Users/variya/.openclaw/workspace/.commander/task_state_backups/TASK_STATE_20260228_173000.json
⚠️ 任务状态中没有activeTasks数据
✅ 无活跃任务，退出
⏰ 任务超时处理器启动
============================================================
💾 任务状态已备份: /Users/variya/.openclaw/workspace/.commander/task_state_backups/TASK_STATE_20260228_174000.json
⚠️ 任务状态中没有activeTasks数据
✅ 无活跃任务，退出
⏰ 任务超时处理器启动
============================================================
💾 任务状态已备份: /Users/variya/.openclaw/workspace/.commander/task_state_backups/TASK_STATE_20260228_175000.json
⚠️ 任务状态中没有activeTasks数据
✅ 无活跃任务，退出
⏰ 任务超时处理器启动
============================================================
💾 任务状态已备份: /Users/variya/.openclaw/workspace/.commander/task_state_backups/TASK_STATE_20260228_180000.json
⚠️ 任务状态中没有activeTasks数据
✅ 无活跃任务，退出
⏰ 任务超时处理器启动
============================================================
💾 任务状态已备份: /Users/variya/.openclaw/workspace/.commander/task_state_backups/TASK_STATE_20260228_181000.json
⚠️ 任务状态中没有activeTasks数据
✅ 无活跃任务，退出
⏰ 任务超时处理器启动
============================================================
💾 任务状态已备份: /Users/variya/.openclaw/workspace/.commander/task_state_backups/TASK_STATE_20260228_182001.json
⚠️ 任务状态中没有activeTasks数据
✅ 无活跃任务，退出
⏰ 任务超时处理器启动
============================================================
💾 任务状态已备份: /Users/variya/.openclaw/workspace/.commander/task_state_backups/TASK_STATE_20260228_183000.json
⚠️ 任务状态中没有activeTasks数据
✅ 无活跃任务，退出
⏰ 任务超时处理器启动
============================================================
💾 任务状态已备份: /Users/variya/.openclaw/workspace/.commander/task_state_backups/TASK_STATE_20260228_184000.json
⚠️ 任务状态中没有activeTasks数据
✅ 无活跃任务，退出
⏰ 任务超时处理器启动
============================================================
💾 任务状态已备份: /Users/variya/.openclaw/workspace/.commander/task_state_backups/TASK_STATE_20260228_185000.json
⚠️ 任务状态中没有activeTasks数据
✅ 无活跃任务，退出
⏰ 任务超时处理器启动
============================================================
💾 任务状态已备份: /Users/variya/.openclaw/workspace/.commander/task_state_backups/TASK_STATE_20260228_190000.json
⚠️ 任务状态中没有activeTasks数据
✅ 无活跃任务，退出
⏰ 任务超时处理器启动
============================================================
💾 任务状态已备份: /Users/variya/.openclaw/workspace/.commander/task_state_backups/TASK_STATE_20260228_191000.json
⚠️ 任务状态中没有activeTasks数据
✅ 无活跃任务，退出
⏰ 任务超时处理器启动
============================================================
💾 任务状态已备份: /Users/variya/.openclaw/workspace/.commander/task_state_backups/TASK_STATE_20260228_192001.json
⚠️ 任务状态中没有activeTasks数据
✅ 无活跃任务，退出
⏰ 任务超时处理器启动
============================================================
💾 任务状态已备份: /Users/variya/.openclaw/workspace/.commander/task_state_backups/TASK_STATE_20260228_193000.json
⚠️ 任务状态中没有activeTasks数据
✅ 无活跃任务，退出
⏰ 任务超时处理器启动
============================================================
💾 任务状态已备份: /Users/variya/.openclaw/workspace/.commander/task_state_backups/TASK_STATE_20260228_194000.json
⚠️ 任务状态中没有activeTasks数据
✅ 无活跃任务，退出
⏰ 任务超时处理器启动
============================================================
💾 任务状态已备份: /Users/variya/.openclaw/workspace/.commander/task_state_backups/TASK_STATE_20260228_195000.json
⚠️ 任务状态中没有activeTasks数据
✅ 无活跃任务，退出
⏰ 任务超时处理器启动
============================================================
💾 任务状态已备份: /Users/variya/.openclaw/workspace/.commander/task_state_backups/TASK_STATE_20260228_200000.json
⚠️ 任务状态中没有activeTasks数据
✅ 无活跃任务，退出
⏰ 任务超时处理器启动
============================================================
💾 任务状态已备份: /Users/variya/.openclaw/workspace/.commander/task_state_backups/TASK_STATE_20260228_201001.json
⚠️ 任务状态中没有activeTasks数据
✅ 无活跃任务，退出
